[ 2017-08-29T22:35:14+08:00 ] 127.0.0.1 /Api/Interface/index?class=VOne&method=isStart&openid=oJu9JszLW5DKwERWH6NqoRRcQVYM
INFO: [ app_init ] --START--
INFO: Run Behavior\BuildLiteBehavior [ RunTime:0.000000s ]
INFO: [ app_init ] --END-- [ RunTime:0.001001s ]
INFO: [ app_begin ] --START--
INFO: Run Behavior\ReadHtmlCacheBehavior [ RunTime:0.001000s ]
INFO: [ app_begin ] --END-- [ RunTime:0.001000s ]
INFO: [ app_end ] --START--
INFO: Run Behavior\ShowPageTraceBehavior [ RunTime:0.019001s ]
INFO: [ app_end ] --END-- [ RunTime:0.019001s ]

[ 2017-08-29T22:36:35+08:00 ] 127.0.0.1 /Api/Interface/index?class=VOne&method=isStart&openid=oJu9JszLW5DKwERWH6NqoRRcQVYM
INFO: [ app_init ] --START--
INFO: Run Behavior\BuildLiteBehavior [ RunTime:0.001000s ]
INFO: [ app_init ] --END-- [ RunTime:0.001000s ]
INFO: [ app_begin ] --START--
INFO: Run Behavior\ReadHtmlCacheBehavior [ RunTime:0.001000s ]
INFO: [ app_begin ] --END-- [ RunTime:0.002000s ]
NOTIC: [8] Undefined index: params D:\WWW\game\admin.com\Application\Api\Controller\InterfaceController.class.php 第 31 行.
NOTIC: [2] Invalid argument supplied for foreach() D:\WWW\game\ThinkPHP\Common\functions.php 第 449 行.
NOTIC: [8] Undefined index: status_code D:\WWW\game\admin.com\Application\Api\Controller\InterfaceController.class.php 第 42 行.

[ 2017-08-29T22:37:03+08:00 ] 127.0.0.1 /Api/Interface/index?class=VOne&method=isStart&openid=oJu9JszLW5DKwERWH6NqoRRcQVYM
INFO: [ app_init ] --START--
INFO: Run Behavior\BuildLiteBehavior [ RunTime:0.000000s ]
INFO: [ app_init ] --END-- [ RunTime:0.000000s ]
INFO: [ app_begin ] --START--
INFO: Run Behavior\ReadHtmlCacheBehavior [ RunTime:0.000000s ]
INFO: [ app_begin ] --END-- [ RunTime:0.002000s ]
NOTIC: [8] Undefined index: params D:\WWW\game\admin.com\Application\Api\Controller\InterfaceController.class.php 第 30 行.
NOTIC: [2] Invalid argument supplied for foreach() D:\WWW\game\ThinkPHP\Common\functions.php 第 449 行.
NOTIC: [8] Undefined index: status_code D:\WWW\game\admin.com\Application\Api\Controller\InterfaceController.class.php 第 41 行.

[ 2017-08-29T22:37:37+08:00 ] 127.0.0.1 /Api/Interface/index?class=VOne&method=isStart&openid=oJu9JszLW5DKwERWH6NqoRRcQVYM
INFO: [ app_init ] --START--
INFO: Run Behavior\BuildLiteBehavior [ RunTime:0.000000s ]
INFO: [ app_init ] --END-- [ RunTime:0.001000s ]
INFO: [ app_begin ] --START--
INFO: Run Behavior\ReadHtmlCacheBehavior [ RunTime:0.000000s ]
INFO: [ app_begin ] --END-- [ RunTime:0.002000s ]
NOTIC: [8] Undefined index: params D:\WWW\game\admin.com\Application\Api\Controller\InterfaceController.class.php 第 30 行.
NOTIC: [2] Invalid argument supplied for foreach() D:\WWW\game\ThinkPHP\Common\functions.php 第 449 行.
NOTIC: [8] Undefined index: openid D:\WWW\game\admin.com\Application\Api\Controller\VOneController.class.php 第 13 行.

[ 2017-08-29T22:37:46+08:00 ] 127.0.0.1 /Api/Interface/index?class=VOne&method=isStart&openid=oJu9JszLW5DKwERWH6NqoRRcQVYM
INFO: [ app_init ] --START--
INFO: Run Behavior\BuildLiteBehavior [ RunTime:0.000000s ]
INFO: [ app_init ] --END-- [ RunTime:0.001000s ]
INFO: [ app_begin ] --START--
INFO: Run Behavior\ReadHtmlCacheBehavior [ RunTime:0.000000s ]
INFO: [ app_begin ] --END-- [ RunTime:0.002000s ]
NOTIC: [8] Undefined index: params D:\WWW\game\admin.com\Application\Api\Controller\InterfaceController.class.php 第 30 行.
NOTIC: [2] Invalid argument supplied for foreach() D:\WWW\game\ThinkPHP\Common\functions.php 第 449 行.
NOTIC: [8] Undefined index: openid D:\WWW\game\admin.com\Application\Api\Controller\VOneController.class.php 第 13 行.

[ 2017-08-29T22:38:08+08:00 ] 127.0.0.1 /Api/Interface/index?class=VOne&method=isStart&openid=oJu9JszLW5DKwERWH6NqoRRcQVYM
INFO: [ app_init ] --START--
INFO: Run Behavior\BuildLiteBehavior [ RunTime:0.000000s ]
INFO: [ app_init ] --END-- [ RunTime:0.002000s ]
INFO: [ app_begin ] --START--
INFO: Run Behavior\ReadHtmlCacheBehavior [ RunTime:0.000000s ]
INFO: [ app_begin ] --END-- [ RunTime:0.002000s ]
NOTIC: [8] Undefined index: params D:\WWW\game\admin.com\Application\Api\Controller\InterfaceController.class.php 第 30 行.
NOTIC: [2] Invalid argument supplied for foreach() D:\WWW\game\ThinkPHP\Common\functions.php 第 449 行.
NOTIC: [8] Undefined index: openid D:\WWW\game\admin.com\Application\Api\Controller\VOneController.class.php 第 13 行.

[ 2017-08-29T22:38:40+08:00 ] 127.0.0.1 /Api/Interface/index?class=VOne&method=isStart&params={%22openid%22:oJu9JszLW5DKwERWH6NqoRRcQVYM}
INFO: [ app_init ] --START--
INFO: Run Behavior\BuildLiteBehavior [ RunTime:0.000000s ]
INFO: [ app_init ] --END-- [ RunTime:0.000000s ]
INFO: [ app_begin ] --START--
INFO: Run Behavior\ReadHtmlCacheBehavior [ RunTime:0.001000s ]
INFO: [ app_begin ] --END-- [ RunTime:0.001000s ]
NOTIC: [2] Invalid argument supplied for foreach() D:\WWW\game\ThinkPHP\Common\functions.php 第 449 行.
NOTIC: [8] Undefined index: openid D:\WWW\game\admin.com\Application\Api\Controller\VOneController.class.php 第 13 行.

[ 2017-08-29T22:39:08+08:00 ] 127.0.0.1 /Api/Interface/index?class=VOne&method=isStart&params={%22openid%22:oJu9JszLW5DKwERWH6NqoRRcQVYM}
INFO: [ app_init ] --START--
INFO: Run Behavior\BuildLiteBehavior [ RunTime:0.000000s ]
INFO: [ app_init ] --END-- [ RunTime:0.001000s ]
INFO: [ app_begin ] --START--
INFO: Run Behavior\ReadHtmlCacheBehavior [ RunTime:0.001000s ]
INFO: [ app_begin ] --END-- [ RunTime:0.001000s ]

[ 2017-08-29T22:39:45+08:00 ] 127.0.0.1 /Api/Interface/index?class=VOne&method=isStart&params={%22openid%22:oJu9JszLW5DKwERWH6NqoRRcQVYM}
INFO: [ app_init ] --START--
INFO: Run Behavior\BuildLiteBehavior [ RunTime:0.000000s ]
INFO: [ app_init ] --END-- [ RunTime:0.001000s ]
INFO: [ app_begin ] --START--
INFO: Run Behavior\ReadHtmlCacheBehavior [ RunTime:0.001000s ]
INFO: [ app_begin ] --END-- [ RunTime:0.002000s ]

[ 2017-08-29T22:40:00+08:00 ] 127.0.0.1 /Api/Interface/index?class=VOne&method=isStart&params={%22openid%22:%22oJu9JszLW5DKwERWH6NqoRRcQVYM%22}
INFO: [ app_init ] --START--
INFO: Run Behavior\BuildLiteBehavior [ RunTime:0.000000s ]
INFO: [ app_init ] --END-- [ RunTime:0.000000s ]
INFO: [ app_begin ] --START--
INFO: Run Behavior\ReadHtmlCacheBehavior [ RunTime:0.000000s ]
INFO: [ app_begin ] --END-- [ RunTime:0.002000s ]

[ 2017-08-29T22:40:21+08:00 ] 127.0.0.1 /Api/Interface/index?class=VOne&method=isStart&params={%22openid%22:%22oJu9JszLW5DKwERWH6NqoRRcQVYM%22}
INFO: [ app_init ] --START--
INFO: Run Behavior\BuildLiteBehavior [ RunTime:0.000000s ]
INFO: [ app_init ] --END-- [ RunTime:0.002000s ]
INFO: [ app_begin ] --START--
INFO: Run Behavior\ReadHtmlCacheBehavior [ RunTime:0.001000s ]
INFO: [ app_begin ] --END-- [ RunTime:0.001000s ]

[ 2017-08-29T22:40:21+08:00 ] 127.0.0.1 /Api/Interface/index?class=VOne&method=isStart&params={%22openid%22:%22oJu9JszLW5DKwERWH6NqoRRcQVYM%22}
INFO: [ app_init ] --START--
INFO: Run Behavior\BuildLiteBehavior [ RunTime:0.000000s ]
INFO: [ app_init ] --END-- [ RunTime:0.001000s ]
INFO: [ app_begin ] --START--
INFO: Run Behavior\ReadHtmlCacheBehavior [ RunTime:0.001000s ]
INFO: [ app_begin ] --END-- [ RunTime:0.001000s ]

[ 2017-08-29T22:40:36+08:00 ] 127.0.0.1 /Api/Interface/index?class=VOne&method=isStart&params={%22openid%22:%22oJu9JszLW5DKwERWH6NqoRRcQVYM%22}
INFO: [ app_init ] --START--
INFO: Run Behavior\BuildLiteBehavior [ RunTime:0.000000s ]
INFO: [ app_init ] --END-- [ RunTime:0.001000s ]
INFO: [ app_begin ] --START--
INFO: Run Behavior\ReadHtmlCacheBehavior [ RunTime:0.001000s ]
INFO: [ app_begin ] --END-- [ RunTime:0.001000s ]

[ 2017-08-29T22:41:27+08:00 ] 127.0.0.1 /Api/Interface/index?class=VOne&method=isStart&params={%22openid%22:%22oJu9JszLW5DKwERWH6NqoRRcQVYM%22}
INFO: [ app_init ] --START--
INFO: Run Behavior\BuildLiteBehavior [ RunTime:0.000000s ]
INFO: [ app_init ] --END-- [ RunTime:0.001000s ]
INFO: [ app_begin ] --START--
INFO: Run Behavior\ReadHtmlCacheBehavior [ RunTime:0.001000s ]
INFO: [ app_begin ] --END-- [ RunTime:0.001000s ]

[ 2017-08-29T22:41:57+08:00 ] 127.0.0.1 /Api/Interface/index?class=VOne&method=isStart&params={%22openid%22:%22oJu9JszLW5DKwERWH6NqoRRcQVYM%22}
INFO: [ app_init ] --START--
INFO: Run Behavior\BuildLiteBehavior [ RunTime:0.000000s ]
INFO: [ app_init ] --END-- [ RunTime:0.001000s ]
INFO: [ app_begin ] --START--
INFO: Run Behavior\ReadHtmlCacheBehavior [ RunTime:0.001000s ]
INFO: [ app_begin ] --END-- [ RunTime:0.002000s ]
SQL: SHOW COLUMNS FROM `member` [ RunTime:0.0590s ]

[ 2017-08-29T22:43:26+08:00 ] 127.0.0.1 /Api/Interface/index?class=VOne&method=isStart&params={%22openid%22:%22oJu9JszLW5DKwERWH6NqoRRcQVYM%22}
INFO: [ app_init ] --START--
INFO: Run Behavior\BuildLiteBehavior [ RunTime:0.000000s ]
INFO: [ app_init ] --END-- [ RunTime:0.001000s ]
INFO: [ app_begin ] --START--
INFO: Run Behavior\ReadHtmlCacheBehavior [ RunTime:0.001000s ]
INFO: [ app_begin ] --END-- [ RunTime:0.001000s ]

[ 2017-08-29T22:44:44+08:00 ] 127.0.0.1 /Api/Interface/index?class=VOne&method=isStart&params={%22openid%22:%22oJu9JszLW5DKwERWH6NqoRRcQVYM%22}
INFO: [ app_init ] --START--
INFO: Run Behavior\BuildLiteBehavior [ RunTime:0.000000s ]
INFO: [ app_init ] --END-- [ RunTime:0.001000s ]
INFO: [ app_begin ] --START--
INFO: Run Behavior\ReadHtmlCacheBehavior [ RunTime:0.002000s ]
INFO: [ app_begin ] --END-- [ RunTime:0.002000s ]
SQL: SHOW COLUMNS FROM `member` [ RunTime:0.0590s ]
SQL: SELECT `id`,`amount`,`share` FROM `member` LIMIT 1   [ RunTime:0.0660s ]

[ 2017-08-29T22:45:13+08:00 ] 127.0.0.1 /Api/Interface/index?class=VOne&method=isStart&params={%22openid%22:%22oJu9JszLW5DKwERWH6NqoRRcQVYM%22}
INFO: [ app_init ] --START--
INFO: Run Behavior\BuildLiteBehavior [ RunTime:0.000000s ]
INFO: [ app_init ] --END-- [ RunTime:0.001000s ]
INFO: [ app_begin ] --START--
INFO: Run Behavior\ReadHtmlCacheBehavior [ RunTime:0.001000s ]
INFO: [ app_begin ] --END-- [ RunTime:0.002000s ]
SQL: SHOW COLUMNS FROM `member` [ RunTime:0.0620s ]
SQL: SELECT `id`,`amount`,`share` FROM `member` LIMIT 1   [ RunTime:0.0510s ]

[ 2017-08-29T22:45:54+08:00 ] 127.0.0.1 /Api/Interface/index?class=VOne&method=isStart&params={%22openid%22:%22oJu9JszLW5DKwERWH6NqoRRcQVYM%22}
INFO: [ app_init ] --START--
INFO: Run Behavior\BuildLiteBehavior [ RunTime:0.001000s ]
INFO: [ app_init ] --END-- [ RunTime:0.001000s ]
INFO: [ app_begin ] --START--
INFO: Run Behavior\ReadHtmlCacheBehavior [ RunTime:0.002000s ]
INFO: [ app_begin ] --END-- [ RunTime:0.002000s ]
SQL: SHOW COLUMNS FROM `member` [ RunTime:0.0480s ]
SQL: SELECT `id`,`amount`,`share` FROM `member` WHERE `openid` = 'oJu9JszLW5DKwERWH6NqoRRcQVYM' LIMIT 1   [ RunTime:0.0540s ]

[ 2017-08-29T22:47:24+08:00 ] 127.0.0.1 /Api/Interface/index?class=VOne&method=isStart&params={%22openid%22:%22oJu9JszLW5DKwERWH6NqoRRcQVYM%22}
INFO: [ app_init ] --START--
INFO: Run Behavior\BuildLiteBehavior [ RunTime:0.000000s ]
INFO: [ app_init ] --END-- [ RunTime:0.001000s ]
INFO: [ app_begin ] --START--
INFO: Run Behavior\ReadHtmlCacheBehavior [ RunTime:0.001000s ]
INFO: [ app_begin ] --END-- [ RunTime:0.002000s ]
SQL: SHOW COLUMNS FROM `member` [ RunTime:0.0550s ]
SQL: SELECT `id`,`amount`,`share` FROM `member` WHERE `openid` = 'oJu9JszLW5DKwERWH6NqoRRcQVYM' LIMIT 1   [ RunTime:0.0560s ]
SQL: SHOW COLUMNS FROM `order_info` [ RunTime:0.0580s ]
NOTIC: [2] Missing argument 1 for Think\Model::where(), called in D:\WWW\game\admin.com\Application\Api\Model\OrderInfoModel.class.php on line 16 and defined D:\WWW\game\ThinkPHP\Library\Think\Model.class.php 第 1998 行.
NOTIC: [8] Undefined variable: where D:\WWW\game\ThinkPHP\Library\Think\Model.class.php 第 2007 行.
NOTIC: [8] Undefined variable: where D:\WWW\game\ThinkPHP\Library\Think\Model.class.php 第 2010 行.
NOTIC: [8] Undefined variable: where D:\WWW\game\ThinkPHP\Library\Think\Model.class.php 第 2018 行.
SQL: SELECT `goods_name`,`goods_num`,`shipping_status`,shipping_sn as deliver FROM `order_info`  [ RunTime:0.0710s ]
NOTIC: [8] Undefined index: status_code D:\WWW\game\admin.com\Application\Api\Controller\InterfaceController.class.php 第 41 行.

[ 2017-08-29T22:49:27+08:00 ] 127.0.0.1 /Api/Interface/index?class=VOne&method=isStart&params={%22openid%22:%22oJu9JszLW5DKwERWH6NqoRRcQVYM%22}
INFO: [ app_init ] --START--
INFO: Run Behavior\BuildLiteBehavior [ RunTime:0.000000s ]
INFO: [ app_init ] --END-- [ RunTime:0.001000s ]
INFO: [ app_begin ] --START--
INFO: Run Behavior\ReadHtmlCacheBehavior [ RunTime:0.001000s ]
INFO: [ app_begin ] --END-- [ RunTime:0.002000s ]
SQL: SHOW COLUMNS FROM `member` [ RunTime:0.0530s ]
SQL: SELECT `id`,`amount`,`share` FROM `member` WHERE `openid` = 'oJu9JszLW5DKwERWH6NqoRRcQVYM' LIMIT 1   [ RunTime:0.0520s ]
SQL: SHOW COLUMNS FROM `order_info` [ RunTime:0.0470s ]
SQL: SELECT `goods_name`,`goods_num`,`shipping_status`,shipping_sn as deliver FROM `order_info` WHERE `member_id` = 23  [ RunTime:0.0540s ]
NOTIC: [8] Undefined index: status_code D:\WWW\game\admin.com\Application\Api\Controller\InterfaceController.class.php 第 41 行.

[ 2017-08-29T22:50:49+08:00 ] 127.0.0.1 /Api/Interface/index?class=VOne&method=store&params={%22openid%22:%22oJu9JszLW5DKwERWH6NqoRRcQVYM%22,%22amount%22:10}
INFO: [ app_init ] --START--
INFO: Run Behavior\BuildLiteBehavior [ RunTime:0.000000s ]
INFO: [ app_init ] --END-- [ RunTime:0.001000s ]
INFO: [ app_begin ] --START--
INFO: Run Behavior\ReadHtmlCacheBehavior [ RunTime:0.002000s ]
INFO: [ app_begin ] --END-- [ RunTime:0.002000s ]
SQL: SHOW COLUMNS FROM `member` [ RunTime:0.0530s ]
SQL: UPDATE `member` SET `amount`='10' WHERE `openid` = 'oJu9JszLW5DKwERWH6NqoRRcQVYM' [ RunTime:0.0430s ]
NOTIC: [8] Undefined index: status_code D:\WWW\game\admin.com\Application\Api\Controller\InterfaceController.class.php 第 41 行.

[ 2017-08-29T22:55:01+08:00 ] 127.0.0.1 /Api/Interface/index?class=VOne&method=store&params={%22openid%22:%22oJu9JszLW5DKwERWH6NqoRRcQVYM%22,%22amount%22:10}
INFO: [ app_init ] --START--
INFO: Run Behavior\BuildLiteBehavior [ RunTime:0.000000s ]
INFO: [ app_init ] --END-- [ RunTime:0.001000s ]
INFO: [ app_begin ] --START--
INFO: Run Behavior\ReadHtmlCacheBehavior [ RunTime:0.001000s ]
INFO: [ app_begin ] --END-- [ RunTime:0.003000s ]
SQL: SHOW COLUMNS FROM `member` [ RunTime:0.0680s ]
SQL: UPDATE `member` SET `amount`='10' WHERE `openid` = 'oJu9JszLW5DKwERWH6NqoRRcQVYM' [ RunTime:0.0460s ]
NOTIC: [8] Undefined index: status_code D:\WWW\game\admin.com\Application\Api\Controller\InterfaceController.class.php 第 41 行.

[ 2017-08-29T22:56:41+08:00 ] 127.0.0.1 /Api/Interface/index?class=VOne&method=store&params={%22openid%22:%22oJu9JszLW5DKwERWH6NqoRRcQVYM%22,%22amount%22:10}
INFO: [ app_init ] --START--
INFO: Run Behavior\BuildLiteBehavior [ RunTime:0.000000s ]
INFO: [ app_init ] --END-- [ RunTime:0.002001s ]
INFO: [ app_begin ] --START--
INFO: Run Behavior\ReadHtmlCacheBehavior [ RunTime:0.001000s ]
INFO: [ app_begin ] --END-- [ RunTime:0.001000s ]
SQL: SHOW COLUMNS FROM `member` [ RunTime:0.0560s ]
SQL: UPDATE `member` SET `amount`=amount+10 WHERE `openid` = 'oJu9JszLW5DKwERWH6NqoRRcQVYM' [ RunTime:0.0510s ]
NOTIC: [8] Undefined index: status_code D:\WWW\game\admin.com\Application\Api\Controller\InterfaceController.class.php 第 41 行.

[ 2017-08-29T22:59:07+08:00 ] 127.0.0.1 /Api/Interface/index?class=VOne&method=getGoods&params={%22%22:%22%22}
INFO: [ app_init ] --START--
INFO: Run Behavior\BuildLiteBehavior [ RunTime:0.000000s ]
INFO: [ app_init ] --END-- [ RunTime:0.001000s ]
INFO: [ app_begin ] --START--
INFO: Run Behavior\ReadHtmlCacheBehavior [ RunTime:0.001000s ]
INFO: [ app_begin ] --END-- [ RunTime:0.002000s ]
SQL: SHOW COLUMNS FROM `goods` [ RunTime:0.0530s ]

[ 2017-08-29T22:59:29+08:00 ] 127.0.0.1 /Api/Interface/index?class=VOne&method=getGoods&params={%22%22:%22%22}
INFO: [ app_init ] --START--
INFO: Run Behavior\BuildLiteBehavior [ RunTime:0.000000s ]
INFO: [ app_init ] --END-- [ RunTime:0.001000s ]
INFO: [ app_begin ] --START--
INFO: Run Behavior\ReadHtmlCacheBehavior [ RunTime:0.001000s ]
INFO: [ app_begin ] --END-- [ RunTime:0.001000s ]
SQL: SHOW COLUMNS FROM `goods` [ RunTime:0.0880s ]
SQL: SELECT `id`,`name`,`shop_price`,`logo`,`keyword`,`stock` FROM `goods` WHERE `status` = 1 ORDER BY sort  [ RunTime:0.1910s ]
NOTIC: [8] Undefined index: status_code D:\WWW\game\admin.com\Application\Api\Controller\InterfaceController.class.php 第 41 行.

[ 2017-08-29T23:26:41+08:00 ] 127.0.0.1 /Api/Interface/index?class=VOne&method=getGoods&params={%22%22:%22%22}
INFO: [ app_init ] --START--
INFO: Run Behavior\BuildLiteBehavior [ RunTime:0.000000s ]
INFO: [ app_init ] --END-- [ RunTime:0.012001s ]
INFO: [ app_begin ] --START--
INFO: Run Behavior\ReadHtmlCacheBehavior [ RunTime:0.031001s ]
INFO: [ app_begin ] --END-- [ RunTime:0.032002s ]
INFO: [ app_end ] --START--
INFO: Run Behavior\ShowPageTraceBehavior [ RunTime:0.022001s ]
INFO: [ app_end ] --END-- [ RunTime:0.022001s ]

