[ 2015-11-01T12:44:05+08:00 ] 127.0.0.1 /Supplier/changStatus/id/5/status/-1.html
ERR: 非法操作:changStatus

[ 2015-11-01T12:49:11+08:00 ] 127.0.0.1 /Supplier/changStatus/id/5/status/-1.html
ERR: 非法操作:changStatus

[ 2015-11-01T12:49:17+08:00 ] 127.0.0.1 /Supplier/changStatus/id/5/status/-1.html
ERR: 非法操作:changStatus

[ 2015-11-01T14:59:23+08:00 ] 127.0.0.1 /Supplier/__forword__.html
ERR: 非法操作:__forword__

[ 2015-11-01T15:00:19+08:00 ] 127.0.0.1 /Supplier/__forword__.html
ERR: 非法操作:__forword__

[ 2015-11-01T21:48:17+08:00 ] 127.0.0.1 /Supplier/changeStatus/id/9/status/0.html
INFO: [ app_begin ] --START--
INFO: Run Behavior\ReadHtmlCacheBehavior [ RunTime:0.002000s ]
INFO: [ app_begin ] --END-- [ RunTime:0.003000s ]
SQL: SHOW COLUMNS FROM `supplier` [ RunTime:0.0070s ]
SQL: UPDATE `supplier` SET `status`='0' WHERE `id` = 9 [ RunTime:0.0000s ]

[ 2015-11-01T21:49:35+08:00 ] 127.0.0.1 /Supplier/changeStatus/id/9/status/1.html
INFO: [ app_begin ] --START--
INFO: Run Behavior\ReadHtmlCacheBehavior [ RunTime:0.001000s ]
INFO: [ app_begin ] --END-- [ RunTime:0.003001s ]
SQL: SHOW COLUMNS FROM `supplier` [ RunTime:0.0060s ]
SQL: UPDATE `supplier` SET `status`='1' WHERE `id` = 9 [ RunTime:0.0010s ]

[ 2015-11-01T21:51:30+08:00 ] 127.0.0.1 /Supplier/changeStatus/id/9/status/0.html
INFO: [ app_begin ] --START--
INFO: Run Behavior\ReadHtmlCacheBehavior [ RunTime:0.001000s ]
INFO: [ app_begin ] --END-- [ RunTime:0.003001s ]
SQL: SHOW COLUMNS FROM `supplier` [ RunTime:0.0070s ]
SQL: UPDATE `supplier` SET `status`='0' WHERE `id` = 9 [ RunTime:0.0010s ]

[ 2015-11-01T21:51:42+08:00 ] 127.0.0.1 /Supplier/changeStatus/id/9/status/1.html
INFO: [ app_begin ] --START--
INFO: Run Behavior\ReadHtmlCacheBehavior [ RunTime:0.002000s ]
INFO: [ app_begin ] --END-- [ RunTime:0.003000s ]
SQL: SHOW COLUMNS FROM `supplier` [ RunTime:0.0070s ]
SQL: UPDATE `supplier` SET `status`='1' WHERE `id` = 9 [ RunTime:0.0010s ]

[ 2015-11-01T21:52:43+08:00 ] 127.0.0.1 /Supplier/changeStatus/id/8/status/1.html
INFO: [ app_begin ] --START--
INFO: Run Behavior\ReadHtmlCacheBehavior [ RunTime:0.001000s ]
INFO: [ app_begin ] --END-- [ RunTime:0.002000s ]
SQL: SHOW COLUMNS FROM `supplier` [ RunTime:0.0070s ]
SQL: UPDATE `supplier` SET `status`='1' WHERE `id` = 8 [ RunTime:0.0010s ]

[ 2015-11-01T21:53:31+08:00 ] 127.0.0.1 /Supplier/changeStatus/id/9/status/0.html
INFO: [ app_begin ] --START--
INFO: Run Behavior\ReadHtmlCacheBehavior [ RunTime:0.001001s ]
INFO: [ app_begin ] --END-- [ RunTime:0.003001s ]
SQL: SHOW COLUMNS FROM `supplier` [ RunTime:0.0080s ]
SQL: UPDATE `supplier` SET `status`='0' WHERE `id` = 9 [ RunTime:0.0010s ]

[ 2015-11-01T21:53:43+08:00 ] 127.0.0.1 /Supplier/changeStatus/id/9/status/1.html
INFO: [ app_begin ] --START--
INFO: Run Behavior\ReadHtmlCacheBehavior [ RunTime:0.001001s ]
INFO: [ app_begin ] --END-- [ RunTime:0.002001s ]
SQL: SHOW COLUMNS FROM `supplier` [ RunTime:0.0070s ]
SQL: UPDATE `supplier` SET `status`='1' WHERE `id` = 9 [ RunTime:0.0010s ]

[ 2015-11-01T21:55:07+08:00 ] 127.0.0.1 /Supplier/changeStatus/id/9/status/0.html
INFO: [ app_begin ] --START--
INFO: Run Behavior\ReadHtmlCacheBehavior [ RunTime:0.001000s ]
INFO: [ app_begin ] --END-- [ RunTime:0.003000s ]
SQL: SHOW COLUMNS FROM `supplier` [ RunTime:0.0080s ]
SQL: UPDATE `supplier` SET `status`='0' WHERE `id` = 9 [ RunTime:0.0000s ]

[ 2015-11-01T21:55:10+08:00 ] 127.0.0.1 /Supplier/changeStatus/id/8/status/0.html
INFO: [ app_begin ] --START--
INFO: Run Behavior\ReadHtmlCacheBehavior [ RunTime:0.001001s ]
INFO: [ app_begin ] --END-- [ RunTime:0.003001s ]
SQL: SHOW COLUMNS FROM `supplier` [ RunTime:0.0100s ]
SQL: UPDATE `supplier` SET `status`='0' WHERE `id` = 8 [ RunTime:0.0000s ]

[ 2015-11-01T21:56:24+08:00 ] 127.0.0.1 /Supplier/changeStatus/id/9/status/0.html
INFO: [ app_begin ] --START--
INFO: Run Behavior\ReadHtmlCacheBehavior [ RunTime:0.002001s ]
INFO: [ app_begin ] --END-- [ RunTime:0.002001s ]
SQL: SHOW COLUMNS FROM `supplier` [ RunTime:0.0070s ]
SQL: UPDATE `supplier` SET `status`='0' WHERE `id` = 9 [ RunTime:0.0010s ]

[ 2015-11-01T21:56:50+08:00 ] 127.0.0.1 /Supplier/changeStatus/id/9/status/0.html
INFO: [ app_begin ] --START--
INFO: Run Behavior\ReadHtmlCacheBehavior [ RunTime:0.001000s ]
INFO: [ app_begin ] --END-- [ RunTime:0.002000s ]
SQL: SHOW COLUMNS FROM `supplier` [ RunTime:0.0070s ]
SQL: UPDATE `supplier` SET `status`='0' WHERE `id` = 9 [ RunTime:0.0010s ]

[ 2015-11-01T21:56:55+08:00 ] 127.0.0.1 /Supplier/changeStatus/id/9/status/0.html
INFO: [ app_begin ] --START--
INFO: Run Behavior\ReadHtmlCacheBehavior [ RunTime:0.001000s ]
INFO: [ app_begin ] --END-- [ RunTime:0.001000s ]
SQL: SHOW COLUMNS FROM `supplier` [ RunTime:0.0080s ]
SQL: UPDATE `supplier` SET `status`='0' WHERE `id` = 9 [ RunTime:0.0010s ]

[ 2015-11-01T21:57:56+08:00 ] 127.0.0.1 /Supplier/changeStatus/id/9/status/1.html
INFO: [ app_begin ] --START--
INFO: Run Behavior\ReadHtmlCacheBehavior [ RunTime:0.002001s ]
INFO: [ app_begin ] --END-- [ RunTime:0.003001s ]
SQL: SHOW COLUMNS FROM `supplier` [ RunTime:0.0070s ]
SQL: UPDATE `supplier` SET `status`='1' WHERE `id` = 9 [ RunTime:0.0000s ]

[ 2015-11-01T21:59:13+08:00 ] 127.0.0.1 /Supplier/changeStatus/id/8/status/1.html
INFO: [ app_begin ] --START--
INFO: Run Behavior\ReadHtmlCacheBehavior [ RunTime:0.001000s ]
INFO: [ app_begin ] --END-- [ RunTime:0.002000s ]
SQL: SHOW COLUMNS FROM `supplier` [ RunTime:0.0080s ]
SQL: UPDATE `supplier` SET `status`='1' WHERE `id` = 8 [ RunTime:0.0000s ]

[ 2015-11-01T22:05:26+08:00 ] 127.0.0.1 /Supplier/changeStatus/id/9/status/0.html
INFO: [ app_begin ] --START--
INFO: Run Behavior\ReadHtmlCacheBehavior [ RunTime:0.001000s ]
INFO: [ app_begin ] --END-- [ RunTime:0.002000s ]
SQL: SHOW COLUMNS FROM `supplier` [ RunTime:0.0090s ]
SQL: UPDATE `supplier` SET `status`='0' WHERE `id` = 9 [ RunTime:0.0010s ]

[ 2015-11-01T22:05:31+08:00 ] 127.0.0.1 /Supplier/changeStatus/id/8/status/0.html
INFO: [ app_begin ] --START--
INFO: Run Behavior\ReadHtmlCacheBehavior [ RunTime:0.001000s ]
INFO: [ app_begin ] --END-- [ RunTime:0.002000s ]
SQL: SHOW COLUMNS FROM `supplier` [ RunTime:0.0080s ]
SQL: UPDATE `supplier` SET `status`='0' WHERE `id` = 8 [ RunTime:0.0010s ]

[ 2015-11-01T22:05:41+08:00 ] 127.0.0.1 /Supplier/changeStatus/id/9/status/1.html
INFO: [ app_begin ] --START--
INFO: Run Behavior\ReadHtmlCacheBehavior [ RunTime:0.001000s ]
INFO: [ app_begin ] --END-- [ RunTime:0.001000s ]
SQL: SHOW COLUMNS FROM `supplier` [ RunTime:0.0070s ]
SQL: UPDATE `supplier` SET `status`='1' WHERE `id` = 9 [ RunTime:0.0000s ]

[ 2015-11-01T22:06:35+08:00 ] 127.0.0.1 /Supplier/changeStatus/id/8/status/1.html
INFO: [ app_begin ] --START--
INFO: Run Behavior\ReadHtmlCacheBehavior [ RunTime:0.001001s ]
INFO: [ app_begin ] --END-- [ RunTime:0.002001s ]
SQL: SHOW COLUMNS FROM `supplier` [ RunTime:0.0070s ]
SQL: UPDATE `supplier` SET `status`='1' WHERE `id` = 8 [ RunTime:0.0000s ]

[ 2015-11-01T22:06:37+08:00 ] 127.0.0.1 /Supplier/changeStatus/id/9/status/0.html
INFO: [ app_begin ] --START--
INFO: Run Behavior\ReadHtmlCacheBehavior [ RunTime:0.001000s ]
INFO: [ app_begin ] --END-- [ RunTime:0.002000s ]
SQL: SHOW COLUMNS FROM `supplier` [ RunTime:0.0080s ]
SQL: UPDATE `supplier` SET `status`='0' WHERE `id` = 9 [ RunTime:0.0010s ]

[ 2015-11-01T22:06:46+08:00 ] 127.0.0.1 /Supplier/changeStatus/id/8/status/0.html
INFO: [ app_begin ] --START--
INFO: Run Behavior\ReadHtmlCacheBehavior [ RunTime:0.001000s ]
INFO: [ app_begin ] --END-- [ RunTime:0.002000s ]
SQL: SHOW COLUMNS FROM `supplier` [ RunTime:0.0070s ]
SQL: UPDATE `supplier` SET `status`='0' WHERE `id` = 8 [ RunTime:0.0000s ]

[ 2015-11-01T22:07:51+08:00 ] 127.0.0.1 /Supplier/changeStatus/id/8/status/1.html
INFO: [ app_begin ] --START--
INFO: Run Behavior\ReadHtmlCacheBehavior [ RunTime:0.001000s ]
INFO: [ app_begin ] --END-- [ RunTime:0.002000s ]
SQL: SHOW COLUMNS FROM `supplier` [ RunTime:0.0080s ]
SQL: UPDATE `supplier` SET `status`='1' WHERE `id` = 8 [ RunTime:0.0010s ]

[ 2015-11-01T22:08:05+08:00 ] 127.0.0.1 /Supplier/changeStatus/id/9/status/1.html
INFO: [ app_begin ] --START--
INFO: Run Behavior\ReadHtmlCacheBehavior [ RunTime:0.002000s ]
INFO: [ app_begin ] --END-- [ RunTime:0.002000s ]
SQL: SHOW COLUMNS FROM `supplier` [ RunTime:0.0070s ]
SQL: UPDATE `supplier` SET `status`='1' WHERE `id` = 9 [ RunTime:0.0010s ]

[ 2015-11-01T22:10:00+08:00 ] 127.0.0.1 /Supplier/changeStatus/id/9/status/0.html
INFO: [ app_begin ] --START--
INFO: Run Behavior\ReadHtmlCacheBehavior [ RunTime:0.001000s ]
INFO: [ app_begin ] --END-- [ RunTime:0.002000s ]
ERR: 非法操作:changeStatus

[ 2015-11-01T22:10:10+08:00 ] 127.0.0.1 /Supplier/changeStatus/id/9/status/0.html
INFO: [ app_begin ] --START--
INFO: Run Behavior\ReadHtmlCacheBehavior [ RunTime:0.001000s ]
INFO: [ app_begin ] --END-- [ RunTime:0.002000s ]
SQL: SHOW COLUMNS FROM `supplier` [ RunTime:0.0070s ]
SQL: UPDATE `supplier` SET `status`='0' WHERE `id` = 9 [ RunTime:0.0010s ]

[ 2015-11-01T22:10:39+08:00 ] 127.0.0.1 /Supplier/changeStatus/id/9/status/-1.html
INFO: [ app_begin ] --START--
INFO: Run Behavior\ReadHtmlCacheBehavior [ RunTime:0.001000s ]
INFO: [ app_begin ] --END-- [ RunTime:0.002000s ]
SQL: SHOW COLUMNS FROM `supplier` [ RunTime:0.0070s ]
SQL: UPDATE `supplier` SET `status`='-1',`name`=concat(name,"_del") WHERE `id` = 9 [ RunTime:0.0010s ]

[ 2015-11-01T22:11:33+08:00 ] 127.0.0.1 /Supplier/changeStatus/id/9/status/-1.html
INFO: [ app_begin ] --START--
INFO: Run Behavior\ReadHtmlCacheBehavior [ RunTime:0.001000s ]
INFO: [ app_begin ] --END-- [ RunTime:0.002000s ]
SQL: SHOW COLUMNS FROM `supplier` [ RunTime:0.0080s ]
SQL: UPDATE `supplier` SET `status`='-1',`name`=concat(name,"_del") WHERE `id` = 9 [ RunTime:0.0010s ]

[ 2015-11-01T22:11:39+08:00 ] 127.0.0.1 /Supplier/changeStatus/id/8/status/0.html
INFO: [ app_begin ] --START--
INFO: Run Behavior\ReadHtmlCacheBehavior [ RunTime:0.001000s ]
INFO: [ app_begin ] --END-- [ RunTime:0.002000s ]
SQL: SHOW COLUMNS FROM `supplier` [ RunTime:0.0080s ]
SQL: UPDATE `supplier` SET `status`='0' WHERE `id` = 8 [ RunTime:0.0000s ]

[ 2015-11-01T22:44:13+08:00 ] 127.0.0.1 /Supplier/add.html
INFO: [ app_begin ] --START--
INFO: Run Behavior\ReadHtmlCacheBehavior [ RunTime:0.001000s ]
INFO: [ app_begin ] --END-- [ RunTime:0.003000s ]
SQL: SHOW COLUMNS FROM `supplier` [ RunTime:0.0080s ]
NOTIC: [2] preg_match(): Empty regular expression E:\shop\ThinkPHP\Library\Think\Model.class.php 第 1216 行.

[ 2015-11-01T22:46:49+08:00 ] 127.0.0.1 /Supplier/add.html
INFO: [ app_begin ] --START--
INFO: Run Behavior\ReadHtmlCacheBehavior [ RunTime:0.001000s ]
INFO: [ app_begin ] --END-- [ RunTime:0.002000s ]
SQL: SHOW COLUMNS FROM `supplier` [ RunTime:0.3890s ]
NOTIC: [2] preg_match(): Empty regular expression E:\shop\ThinkPHP\Library\Think\Model.class.php 第 1216 行.

[ 2015-11-01T22:48:43+08:00 ] 127.0.0.1 /Supplier/add.html
INFO: [ app_begin ] --START--
INFO: Run Behavior\ReadHtmlCacheBehavior [ RunTime:0.001000s ]
INFO: [ app_begin ] --END-- [ RunTime:0.002000s ]
SQL: SHOW COLUMNS FROM `supplier` [ RunTime:0.0070s ]
NOTIC: [2] preg_match(): Empty regular expression E:\shop\ThinkPHP\Library\Think\Model.class.php 第 1216 行.

[ 2015-11-01T22:48:59+08:00 ] 127.0.0.1 /Supplier/add.html
INFO: [ app_begin ] --START--
INFO: Run Behavior\ReadHtmlCacheBehavior [ RunTime:0.001000s ]
INFO: [ app_begin ] --END-- [ RunTime:0.002000s ]
SQL: SHOW COLUMNS FROM `supplier` [ RunTime:0.0070s ]
NOTIC: [2] preg_match(): Empty regular expression E:\shop\ThinkPHP\Library\Think\Model.class.php 第 1216 行.

[ 2015-11-01T22:51:48+08:00 ] 127.0.0.1 /Supplier/add.html
INFO: [ app_begin ] --START--
INFO: Run Behavior\ReadHtmlCacheBehavior [ RunTime:0.001000s ]
INFO: [ app_begin ] --END-- [ RunTime:0.002000s ]
SQL: SHOW COLUMNS FROM `supplier` [ RunTime:0.0080s ]
NOTIC: [2] preg_match(): Empty regular expression E:\shop\ThinkPHP\Library\Think\Model.class.php 第 1216 行.

[ 2015-11-01T22:54:48+08:00 ] 127.0.0.1 /Supplier/add.html
INFO: [ app_begin ] --START--
INFO: Run Behavior\ReadHtmlCacheBehavior [ RunTime:0.001000s ]
INFO: [ app_begin ] --END-- [ RunTime:0.003001s ]
SQL: SHOW COLUMNS FROM `supplier` [ RunTime:0.0100s ]
NOTIC: [2] preg_match(): Empty regular expression E:\shop\ThinkPHP\Library\Think\Model.class.php 第 1216 行.

[ 2015-11-01T22:55:45+08:00 ] 127.0.0.1 /Supplier/edit.html
INFO: [ app_begin ] --START--
INFO: Run Behavior\ReadHtmlCacheBehavior [ RunTime:0.001000s ]
INFO: [ app_begin ] --END-- [ RunTime:0.003000s ]
SQL: SHOW COLUMNS FROM `supplier` [ RunTime:0.0080s ]
NOTIC: [2] preg_match(): Empty regular expression E:\shop\ThinkPHP\Library\Think\Model.class.php 第 1216 行.

[ 2015-11-01T22:56:11+08:00 ] 127.0.0.1 /Supplier/edit.html
INFO: [ app_begin ] --START--
INFO: Run Behavior\ReadHtmlCacheBehavior [ RunTime:0.001000s ]
INFO: [ app_begin ] --END-- [ RunTime:0.002000s ]
SQL: SHOW COLUMNS FROM `supplier` [ RunTime:0.0080s ]
SQL: UPDATE `supplier` SET `name`='广东供货商1',`intro`='广东供货商1',`sort`='20',`status`='1' WHERE `id` = 7 [ RunTime:0.0010s ]

[ 2015-11-01T22:56:30+08:00 ] 127.0.0.1 /Supplier/add.html
INFO: [ app_begin ] --START--
INFO: Run Behavior\ReadHtmlCacheBehavior [ RunTime:0.001000s ]
INFO: [ app_begin ] --END-- [ RunTime:0.002000s ]
SQL: SHOW COLUMNS FROM `supplier` [ RunTime:0.0080s ]
SQL: INSERT INTO `supplier` (`name`,`intro`,`sort`,`status`,`id`) VALUES ('传输层','大叔大叔','20','1','0') [ RunTime:0.0010s ]

[ 2015-11-01T22:57:14+08:00 ] 127.0.0.1 /Supplier/edit.html
INFO: [ app_begin ] --START--
INFO: Run Behavior\ReadHtmlCacheBehavior [ RunTime:0.002000s ]
INFO: [ app_begin ] --END-- [ RunTime:0.003001s ]
SQL: SHOW COLUMNS FROM `supplier` [ RunTime:0.0080s ]
SQL: UPDATE `supplier` SET `name`='成都供货商1',`intro`='成都供货商1',`sort`='20',`status`='1' WHERE `id` = 5 [ RunTime:0.0010s ]

[ 2015-11-01T22:57:32+08:00 ] 127.0.0.1 /Supplier/edit.html
INFO: [ app_begin ] --START--
INFO: Run Behavior\ReadHtmlCacheBehavior [ RunTime:0.001000s ]
INFO: [ app_begin ] --END-- [ RunTime:0.002000s ]
SQL: SHOW COLUMNS FROM `supplier` [ RunTime:0.0070s ]
SQL: UPDATE `supplier` SET `name`='广东供货商',`intro`='广东供货商1',`sort`='20',`status`='1' WHERE `id` = 7 [ RunTime:0.0000s ]

[ 2015-11-01T22:58:13+08:00 ] 127.0.0.1 /Supplier/edit.html
INFO: [ app_begin ] --START--
INFO: Run Behavior\ReadHtmlCacheBehavior [ RunTime:0.001000s ]
INFO: [ app_begin ] --END-- [ RunTime:0.002000s ]
SQL: SHOW COLUMNS FROM `supplier` [ RunTime:0.0070s ]
SQL: UPDATE `supplier` SET `name`='广东供货商',`intro`='广东供货商',`sort`='20',`status`='1' WHERE `id` = 7 [ RunTime:0.0010s ]

[ 2015-11-01T22:58:25+08:00 ] 127.0.0.1 /Supplier/edit.html
INFO: [ app_begin ] --START--
INFO: Run Behavior\ReadHtmlCacheBehavior [ RunTime:0.001000s ]
INFO: [ app_begin ] --END-- [ RunTime:0.002000s ]
SQL: SHOW COLUMNS FROM `supplier` [ RunTime:0.0070s ]
SQL: UPDATE `supplier` SET `name`='成都供货商',`intro`='成都供货商',`sort`='20',`status`='1' WHERE `id` = 5 [ RunTime:0.0010s ]

[ 2015-11-01T22:58:32+08:00 ] 127.0.0.1 /Supplier/add.html
INFO: [ app_begin ] --START--
INFO: Run Behavior\ReadHtmlCacheBehavior [ RunTime:0.001000s ]
INFO: [ app_begin ] --END-- [ RunTime:0.002000s ]
SQL: SHOW COLUMNS FROM `supplier` [ RunTime:0.0070s ]
SQL: INSERT INTO `supplier` (`name`,`intro`,`sort`,`status`,`id`) VALUES ('电风扇','剩饭剩菜','20','1','0') [ RunTime:0.0010s ]

[ 2015-11-01T22:59:44+08:00 ] 127.0.0.1 /Supplier/changeStatus/id/11/status/0.html
INFO: [ app_begin ] --START--
INFO: Run Behavior\ReadHtmlCacheBehavior [ RunTime:0.001000s ]
INFO: [ app_begin ] --END-- [ RunTime:0.002000s ]
SQL: SHOW COLUMNS FROM `supplier` [ RunTime:0.0080s ]
SQL: UPDATE `supplier` SET `status`='0' WHERE `id` = 11 [ RunTime:0.0010s ]

[ 2015-11-01T23:00:41+08:00 ] 127.0.0.1 /Supplier/add.html
INFO: [ app_begin ] --START--
INFO: Run Behavior\ReadHtmlCacheBehavior [ RunTime:0.001000s ]
INFO: [ app_begin ] --END-- [ RunTime:0.002000s ]
SQL: SHOW COLUMNS FROM `supplier` [ RunTime:0.0070s ]
SQL: SELECT * FROM `supplier` WHERE `name` = '广州供货商' LIMIT 1   [ RunTime:0.0010s ]

[ 2015-11-01T23:03:42+08:00 ] 127.0.0.1 /Supplier/changeStatus/id/6/status/0.html
INFO: [ app_begin ] --START--
INFO: Run Behavior\ReadHtmlCacheBehavior [ RunTime:0.002000s ]
INFO: [ app_begin ] --END-- [ RunTime:0.003000s ]
SQL: SHOW COLUMNS FROM `supplier` [ RunTime:0.0080s ]
SQL: UPDATE `supplier` SET `status`='0' WHERE `id` = 6 [ RunTime:0.0000s ]

[ 2015-11-01T23:13:21+08:00 ] 127.0.0.1 /Supplier/edit.html
INFO: [ app_begin ] --START--
INFO: Run Behavior\ReadHtmlCacheBehavior [ RunTime:0.001000s ]
INFO: [ app_begin ] --END-- [ RunTime:0.001000s ]
SQL: SHOW COLUMNS FROM `supplier` [ RunTime:0.0070s ]
SQL: SELECT * FROM `supplier` WHERE `name` = '广州供货商' AND `id` <> '6' LIMIT 1   [ RunTime:0.0800s ]
SQL: UPDATE `supplier` SET `name`='广州供货商',`intro`='广州供货商1',`sort`='20',`status`='1' WHERE `id` = 6 [ RunTime:0.0010s ]

[ 2015-11-01T23:15:23+08:00 ] 127.0.0.1 /Supplier/changeStatus/id/5/status/0.html
INFO: [ app_begin ] --START--
INFO: Run Behavior\ReadHtmlCacheBehavior [ RunTime:0.001000s ]
INFO: [ app_begin ] --END-- [ RunTime:0.002000s ]
SQL: SHOW COLUMNS FROM `supplier` [ RunTime:0.0090s ]
SQL: UPDATE `supplier` SET `status`='0' WHERE `id` = 5 [ RunTime:0.0010s ]

[ 2015-11-01T23:19:41+08:00 ] 127.0.0.1 /Supplier/changeStatus/id/5/status/1.html
INFO: [ app_begin ] --START--
INFO: Run Behavior\ReadHtmlCacheBehavior [ RunTime:0.001000s ]
INFO: [ app_begin ] --END-- [ RunTime:0.002000s ]
SQL: SHOW COLUMNS FROM `supplier` [ RunTime:0.0070s ]
SQL: UPDATE `supplier` SET `status`='1' WHERE `id` = 5 [ RunTime:0.0010s ]

[ 2015-11-01T23:19:54+08:00 ] 127.0.0.1 /Supplier/changeStatus/id/5/status/0.html
INFO: [ app_begin ] --START--
INFO: Run Behavior\ReadHtmlCacheBehavior [ RunTime:0.001000s ]
INFO: [ app_begin ] --END-- [ RunTime:0.002000s ]
SQL: SHOW COLUMNS FROM `supplier` [ RunTime:0.0080s ]
SQL: UPDATE `supplier` SET `status`='0' WHERE `id` = 5 [ RunTime:0.0010s ]

[ 2015-11-01T23:53:02+08:00 ] 127.0.0.1 /Supplier/changeStatus/id/11/status/1.html
INFO: [ app_begin ] --START--
INFO: Run Behavior\ReadHtmlCacheBehavior [ RunTime:0.001000s ]
INFO: [ app_begin ] --END-- [ RunTime:0.002000s ]
SQL: SHOW COLUMNS FROM `supplier` [ RunTime:0.0070s ]
SQL: UPDATE `supplier` SET `status`='1' WHERE `id` IN ('11') [ RunTime:0.0010s ]

[ 2015-11-01T23:53:08+08:00 ] 127.0.0.1 /Supplier/changeStatus/id/10/status/-1.html
INFO: [ app_begin ] --START--
INFO: Run Behavior\ReadHtmlCacheBehavior [ RunTime:0.002000s ]
INFO: [ app_begin ] --END-- [ RunTime:0.003000s ]
SQL: SHOW COLUMNS FROM `supplier` [ RunTime:0.0070s ]
SQL: UPDATE `supplier` SET `status`='-1',`name`=concat(name,"_del") WHERE `id` IN ('10') [ RunTime:0.0010s ]

[ 2015-11-01T23:53:15+08:00 ] 127.0.0.1 /Supplier/add.html
INFO: [ app_begin ] --START--
INFO: Run Behavior\ReadHtmlCacheBehavior [ RunTime:0.001000s ]
INFO: [ app_begin ] --END-- [ RunTime:0.002000s ]
SQL: SHOW COLUMNS FROM `supplier` [ RunTime:0.0070s ]
SQL: SELECT * FROM `supplier` WHERE `name` = '参数' LIMIT 1   [ RunTime:0.0010s ]
SQL: INSERT INTO `supplier` (`name`,`intro`,`sort`,`status`,`id`) VALUES ('参数','四川省','20','1','0') [ RunTime:0.0000s ]

[ 2015-11-01T23:56:06+08:00 ] 127.0.0.1 /Supplier/index/p/1.html
INFO: [ app_begin ] --START--
INFO: Run Behavior\ReadHtmlCacheBehavior [ RunTime:0.002000s ]
INFO: [ app_begin ] --END-- [ RunTime:0.002000s ]
SQL: SHOW COLUMNS FROM `supplier` [ RunTime:0.0070s ]
SQL: SELECT COUNT(*) AS tp_count FROM `supplier` LIMIT 1   [ RunTime:0.0000s ]
SQL: SELECT * FROM `supplier` WHERE `status` <> '-1' ORDER BY sort asc LIMIT 0,10   [ RunTime:0.0010s ]
INFO: [ view_parse ] --START--
INFO: [ template_filter ] --START--
INFO: Run Behavior\ContentReplaceBehavior [ RunTime:0.000000s ]
INFO: [ template_filter ] --END-- [ RunTime:0.000000s ]
INFO: Run Behavior\ParseTemplateBehavior [ RunTime:0.041002s ]
INFO: [ view_parse ] --END-- [ RunTime:0.041002s ]
INFO: [ view_filter ] --START--
INFO: Run Behavior\WriteHtmlCacheBehavior [ RunTime:0.001000s ]
INFO: [ view_filter ] --END-- [ RunTime:0.001000s ]
INFO: [ app_end ] --START--
INFO: Run Behavior\ShowPageTraceBehavior [ RunTime:0.002000s ]
INFO: [ app_end ] --END-- [ RunTime:0.002000s ]

[ 2015-11-01T23:56:17+08:00 ] 127.0.0.1 /Supplier/index/p/undefined
INFO: [ app_begin ] --START--
INFO: Run Behavior\ReadHtmlCacheBehavior [ RunTime:0.001000s ]
INFO: [ app_begin ] --END-- [ RunTime:0.002000s ]
SQL: SHOW COLUMNS FROM `supplier` [ RunTime:0.0070s ]
SQL: SELECT COUNT(*) AS tp_count FROM `supplier` LIMIT 1   [ RunTime:0.0010s ]
SQL: SELECT * FROM `supplier` WHERE `status` <> '-1' ORDER BY sort asc LIMIT 0,10   [ RunTime:0.0010s ]
INFO: [ view_parse ] --START--
INFO: [ template_filter ] --START--
INFO: Run Behavior\ContentReplaceBehavior [ RunTime:0.001000s ]
INFO: [ template_filter ] --END-- [ RunTime:0.001000s ]
INFO: Run Behavior\ParseTemplateBehavior [ RunTime:0.045003s ]
INFO: [ view_parse ] --END-- [ RunTime:0.045003s ]
INFO: [ view_filter ] --START--
INFO: Run Behavior\WriteHtmlCacheBehavior [ RunTime:0.001000s ]
INFO: [ view_filter ] --END-- [ RunTime:0.001000s ]
INFO: [ app_end ] --START--
INFO: Run Behavior\ShowPageTraceBehavior [ RunTime:0.003000s ]
INFO: [ app_end ] --END-- [ RunTime:0.003000s ]

[ 2015-11-01T23:56:49+08:00 ] 127.0.0.1 /Supplier/index/p/undefined
INFO: [ app_begin ] --START--
INFO: Run Behavior\ReadHtmlCacheBehavior [ RunTime:0.001000s ]
INFO: [ app_begin ] --END-- [ RunTime:0.002000s ]
SQL: SHOW COLUMNS FROM `supplier` [ RunTime:0.0080s ]
SQL: SELECT COUNT(*) AS tp_count FROM `supplier` LIMIT 1   [ RunTime:0.0000s ]
SQL: SELECT * FROM `supplier` WHERE `status` <> '-1' ORDER BY sort asc LIMIT 0,10   [ RunTime:0.0010s ]
INFO: [ view_parse ] --START--
INFO: [ template_filter ] --START--
INFO: Run Behavior\ContentReplaceBehavior [ RunTime:0.000000s ]
INFO: [ template_filter ] --END-- [ RunTime:0.001000s ]
INFO: Run Behavior\ParseTemplateBehavior [ RunTime:0.039003s ]
INFO: [ view_parse ] --END-- [ RunTime:0.040003s ]
INFO: [ view_filter ] --START--
INFO: Run Behavior\WriteHtmlCacheBehavior [ RunTime:0.000000s ]
INFO: [ view_filter ] --END-- [ RunTime:0.002000s ]
INFO: [ app_end ] --START--
INFO: Run Behavior\ShowPageTraceBehavior [ RunTime:0.001000s ]
INFO: [ app_end ] --END-- [ RunTime:0.003000s ]

[ 2015-11-01T23:59:59+08:00 ] 127.0.0.1 /Supplier/changeStatus.html
INFO: [ app_begin ] --START--
INFO: Run Behavior\ReadHtmlCacheBehavior [ RunTime:0.001000s ]
INFO: [ app_begin ] --END-- [ RunTime:0.002000s ]
ERR: 参数错误或者未定义:status

