[ 2015-11-11T08:46:37+08:00 ] 192.168.0.222 /favicon.ico
INFO: [ app_init ] --START--
INFO: Run Behavior\BuildLiteBehavior [ RunTime:0.000135s ]
INFO: [ app_init ] --END-- [ RunTime:0.017993s ]

[ 2015-11-11T08:46:37+08:00 ] 192.168.0.222 /favicon.ico
INFO: [ app_init ] --START--
INFO: Run Behavior\BuildLiteBehavior [ RunTime:0.000025s ]
INFO: [ app_init ] --END-- [ RunTime:0.000510s ]

[ 2015-11-11T10:01:22+08:00 ] 192.168.0.222 /Role/index
INFO: [ app_init ] --START--
INFO: Run Behavior\BuildLiteBehavior [ RunTime:0.000043s ]
INFO: [ app_init ] --END-- [ RunTime:0.014948s ]
INFO: [ app_begin ] --START--
INFO: Run Behavior\ReadHtmlCacheBehavior [ RunTime:0.016308s ]
INFO: [ app_begin ] --END-- [ RunTime:0.016502s ]
SQL: SHOW COLUMNS FROM `role` [ RunTime:0.2287s ]
SQL: SELECT COUNT(*) AS tp_count FROM `role` LIMIT 1   [ RunTime:0.0189s ]
SQL: SELECT * FROM `role` WHERE `status` <> '-1' ORDER BY sort asc LIMIT 0,10   [ RunTime:0.0820s ]
INFO: [ view_parse ] --START--
INFO: [ template_filter ] --START--
INFO: Run Behavior\ContentReplaceBehavior [ RunTime:0.013586s ]
INFO: [ template_filter ] --END-- [ RunTime:0.013719s ]
INFO: Run Behavior\ParseTemplateBehavior [ RunTime:0.201345s ]
INFO: [ view_parse ] --END-- [ RunTime:0.201445s ]
INFO: [ view_filter ] --START--
INFO: Run Behavior\WriteHtmlCacheBehavior [ RunTime:0.011035s ]
INFO: [ view_filter ] --END-- [ RunTime:0.011115s ]
INFO: [ app_end ] --START--
INFO: Run Behavior\ShowPageTraceBehavior [ RunTime:0.002431s ]
INFO: [ app_end ] --END-- [ RunTime:0.002509s ]

[ 2015-11-11T10:01:27+08:00 ] 192.168.0.222 /Role/add.html
INFO: [ app_init ] --START--
INFO: Run Behavior\BuildLiteBehavior [ RunTime:0.000029s ]
INFO: [ app_init ] --END-- [ RunTime:0.000780s ]
INFO: [ app_begin ] --START--
INFO: Run Behavior\ReadHtmlCacheBehavior [ RunTime:0.000994s ]
INFO: [ app_begin ] --END-- [ RunTime:0.001114s ]
SQL: SHOW COLUMNS FROM `role` [ RunTime:0.0011s ]
NOTIC: [2048] Declaration of Admin\Model\PermissionModel::add() should be compatible with Think\Model::add($data = '', $options = Array, $replace = false) /home/www/shop/www.19890407.com/Application/Admin/Model/PermissionModel.class.php 第 58 行.
NOTIC: [2048] Declaration of Admin\Model\PermissionModel::save() should be compatible with Think\Model::save($data = '', $options = Array) /home/www/shop/www.19890407.com/Application/Admin/Model/PermissionModel.class.php 第 58 行.
SQL: SHOW COLUMNS FROM `permission` [ RunTime:0.0678s ]
SQL: SELECT `id`,`name`,`parent_id` FROM `permission` WHERE ( status>=0 ) ORDER BY sort  [ RunTime:0.0009s ]
INFO: [ view_parse ] --START--
INFO: [ template_filter ] --START--
INFO: Run Behavior\ContentReplaceBehavior [ RunTime:0.000202s ]
INFO: [ template_filter ] --END-- [ RunTime:0.000272s ]
NOTIC: [8] Undefined variable: name /home/www/shop/www.19890407.com/Runtime/Cache/Admin/5ea97d8cf3024cb32b6d71d3c388ffea.php 第 29 行.
NOTIC: [8] Undefined variable: parent_id /home/www/shop/www.19890407.com/Runtime/Cache/Admin/5ea97d8cf3024cb32b6d71d3c388ffea.php 第 35 行.
NOTIC: [8] Undefined variable: intro /home/www/shop/www.19890407.com/Runtime/Cache/Admin/5ea97d8cf3024cb32b6d71d3c388ffea.php 第 44 行.
NOTIC: [8] Undefined variable: id /home/www/shop/www.19890407.com/Runtime/Cache/Admin/5ea97d8cf3024cb32b6d71d3c388ffea.php 第 65 行.
INFO: Run Behavior\ParseTemplateBehavior [ RunTime:0.020648s ]
INFO: [ view_parse ] --END-- [ RunTime:0.020818s ]
INFO: [ view_filter ] --START--
INFO: Run Behavior\WriteHtmlCacheBehavior [ RunTime:0.000368s ]
INFO: [ view_filter ] --END-- [ RunTime:0.000419s ]
INFO: [ app_end ] --START--
INFO: Run Behavior\ShowPageTraceBehavior [ RunTime:0.000552s ]
INFO: [ app_end ] --END-- [ RunTime:0.000612s ]

[ 2015-11-11T10:03:13+08:00 ] 192.168.0.222 /Role/add.html
INFO: [ app_init ] --START--
INFO: Run Behavior\BuildLiteBehavior [ RunTime:0.000109s ]
INFO: [ app_init ] --END-- [ RunTime:0.000814s ]
INFO: [ app_begin ] --START--
INFO: Run Behavior\ReadHtmlCacheBehavior [ RunTime:0.001008s ]
INFO: [ app_begin ] --END-- [ RunTime:0.001134s ]
SQL: SHOW COLUMNS FROM `role` [ RunTime:0.0011s ]
NOTIC: [2048] Declaration of Admin\Model\PermissionModel::add() should be compatible with Think\Model::add($data = '', $options = Array, $replace = false) /home/www/shop/www.19890407.com/Application/Admin/Model/PermissionModel.class.php 第 58 行.
NOTIC: [2048] Declaration of Admin\Model\PermissionModel::save() should be compatible with Think\Model::save($data = '', $options = Array) /home/www/shop/www.19890407.com/Application/Admin/Model/PermissionModel.class.php 第 58 行.
SQL: SHOW COLUMNS FROM `permission` [ RunTime:0.0008s ]
SQL: SELECT `id`,`name`,`parent_id` FROM `permission` WHERE ( status>=0 ) ORDER BY sort  [ RunTime:0.0003s ]
INFO: [ view_parse ] --START--
INFO: [ template_filter ] --START--
INFO: Run Behavior\ContentReplaceBehavior [ RunTime:0.000176s ]
INFO: [ template_filter ] --END-- [ RunTime:0.000256s ]
NOTIC: [8] Undefined variable: name /home/www/shop/www.19890407.com/Runtime/Cache/Admin/5ea97d8cf3024cb32b6d71d3c388ffea.php 第 29 行.
NOTIC: [8] Undefined variable: parent_id /home/www/shop/www.19890407.com/Runtime/Cache/Admin/5ea97d8cf3024cb32b6d71d3c388ffea.php 第 35 行.
NOTIC: [8] Undefined variable: intro /home/www/shop/www.19890407.com/Runtime/Cache/Admin/5ea97d8cf3024cb32b6d71d3c388ffea.php 第 44 行.
NOTIC: [8] Undefined variable: id /home/www/shop/www.19890407.com/Runtime/Cache/Admin/5ea97d8cf3024cb32b6d71d3c388ffea.php 第 65 行.
INFO: Run Behavior\ParseTemplateBehavior [ RunTime:0.012890s ]
INFO: [ view_parse ] --END-- [ RunTime:0.012964s ]
INFO: [ view_filter ] --START--
INFO: Run Behavior\WriteHtmlCacheBehavior [ RunTime:0.000171s ]
INFO: [ view_filter ] --END-- [ RunTime:0.000218s ]
INFO: [ app_end ] --START--
INFO: Run Behavior\ShowPageTraceBehavior [ RunTime:0.000663s ]
INFO: [ app_end ] --END-- [ RunTime:0.000721s ]

[ 2015-11-11T10:04:31+08:00 ] 192.168.0.222 /Role/add.html
INFO: [ app_init ] --START--
INFO: Run Behavior\BuildLiteBehavior [ RunTime:0.000020s ]
INFO: [ app_init ] --END-- [ RunTime:0.000954s ]
INFO: [ app_begin ] --START--
INFO: Run Behavior\ReadHtmlCacheBehavior [ RunTime:0.001010s ]
INFO: [ app_begin ] --END-- [ RunTime:0.001159s ]
NOTIC: [2048] Declaration of Admin\Model\RoleModel::add() should be compatible with Think\Model::add($data = '', $options = Array, $replace = false) /home/www/shop/www.19890407.com/Application/Admin/Model/RoleModel.class.php 第 7 行.
SQL: SHOW COLUMNS FROM `role` [ RunTime:0.0011s ]
NOTIC: [2048] Declaration of Admin\Model\PermissionModel::add() should be compatible with Think\Model::add($data = '', $options = Array, $replace = false) /home/www/shop/www.19890407.com/Application/Admin/Model/PermissionModel.class.php 第 58 行.
NOTIC: [2048] Declaration of Admin\Model\PermissionModel::save() should be compatible with Think\Model::save($data = '', $options = Array) /home/www/shop/www.19890407.com/Application/Admin/Model/PermissionModel.class.php 第 58 行.
SQL: SHOW COLUMNS FROM `permission` [ RunTime:0.0016s ]
SQL: SELECT `id`,`name`,`parent_id` FROM `permission` WHERE ( status>=0 ) ORDER BY sort  [ RunTime:0.0005s ]
INFO: [ view_parse ] --START--
INFO: [ template_filter ] --START--
INFO: Run Behavior\ContentReplaceBehavior [ RunTime:0.000280s ]
INFO: [ template_filter ] --END-- [ RunTime:0.000372s ]
NOTIC: [8] Undefined variable: name /home/www/shop/www.19890407.com/Runtime/Cache/Admin/5ea97d8cf3024cb32b6d71d3c388ffea.php 第 29 行.
NOTIC: [8] Undefined variable: intro /home/www/shop/www.19890407.com/Runtime/Cache/Admin/5ea97d8cf3024cb32b6d71d3c388ffea.php 第 42 行.
NOTIC: [8] Undefined variable: id /home/www/shop/www.19890407.com/Runtime/Cache/Admin/5ea97d8cf3024cb32b6d71d3c388ffea.php 第 63 行.
INFO: Run Behavior\ParseTemplateBehavior [ RunTime:0.020062s ]
INFO: [ view_parse ] --END-- [ RunTime:0.020290s ]
INFO: [ view_filter ] --START--
INFO: Run Behavior\WriteHtmlCacheBehavior [ RunTime:0.000512s ]
INFO: [ view_filter ] --END-- [ RunTime:0.000569s ]
INFO: [ app_end ] --START--
INFO: Run Behavior\ShowPageTraceBehavior [ RunTime:0.000818s ]
INFO: [ app_end ] --END-- [ RunTime:0.000966s ]

[ 2015-11-11T10:05:33+08:00 ] 192.168.0.222 /Role/add.html
INFO: [ app_init ] --START--
INFO: Run Behavior\BuildLiteBehavior [ RunTime:0.000020s ]
INFO: [ app_init ] --END-- [ RunTime:0.000523s ]
INFO: [ app_begin ] --START--
INFO: Run Behavior\ReadHtmlCacheBehavior [ RunTime:0.000548s ]
INFO: [ app_begin ] --END-- [ RunTime:0.000621s ]
NOTIC: [2048] Declaration of Admin\Model\RoleModel::add() should be compatible with Think\Model::add($data = '', $options = Array, $replace = false) /home/www/shop/www.19890407.com/Application/Admin/Model/RoleModel.class.php 第 7 行.
SQL: SHOW COLUMNS FROM `role` [ RunTime:0.0012s ]

[ 2015-11-11T10:05:57+08:00 ] 192.168.0.222 /Role/add.html
INFO: [ app_init ] --START--
INFO: Run Behavior\BuildLiteBehavior [ RunTime:0.000031s ]
INFO: [ app_init ] --END-- [ RunTime:0.000948s ]
INFO: [ app_begin ] --START--
INFO: Run Behavior\ReadHtmlCacheBehavior [ RunTime:0.094478s ]
INFO: [ app_begin ] --END-- [ RunTime:0.094829s ]
NOTIC: [2048] Declaration of Admin\Model\RoleModel::add() should be compatible with Think\Model::add($data = '', $options = Array, $replace = false) /home/www/shop/www.19890407.com/Application/Admin/Model/RoleModel.class.php 第 7 行.
SQL: SHOW COLUMNS FROM `role` [ RunTime:0.0027s ]
NOTIC: [2048] Declaration of Admin\Model\PermissionModel::add() should be compatible with Think\Model::add($data = '', $options = Array, $replace = false) /home/www/shop/www.19890407.com/Application/Admin/Model/PermissionModel.class.php 第 58 行.
NOTIC: [2048] Declaration of Admin\Model\PermissionModel::save() should be compatible with Think\Model::save($data = '', $options = Array) /home/www/shop/www.19890407.com/Application/Admin/Model/PermissionModel.class.php 第 58 行.
SQL: SHOW COLUMNS FROM `permission` [ RunTime:0.0023s ]
SQL: SELECT `id`,`name`,`parent_id` FROM `permission` WHERE ( status>=0 ) ORDER BY sort  [ RunTime:0.0006s ]
INFO: [ view_parse ] --START--
INFO: [ template_filter ] --START--
INFO: Run Behavior\ContentReplaceBehavior [ RunTime:0.000239s ]
INFO: [ template_filter ] --END-- [ RunTime:0.000310s ]
NOTIC: [8] Undefined variable: name /home/www/shop/www.19890407.com/Runtime/Cache/Admin/5ea97d8cf3024cb32b6d71d3c388ffea.php 第 29 行.
NOTIC: [8] Undefined variable: intro /home/www/shop/www.19890407.com/Runtime/Cache/Admin/5ea97d8cf3024cb32b6d71d3c388ffea.php 第 42 行.
NOTIC: [8] Undefined variable: id /home/www/shop/www.19890407.com/Runtime/Cache/Admin/5ea97d8cf3024cb32b6d71d3c388ffea.php 第 63 行.
INFO: Run Behavior\ParseTemplateBehavior [ RunTime:0.025215s ]
INFO: [ view_parse ] --END-- [ RunTime:0.025445s ]
INFO: [ view_filter ] --START--
INFO: Run Behavior\WriteHtmlCacheBehavior [ RunTime:0.000405s ]
INFO: [ view_filter ] --END-- [ RunTime:0.000461s ]
INFO: [ app_end ] --START--
INFO: Run Behavior\ShowPageTraceBehavior [ RunTime:0.000755s ]
INFO: [ app_end ] --END-- [ RunTime:0.000855s ]

[ 2015-11-11T10:12:16+08:00 ] 192.168.0.222 /Role/add.html
INFO: [ app_init ] --START--
INFO: Run Behavior\BuildLiteBehavior [ RunTime:0.000024s ]
INFO: [ app_init ] --END-- [ RunTime:0.000576s ]
INFO: [ app_begin ] --START--
INFO: Run Behavior\ReadHtmlCacheBehavior [ RunTime:0.000553s ]
INFO: [ app_begin ] --END-- [ RunTime:0.000614s ]
NOTIC: [2048] Declaration of Admin\Model\RoleModel::add() should be compatible with Think\Model::add($data = '', $options = Array, $replace = false) /home/www/shop/www.19890407.com/Application/Admin/Model/RoleModel.class.php 第 7 行.
SQL: SHOW COLUMNS FROM `role` [ RunTime:0.0012s ]
NOTIC: [2048] Declaration of Admin\Model\PermissionModel::add() should be compatible with Think\Model::add($data = '', $options = Array, $replace = false) /home/www/shop/www.19890407.com/Application/Admin/Model/PermissionModel.class.php 第 58 行.
NOTIC: [2048] Declaration of Admin\Model\PermissionModel::save() should be compatible with Think\Model::save($data = '', $options = Array) /home/www/shop/www.19890407.com/Application/Admin/Model/PermissionModel.class.php 第 58 行.
SQL: SHOW COLUMNS FROM `permission` [ RunTime:0.0012s ]
SQL: SELECT `id`,`name`,`parent_id` FROM `permission` WHERE ( status>=0 ) ORDER BY sort  [ RunTime:0.0004s ]
INFO: [ view_parse ] --START--
INFO: [ template_filter ] --START--
INFO: Run Behavior\ContentReplaceBehavior [ RunTime:0.000172s ]
INFO: [ template_filter ] --END-- [ RunTime:0.000231s ]
NOTIC: [8] Undefined variable: name /home/www/shop/www.19890407.com/Runtime/Cache/Admin/5ea97d8cf3024cb32b6d71d3c388ffea.php 第 29 行.
NOTIC: [8] Undefined variable: intro /home/www/shop/www.19890407.com/Runtime/Cache/Admin/5ea97d8cf3024cb32b6d71d3c388ffea.php 第 42 行.
NOTIC: [8] Undefined variable: id /home/www/shop/www.19890407.com/Runtime/Cache/Admin/5ea97d8cf3024cb32b6d71d3c388ffea.php 第 63 行.
INFO: Run Behavior\ParseTemplateBehavior [ RunTime:0.012063s ]
INFO: [ view_parse ] --END-- [ RunTime:0.012153s ]
INFO: [ view_filter ] --START--
INFO: Run Behavior\WriteHtmlCacheBehavior [ RunTime:0.000285s ]
INFO: [ view_filter ] --END-- [ RunTime:0.000331s ]
INFO: [ app_end ] --START--
INFO: Run Behavior\ShowPageTraceBehavior [ RunTime:0.000628s ]
INFO: [ app_end ] --END-- [ RunTime:0.000758s ]

[ 2015-11-11T10:12:46+08:00 ] 192.168.0.222 /Role/add.html
INFO: [ app_init ] --START--
INFO: Run Behavior\BuildLiteBehavior [ RunTime:0.000020s ]
INFO: [ app_init ] --END-- [ RunTime:0.000511s ]
INFO: [ app_begin ] --START--
INFO: Run Behavior\ReadHtmlCacheBehavior [ RunTime:0.095754s ]
INFO: [ app_begin ] --END-- [ RunTime:0.095968s ]
NOTIC: [2048] Declaration of Admin\Model\RoleModel::add() should be compatible with Think\Model::add($data = '', $options = Array, $replace = false) /home/www/shop/www.19890407.com/Application/Admin/Model/RoleModel.class.php 第 7 行.
SQL: SHOW COLUMNS FROM `role` [ RunTime:0.0013s ]
NOTIC: [2048] Declaration of Admin\Model\PermissionModel::add() should be compatible with Think\Model::add($data = '', $options = Array, $replace = false) /home/www/shop/www.19890407.com/Application/Admin/Model/PermissionModel.class.php 第 58 行.
NOTIC: [2048] Declaration of Admin\Model\PermissionModel::save() should be compatible with Think\Model::save($data = '', $options = Array) /home/www/shop/www.19890407.com/Application/Admin/Model/PermissionModel.class.php 第 58 行.
SQL: SHOW COLUMNS FROM `permission` [ RunTime:0.0012s ]
SQL: SELECT `id`,`name`,`parent_id` FROM `permission` WHERE ( status>=0 ) ORDER BY sort  [ RunTime:0.0003s ]
INFO: [ view_parse ] --START--
INFO: [ template_filter ] --START--
INFO: Run Behavior\ContentReplaceBehavior [ RunTime:0.000628s ]
INFO: [ template_filter ] --END-- [ RunTime:0.000708s ]
NOTIC: [8] Undefined variable: name /home/www/shop/www.19890407.com/Runtime/Cache/Admin/5ea97d8cf3024cb32b6d71d3c388ffea.php 第 29 行.
NOTIC: [8] Undefined variable: intro /home/www/shop/www.19890407.com/Runtime/Cache/Admin/5ea97d8cf3024cb32b6d71d3c388ffea.php 第 42 行.
NOTIC: [8] Undefined variable: id /home/www/shop/www.19890407.com/Runtime/Cache/Admin/5ea97d8cf3024cb32b6d71d3c388ffea.php 第 63 行.
INFO: Run Behavior\ParseTemplateBehavior [ RunTime:0.035274s ]
INFO: [ view_parse ] --END-- [ RunTime:0.047761s ]
INFO: [ view_filter ] --START--
INFO: Run Behavior\WriteHtmlCacheBehavior [ RunTime:0.000262s ]
INFO: [ view_filter ] --END-- [ RunTime:0.000309s ]
INFO: [ app_end ] --START--
INFO: Run Behavior\ShowPageTraceBehavior [ RunTime:0.001403s ]
INFO: [ app_end ] --END-- [ RunTime:0.001520s ]

[ 2015-11-11T10:12:47+08:00 ] 192.168.0.222 /Role/add.html
INFO: [ app_init ] --START--
INFO: Run Behavior\BuildLiteBehavior [ RunTime:0.000027s ]
INFO: [ app_init ] --END-- [ RunTime:0.001539s ]
INFO: [ app_begin ] --START--
INFO: Run Behavior\ReadHtmlCacheBehavior [ RunTime:0.001510s ]
INFO: [ app_begin ] --END-- [ RunTime:0.001694s ]
NOTIC: [2048] Declaration of Admin\Model\RoleModel::add() should be compatible with Think\Model::add($data = '', $options = Array, $replace = false) /home/www/shop/www.19890407.com/Application/Admin/Model/RoleModel.class.php 第 7 行.
SQL: SHOW COLUMNS FROM `role` [ RunTime:0.0019s ]
NOTIC: [2048] Declaration of Admin\Model\PermissionModel::add() should be compatible with Think\Model::add($data = '', $options = Array, $replace = false) /home/www/shop/www.19890407.com/Application/Admin/Model/PermissionModel.class.php 第 58 行.
NOTIC: [2048] Declaration of Admin\Model\PermissionModel::save() should be compatible with Think\Model::save($data = '', $options = Array) /home/www/shop/www.19890407.com/Application/Admin/Model/PermissionModel.class.php 第 58 行.
SQL: SHOW COLUMNS FROM `permission` [ RunTime:0.0015s ]
SQL: SELECT `id`,`name`,`parent_id` FROM `permission` WHERE ( status>=0 ) ORDER BY sort  [ RunTime:0.0003s ]
INFO: [ view_parse ] --START--
INFO: [ template_filter ] --START--
INFO: Run Behavior\ContentReplaceBehavior [ RunTime:0.000357s ]
INFO: [ template_filter ] --END-- [ RunTime:0.000463s ]
NOTIC: [8] Undefined variable: name /home/www/shop/www.19890407.com/Runtime/Cache/Admin/5ea97d8cf3024cb32b6d71d3c388ffea.php 第 29 行.
NOTIC: [8] Undefined variable: intro /home/www/shop/www.19890407.com/Runtime/Cache/Admin/5ea97d8cf3024cb32b6d71d3c388ffea.php 第 42 行.
NOTIC: [8] Undefined variable: id /home/www/shop/www.19890407.com/Runtime/Cache/Admin/5ea97d8cf3024cb32b6d71d3c388ffea.php 第 63 行.
INFO: Run Behavior\ParseTemplateBehavior [ RunTime:0.028700s ]
INFO: [ view_parse ] --END-- [ RunTime:0.028904s ]
INFO: [ view_filter ] --START--
INFO: Run Behavior\WriteHtmlCacheBehavior [ RunTime:0.000498s ]
INFO: [ view_filter ] --END-- [ RunTime:0.000596s ]
INFO: [ app_end ] --START--
INFO: Run Behavior\ShowPageTraceBehavior [ RunTime:0.001296s ]
INFO: [ app_end ] --END-- [ RunTime:0.001539s ]

[ 2015-11-11T10:12:55+08:00 ] 192.168.0.222 /Role/add.html
INFO: [ app_init ] --START--
INFO: Run Behavior\BuildLiteBehavior [ RunTime:0.000045s ]
INFO: [ app_init ] --END-- [ RunTime:0.002065s ]
INFO: [ app_begin ] --START--
INFO: Run Behavior\ReadHtmlCacheBehavior [ RunTime:0.002498s ]
INFO: [ app_begin ] --END-- [ RunTime:0.002855s ]
NOTIC: [2048] Declaration of Admin\Model\RoleModel::add() should be compatible with Think\Model::add($data = '', $options = Array, $replace = false) /home/www/shop/www.19890407.com/Application/Admin/Model/RoleModel.class.php 第 7 行.
SQL: SHOW COLUMNS FROM `role` [ RunTime:0.0017s ]
INFO: [ view_parse ] --START--
INFO: [ template_filter ] --START--
INFO: Run Behavior\ContentReplaceBehavior [ RunTime:0.000199s ]
INFO: [ template_filter ] --END-- [ RunTime:0.000413s ]
INFO: Run Behavior\ParseTemplateBehavior [ RunTime:0.051139s ]
INFO: [ view_parse ] --END-- [ RunTime:0.051439s ]
INFO: [ view_filter ] --START--
INFO: Run Behavior\WriteHtmlCacheBehavior [ RunTime:0.000207s ]
INFO: [ view_filter ] --END-- [ RunTime:0.000270s ]

[ 2015-11-11T10:12:59+08:00 ] 192.168.0.222 /Role/add.html
INFO: [ app_init ] --START--
INFO: Run Behavior\BuildLiteBehavior [ RunTime:0.000020s ]
INFO: [ app_init ] --END-- [ RunTime:0.000477s ]
INFO: [ app_begin ] --START--
INFO: Run Behavior\ReadHtmlCacheBehavior [ RunTime:0.000621s ]
INFO: [ app_begin ] --END-- [ RunTime:0.000682s ]
NOTIC: [2048] Declaration of Admin\Model\RoleModel::add() should be compatible with Think\Model::add($data = '', $options = Array, $replace = false) /home/www/shop/www.19890407.com/Application/Admin/Model/RoleModel.class.php 第 7 行.
SQL: SHOW COLUMNS FROM `role` [ RunTime:0.0011s ]
NOTIC: [2048] Declaration of Admin\Model\PermissionModel::add() should be compatible with Think\Model::add($data = '', $options = Array, $replace = false) /home/www/shop/www.19890407.com/Application/Admin/Model/PermissionModel.class.php 第 58 行.
NOTIC: [2048] Declaration of Admin\Model\PermissionModel::save() should be compatible with Think\Model::save($data = '', $options = Array) /home/www/shop/www.19890407.com/Application/Admin/Model/PermissionModel.class.php 第 58 行.
SQL: SHOW COLUMNS FROM `permission` [ RunTime:0.0010s ]
SQL: SELECT `id`,`name`,`parent_id` FROM `permission` WHERE ( status>=0 ) ORDER BY sort  [ RunTime:0.0003s ]
INFO: [ view_parse ] --START--
INFO: [ template_filter ] --START--
INFO: Run Behavior\ContentReplaceBehavior [ RunTime:0.000353s ]
INFO: [ template_filter ] --END-- [ RunTime:0.000428s ]
NOTIC: [8] Undefined variable: name /home/www/shop/www.19890407.com/Runtime/Cache/Admin/5ea97d8cf3024cb32b6d71d3c388ffea.php 第 29 行.
NOTIC: [8] Undefined variable: intro /home/www/shop/www.19890407.com/Runtime/Cache/Admin/5ea97d8cf3024cb32b6d71d3c388ffea.php 第 42 行.
NOTIC: [8] Undefined variable: id /home/www/shop/www.19890407.com/Runtime/Cache/Admin/5ea97d8cf3024cb32b6d71d3c388ffea.php 第 63 行.
INFO: Run Behavior\ParseTemplateBehavior [ RunTime:0.019745s ]
INFO: [ view_parse ] --END-- [ RunTime:0.020282s ]
INFO: [ view_filter ] --START--
INFO: Run Behavior\WriteHtmlCacheBehavior [ RunTime:0.000446s ]
INFO: [ view_filter ] --END-- [ RunTime:0.000540s ]
INFO: [ app_end ] --START--
INFO: Run Behavior\ShowPageTraceBehavior [ RunTime:0.000765s ]
INFO: [ app_end ] --END-- [ RunTime:0.000869s ]

[ 2015-11-11T11:29:50+08:00 ] 192.168.0.222 /Role/add.html
INFO: [ app_init ] --START--
INFO: Run Behavior\BuildLiteBehavior [ RunTime:0.000027s ]
INFO: [ app_init ] --END-- [ RunTime:0.013030s ]
INFO: [ app_begin ] --START--
INFO: Run Behavior\ReadHtmlCacheBehavior [ RunTime:0.001099s ]
INFO: [ app_begin ] --END-- [ RunTime:0.001274s ]
NOTIC: [2048] Declaration of Admin\Model\RoleModel::add() should be compatible with Think\Model::add($data = '', $options = Array, $replace = false) /home/www/shop/www.19890407.com/Application/Admin/Model/RoleModel.class.php 第 7 行.
SQL: SHOW COLUMNS FROM `role` [ RunTime:0.0865s ]
NOTIC: [2048] Declaration of Admin\Model\PermissionModel::add() should be compatible with Think\Model::add($data = '', $options = Array, $replace = false) /home/www/shop/www.19890407.com/Application/Admin/Model/PermissionModel.class.php 第 58 行.
NOTIC: [2048] Declaration of Admin\Model\PermissionModel::save() should be compatible with Think\Model::save($data = '', $options = Array) /home/www/shop/www.19890407.com/Application/Admin/Model/PermissionModel.class.php 第 58 行.
SQL: SHOW COLUMNS FROM `permission` [ RunTime:0.0015s ]
SQL: SELECT `id`,`name`,`parent_id` FROM `permission` WHERE ( status>=0 ) ORDER BY sort  [ RunTime:0.0168s ]
INFO: [ view_parse ] --START--
INFO: [ template_filter ] --START--
INFO: Run Behavior\ContentReplaceBehavior [ RunTime:0.000356s ]
INFO: [ template_filter ] --END-- [ RunTime:0.000499s ]
NOTIC: [8] Undefined variable: name /home/www/shop/www.19890407.com/Runtime/Cache/Admin/5ea97d8cf3024cb32b6d71d3c388ffea.php 第 29 行.
NOTIC: [8] Undefined variable: intro /home/www/shop/www.19890407.com/Runtime/Cache/Admin/5ea97d8cf3024cb32b6d71d3c388ffea.php 第 42 行.
NOTIC: [8] Undefined variable: id /home/www/shop/www.19890407.com/Runtime/Cache/Admin/5ea97d8cf3024cb32b6d71d3c388ffea.php 第 63 行.
INFO: Run Behavior\ParseTemplateBehavior [ RunTime:0.050041s ]
INFO: [ view_parse ] --END-- [ RunTime:0.050173s ]
INFO: [ view_filter ] --START--
INFO: Run Behavior\WriteHtmlCacheBehavior [ RunTime:0.000309s ]
INFO: [ view_filter ] --END-- [ RunTime:0.000371s ]
INFO: [ app_end ] --START--
INFO: Run Behavior\ShowPageTraceBehavior [ RunTime:0.001090s ]
INFO: [ app_end ] --END-- [ RunTime:0.001249s ]

[ 2015-11-11T11:29:59+08:00 ] 192.168.0.222 /Role/add.html
INFO: [ app_init ] --START--
INFO: Run Behavior\BuildLiteBehavior [ RunTime:0.000030s ]
INFO: [ app_init ] --END-- [ RunTime:0.000830s ]
INFO: [ app_begin ] --START--
INFO: Run Behavior\ReadHtmlCacheBehavior [ RunTime:0.001375s ]
INFO: [ app_begin ] --END-- [ RunTime:0.001591s ]
NOTIC: [2048] Declaration of Admin\Model\RoleModel::add() should be compatible with Think\Model::add($data = '', $options = Array, $replace = false) /home/www/shop/www.19890407.com/Application/Admin/Model/RoleModel.class.php 第 7 行.
SQL: SHOW COLUMNS FROM `role` [ RunTime:0.0011s ]

[ 2015-11-11T11:35:27+08:00 ] 192.168.0.222 /Role/add.html
INFO: [ app_init ] --START--
INFO: Run Behavior\BuildLiteBehavior [ RunTime:0.000030s ]
INFO: [ app_init ] --END-- [ RunTime:0.000819s ]
INFO: [ app_begin ] --START--
INFO: Run Behavior\ReadHtmlCacheBehavior [ RunTime:0.000909s ]
INFO: [ app_begin ] --END-- [ RunTime:0.001116s ]
NOTIC: [2048] Declaration of Admin\Model\RoleModel::add() should be compatible with Think\Model::add($data = '', $options = Array, $replace = false) /home/www/shop/www.19890407.com/Application/Admin/Model/RoleModel.class.php 第 7 行.
SQL: SHOW COLUMNS FROM `role` [ RunTime:0.0008s ]
NOTIC: [2048] Declaration of Admin\Model\PermissionModel::add() should be compatible with Think\Model::add($data = '', $options = Array, $replace = false) /home/www/shop/www.19890407.com/Application/Admin/Model/PermissionModel.class.php 第 58 行.
NOTIC: [2048] Declaration of Admin\Model\PermissionModel::save() should be compatible with Think\Model::save($data = '', $options = Array) /home/www/shop/www.19890407.com/Application/Admin/Model/PermissionModel.class.php 第 58 行.
SQL: SHOW COLUMNS FROM `permission` [ RunTime:0.0008s ]
SQL: SELECT `id`,`name`,`parent_id` FROM `permission` WHERE ( status>=0 ) ORDER BY sort  [ RunTime:0.0003s ]
INFO: [ view_parse ] --START--
INFO: [ template_filter ] --START--
INFO: Run Behavior\ContentReplaceBehavior [ RunTime:0.000276s ]
INFO: [ template_filter ] --END-- [ RunTime:0.000338s ]
NOTIC: [8] Undefined variable: name /home/www/shop/www.19890407.com/Runtime/Cache/Admin/5ea97d8cf3024cb32b6d71d3c388ffea.php 第 29 行.
NOTIC: [8] Undefined variable: intro /home/www/shop/www.19890407.com/Runtime/Cache/Admin/5ea97d8cf3024cb32b6d71d3c388ffea.php 第 42 行.
NOTIC: [8] Undefined variable: id /home/www/shop/www.19890407.com/Runtime/Cache/Admin/5ea97d8cf3024cb32b6d71d3c388ffea.php 第 63 行.
INFO: Run Behavior\ParseTemplateBehavior [ RunTime:0.011114s ]
INFO: [ view_parse ] --END-- [ RunTime:0.011189s ]
INFO: [ view_filter ] --START--
INFO: Run Behavior\WriteHtmlCacheBehavior [ RunTime:0.000211s ]
INFO: [ view_filter ] --END-- [ RunTime:0.000262s ]
INFO: [ app_end ] --START--
INFO: Run Behavior\ShowPageTraceBehavior [ RunTime:0.000591s ]
INFO: [ app_end ] --END-- [ RunTime:0.000642s ]

[ 2015-11-11T11:40:06+08:00 ] 192.168.0.222 /Role/add.html
INFO: [ app_init ] --START--
INFO: Run Behavior\BuildLiteBehavior [ RunTime:0.000096s ]
INFO: [ app_init ] --END-- [ RunTime:0.000696s ]
INFO: [ app_begin ] --START--
INFO: Run Behavior\ReadHtmlCacheBehavior [ RunTime:0.000740s ]
INFO: [ app_begin ] --END-- [ RunTime:0.000821s ]
NOTIC: [2048] Declaration of Admin\Model\RoleModel::add() should be compatible with Think\Model::add($data = '', $options = Array, $replace = false) /home/www/shop/www.19890407.com/Application/Admin/Model/RoleModel.class.php 第 7 行.
SQL: SHOW COLUMNS FROM `role` [ RunTime:0.0011s ]
NOTIC: [2048] Declaration of Admin\Model\PermissionModel::add() should be compatible with Think\Model::add($data = '', $options = Array, $replace = false) /home/www/shop/www.19890407.com/Application/Admin/Model/PermissionModel.class.php 第 58 行.
NOTIC: [2048] Declaration of Admin\Model\PermissionModel::save() should be compatible with Think\Model::save($data = '', $options = Array) /home/www/shop/www.19890407.com/Application/Admin/Model/PermissionModel.class.php 第 58 行.
SQL: SHOW COLUMNS FROM `permission` [ RunTime:0.0016s ]
SQL: SELECT `id`,`name`,`parent_id` FROM `permission` WHERE ( status>=0 ) ORDER BY sort  [ RunTime:0.0005s ]
INFO: [ view_parse ] --START--
INFO: [ template_filter ] --START--
INFO: Run Behavior\ContentReplaceBehavior [ RunTime:0.000259s ]
INFO: [ template_filter ] --END-- [ RunTime:0.000343s ]
NOTIC: [8] Undefined variable: name /home/www/shop/www.19890407.com/Runtime/Cache/Admin/5ea97d8cf3024cb32b6d71d3c388ffea.php 第 29 行.
NOTIC: [8] Undefined variable: intro /home/www/shop/www.19890407.com/Runtime/Cache/Admin/5ea97d8cf3024cb32b6d71d3c388ffea.php 第 42 行.
NOTIC: [8] Undefined variable: id /home/www/shop/www.19890407.com/Runtime/Cache/Admin/5ea97d8cf3024cb32b6d71d3c388ffea.php 第 63 行.
INFO: Run Behavior\ParseTemplateBehavior [ RunTime:0.025686s ]
INFO: [ view_parse ] --END-- [ RunTime:0.025785s ]
INFO: [ view_filter ] --START--
INFO: Run Behavior\WriteHtmlCacheBehavior [ RunTime:0.000234s ]
INFO: [ view_filter ] --END-- [ RunTime:0.000293s ]
INFO: [ app_end ] --START--
INFO: Run Behavior\ShowPageTraceBehavior [ RunTime:0.000698s ]
INFO: [ app_end ] --END-- [ RunTime:0.000767s ]

[ 2015-11-11T11:42:52+08:00 ] 192.168.0.222 /Role/add.html
INFO: [ app_init ] --START--
INFO: Run Behavior\BuildLiteBehavior [ RunTime:0.000019s ]
INFO: [ app_init ] --END-- [ RunTime:0.000430s ]
INFO: [ app_begin ] --START--
INFO: Run Behavior\ReadHtmlCacheBehavior [ RunTime:0.000562s ]
INFO: [ app_begin ] --END-- [ RunTime:0.000626s ]
NOTIC: [2048] Declaration of Admin\Model\RoleModel::add() should be compatible with Think\Model::add($data = '', $options = Array, $replace = false) /home/www/shop/www.19890407.com/Application/Admin/Model/RoleModel.class.php 第 7 行.
SQL: SHOW COLUMNS FROM `role` [ RunTime:0.0009s ]
NOTIC: [2048] Declaration of Admin\Model\PermissionModel::add() should be compatible with Think\Model::add($data = '', $options = Array, $replace = false) /home/www/shop/www.19890407.com/Application/Admin/Model/PermissionModel.class.php 第 58 行.
NOTIC: [2048] Declaration of Admin\Model\PermissionModel::save() should be compatible with Think\Model::save($data = '', $options = Array) /home/www/shop/www.19890407.com/Application/Admin/Model/PermissionModel.class.php 第 58 行.
SQL: SHOW COLUMNS FROM `permission` [ RunTime:0.0016s ]
SQL: SELECT `id`,`name`,`parent_id` FROM `permission` WHERE ( status>=0 ) ORDER BY sort  [ RunTime:0.0004s ]
INFO: [ view_parse ] --START--
INFO: [ template_filter ] --START--
INFO: Run Behavior\ContentReplaceBehavior [ RunTime:0.000192s ]
INFO: [ template_filter ] --END-- [ RunTime:0.000252s ]
NOTIC: [8] Undefined variable: name /home/www/shop/www.19890407.com/Runtime/Cache/Admin/5ea97d8cf3024cb32b6d71d3c388ffea.php 第 29 行.
NOTIC: [8] Undefined variable: intro /home/www/shop/www.19890407.com/Runtime/Cache/Admin/5ea97d8cf3024cb32b6d71d3c388ffea.php 第 42 行.
NOTIC: [8] Undefined variable: id /home/www/shop/www.19890407.com/Runtime/Cache/Admin/5ea97d8cf3024cb32b6d71d3c388ffea.php 第 63 行.
INFO: Run Behavior\ParseTemplateBehavior [ RunTime:0.010820s ]
INFO: [ view_parse ] --END-- [ RunTime:0.010906s ]
INFO: [ view_filter ] --START--
INFO: Run Behavior\WriteHtmlCacheBehavior [ RunTime:0.000529s ]
INFO: [ view_filter ] --END-- [ RunTime:0.000630s ]
INFO: [ app_end ] --START--
INFO: Run Behavior\ShowPageTraceBehavior [ RunTime:0.000633s ]
INFO: [ app_end ] --END-- [ RunTime:0.000685s ]

[ 2015-11-11T11:44:29+08:00 ] 192.168.0.222 /Role/add.html
INFO: [ app_init ] --START--
INFO: Run Behavior\BuildLiteBehavior [ RunTime:0.000019s ]
INFO: [ app_init ] --END-- [ RunTime:0.000480s ]
INFO: [ app_begin ] --START--
INFO: Run Behavior\ReadHtmlCacheBehavior [ RunTime:0.000540s ]
INFO: [ app_begin ] --END-- [ RunTime:0.000602s ]
NOTIC: [2048] Declaration of Admin\Model\RoleModel::add() should be compatible with Think\Model::add($data = '', $options = Array, $replace = false) /home/www/shop/www.19890407.com/Application/Admin/Model/RoleModel.class.php 第 7 行.
SQL: SHOW COLUMNS FROM `role` [ RunTime:0.0010s ]
NOTIC: [2048] Declaration of Admin\Model\PermissionModel::add() should be compatible with Think\Model::add($data = '', $options = Array, $replace = false) /home/www/shop/www.19890407.com/Application/Admin/Model/PermissionModel.class.php 第 58 行.
NOTIC: [2048] Declaration of Admin\Model\PermissionModel::save() should be compatible with Think\Model::save($data = '', $options = Array) /home/www/shop/www.19890407.com/Application/Admin/Model/PermissionModel.class.php 第 58 行.
SQL: SHOW COLUMNS FROM `permission` [ RunTime:0.0009s ]
SQL: SELECT `id`,`name`,`parent_id` FROM `permission` WHERE ( status>=0 ) ORDER BY sort  [ RunTime:0.0009s ]
INFO: [ view_parse ] --START--
INFO: [ template_filter ] --START--
INFO: Run Behavior\ContentReplaceBehavior [ RunTime:0.000175s ]
INFO: [ template_filter ] --END-- [ RunTime:0.000240s ]
NOTIC: [8] Undefined variable: name /home/www/shop/www.19890407.com/Runtime/Cache/Admin/5ea97d8cf3024cb32b6d71d3c388ffea.php 第 29 行.
NOTIC: [8] Undefined variable: intro /home/www/shop/www.19890407.com/Runtime/Cache/Admin/5ea97d8cf3024cb32b6d71d3c388ffea.php 第 42 行.
NOTIC: [8] Undefined variable: id /home/www/shop/www.19890407.com/Runtime/Cache/Admin/5ea97d8cf3024cb32b6d71d3c388ffea.php 第 63 行.
INFO: Run Behavior\ParseTemplateBehavior [ RunTime:0.011383s ]
INFO: [ view_parse ] --END-- [ RunTime:0.011472s ]
INFO: [ view_filter ] --START--
INFO: Run Behavior\WriteHtmlCacheBehavior [ RunTime:0.000199s ]
INFO: [ view_filter ] --END-- [ RunTime:0.000245s ]
INFO: [ app_end ] --START--
INFO: Run Behavior\ShowPageTraceBehavior [ RunTime:0.000557s ]
INFO: [ app_end ] --END-- [ RunTime:0.000608s ]

[ 2015-11-11T11:44:59+08:00 ] 192.168.0.222 /Role/add.html
INFO: [ app_init ] --START--
INFO: Run Behavior\BuildLiteBehavior [ RunTime:0.000016s ]
INFO: [ app_init ] --END-- [ RunTime:0.000460s ]
INFO: [ app_begin ] --START--
INFO: Run Behavior\ReadHtmlCacheBehavior [ RunTime:0.000574s ]
INFO: [ app_begin ] --END-- [ RunTime:0.000638s ]
NOTIC: [2048] Declaration of Admin\Model\RoleModel::add() should be compatible with Think\Model::add($data = '', $options = Array, $replace = false) /home/www/shop/www.19890407.com/Application/Admin/Model/RoleModel.class.php 第 7 行.
SQL: SHOW COLUMNS FROM `role` [ RunTime:0.0010s ]
NOTIC: [2048] Declaration of Admin\Model\PermissionModel::add() should be compatible with Think\Model::add($data = '', $options = Array, $replace = false) /home/www/shop/www.19890407.com/Application/Admin/Model/PermissionModel.class.php 第 58 行.
NOTIC: [2048] Declaration of Admin\Model\PermissionModel::save() should be compatible with Think\Model::save($data = '', $options = Array) /home/www/shop/www.19890407.com/Application/Admin/Model/PermissionModel.class.php 第 58 行.
SQL: SHOW COLUMNS FROM `permission` [ RunTime:0.0014s ]
SQL: SELECT `id`,`name`,`parent_id` FROM `permission` WHERE ( status>=0 ) ORDER BY sort  [ RunTime:0.0004s ]
INFO: [ view_parse ] --START--
INFO: [ template_filter ] --START--
INFO: Run Behavior\ContentReplaceBehavior [ RunTime:0.000169s ]
INFO: [ template_filter ] --END-- [ RunTime:0.000243s ]
NOTIC: [8] Undefined variable: name /home/www/shop/www.19890407.com/Runtime/Cache/Admin/5ea97d8cf3024cb32b6d71d3c388ffea.php 第 29 行.
NOTIC: [8] Undefined variable: intro /home/www/shop/www.19890407.com/Runtime/Cache/Admin/5ea97d8cf3024cb32b6d71d3c388ffea.php 第 42 行.
NOTIC: [8] Undefined variable: id /home/www/shop/www.19890407.com/Runtime/Cache/Admin/5ea97d8cf3024cb32b6d71d3c388ffea.php 第 63 行.
INFO: Run Behavior\ParseTemplateBehavior [ RunTime:0.012007s ]
INFO: [ view_parse ] --END-- [ RunTime:0.012084s ]
INFO: [ view_filter ] --START--
INFO: Run Behavior\WriteHtmlCacheBehavior [ RunTime:0.000161s ]
INFO: [ view_filter ] --END-- [ RunTime:0.000206s ]
INFO: [ app_end ] --START--
INFO: Run Behavior\ShowPageTraceBehavior [ RunTime:0.000557s ]
INFO: [ app_end ] --END-- [ RunTime:0.000646s ]

[ 2015-11-11T11:47:00+08:00 ] 192.168.0.222 /Role/add.html
INFO: [ app_init ] --START--
INFO: Run Behavior\BuildLiteBehavior [ RunTime:0.000067s ]
INFO: [ app_init ] --END-- [ RunTime:0.000747s ]
INFO: [ app_begin ] --START--
INFO: Run Behavior\ReadHtmlCacheBehavior [ RunTime:0.000767s ]
INFO: [ app_begin ] --END-- [ RunTime:0.000895s ]
NOTIC: [2048] Declaration of Admin\Model\RoleModel::add() should be compatible with Think\Model::add($data = '', $options = Array, $replace = false) /home/www/shop/www.19890407.com/Application/Admin/Model/RoleModel.class.php 第 7 行.
SQL: SHOW COLUMNS FROM `role` [ RunTime:0.0013s ]
NOTIC: [2048] Declaration of Admin\Model\PermissionModel::add() should be compatible with Think\Model::add($data = '', $options = Array, $replace = false) /home/www/shop/www.19890407.com/Application/Admin/Model/PermissionModel.class.php 第 58 行.
NOTIC: [2048] Declaration of Admin\Model\PermissionModel::save() should be compatible with Think\Model::save($data = '', $options = Array) /home/www/shop/www.19890407.com/Application/Admin/Model/PermissionModel.class.php 第 58 行.
SQL: SHOW COLUMNS FROM `permission` [ RunTime:0.0009s ]
SQL: SELECT `id`,`name`,`parent_id` FROM `permission` WHERE ( status>=0 ) ORDER BY sort  [ RunTime:0.0003s ]
INFO: [ view_parse ] --START--
INFO: [ template_filter ] --START--
INFO: Run Behavior\ContentReplaceBehavior [ RunTime:0.000170s ]
INFO: [ template_filter ] --END-- [ RunTime:0.000226s ]
NOTIC: [8] Undefined variable: name /home/www/shop/www.19890407.com/Runtime/Cache/Admin/5ea97d8cf3024cb32b6d71d3c388ffea.php 第 29 行.
NOTIC: [8] Undefined variable: intro /home/www/shop/www.19890407.com/Runtime/Cache/Admin/5ea97d8cf3024cb32b6d71d3c388ffea.php 第 42 行.
NOTIC: [8] Undefined variable: id /home/www/shop/www.19890407.com/Runtime/Cache/Admin/5ea97d8cf3024cb32b6d71d3c388ffea.php 第 63 行.
INFO: Run Behavior\ParseTemplateBehavior [ RunTime:0.011179s ]
INFO: [ view_parse ] --END-- [ RunTime:0.011242s ]
INFO: [ view_filter ] --START--
INFO: Run Behavior\WriteHtmlCacheBehavior [ RunTime:0.000183s ]
INFO: [ view_filter ] --END-- [ RunTime:0.000236s ]
INFO: [ app_end ] --START--
INFO: Run Behavior\ShowPageTraceBehavior [ RunTime:0.000716s ]
INFO: [ app_end ] --END-- [ RunTime:0.000880s ]

[ 2015-11-11T11:47:30+08:00 ] 192.168.0.222 /Role/add.html
INFO: [ app_init ] --START--
INFO: Run Behavior\BuildLiteBehavior [ RunTime:0.000021s ]
INFO: [ app_init ] --END-- [ RunTime:0.000560s ]
INFO: [ app_begin ] --START--
INFO: Run Behavior\ReadHtmlCacheBehavior [ RunTime:0.000732s ]
INFO: [ app_begin ] --END-- [ RunTime:0.000823s ]
NOTIC: [2048] Declaration of Admin\Model\RoleModel::add() should be compatible with Think\Model::add($data = '', $options = Array, $replace = false) /home/www/shop/www.19890407.com/Application/Admin/Model/RoleModel.class.php 第 7 行.
SQL: SHOW COLUMNS FROM `role` [ RunTime:0.0011s ]
NOTIC: [2048] Declaration of Admin\Model\PermissionModel::add() should be compatible with Think\Model::add($data = '', $options = Array, $replace = false) /home/www/shop/www.19890407.com/Application/Admin/Model/PermissionModel.class.php 第 58 行.
NOTIC: [2048] Declaration of Admin\Model\PermissionModel::save() should be compatible with Think\Model::save($data = '', $options = Array) /home/www/shop/www.19890407.com/Application/Admin/Model/PermissionModel.class.php 第 58 行.
SQL: SHOW COLUMNS FROM `permission` [ RunTime:0.0009s ]
SQL: SELECT `id`,`name`,`parent_id` FROM `permission` WHERE ( status>=0 ) ORDER BY sort  [ RunTime:0.0005s ]
INFO: [ view_parse ] --START--
INFO: [ template_filter ] --START--
INFO: Run Behavior\ContentReplaceBehavior [ RunTime:0.000186s ]
INFO: [ template_filter ] --END-- [ RunTime:0.000249s ]
NOTIC: [8] Undefined variable: name /home/www/shop/www.19890407.com/Runtime/Cache/Admin/5ea97d8cf3024cb32b6d71d3c388ffea.php 第 29 行.
NOTIC: [8] Undefined variable: intro /home/www/shop/www.19890407.com/Runtime/Cache/Admin/5ea97d8cf3024cb32b6d71d3c388ffea.php 第 42 行.
NOTIC: [8] Undefined variable: id /home/www/shop/www.19890407.com/Runtime/Cache/Admin/5ea97d8cf3024cb32b6d71d3c388ffea.php 第 63 行.
INFO: Run Behavior\ParseTemplateBehavior [ RunTime:0.011399s ]
INFO: [ view_parse ] --END-- [ RunTime:0.011461s ]
INFO: [ view_filter ] --START--
INFO: Run Behavior\WriteHtmlCacheBehavior [ RunTime:0.000155s ]
INFO: [ view_filter ] --END-- [ RunTime:0.000200s ]
INFO: [ app_end ] --START--
INFO: Run Behavior\ShowPageTraceBehavior [ RunTime:0.000619s ]
INFO: [ app_end ] --END-- [ RunTime:0.000726s ]

[ 2015-11-11T11:48:48+08:00 ] 192.168.0.222 /Role/add.html
INFO: [ app_init ] --START--
INFO: Run Behavior\BuildLiteBehavior [ RunTime:0.000023s ]
INFO: [ app_init ] --END-- [ RunTime:0.000658s ]
INFO: [ app_begin ] --START--
INFO: Run Behavior\ReadHtmlCacheBehavior [ RunTime:0.000839s ]
INFO: [ app_begin ] --END-- [ RunTime:0.000941s ]
NOTIC: [2048] Declaration of Admin\Model\RoleModel::add() should be compatible with Think\Model::add($data = '', $options = Array, $replace = false) /home/www/shop/www.19890407.com/Application/Admin/Model/RoleModel.class.php 第 7 行.
SQL: SHOW COLUMNS FROM `role` [ RunTime:0.0094s ]
NOTIC: [2048] Declaration of Admin\Model\PermissionModel::add() should be compatible with Think\Model::add($data = '', $options = Array, $replace = false) /home/www/shop/www.19890407.com/Application/Admin/Model/PermissionModel.class.php 第 58 行.
NOTIC: [2048] Declaration of Admin\Model\PermissionModel::save() should be compatible with Think\Model::save($data = '', $options = Array) /home/www/shop/www.19890407.com/Application/Admin/Model/PermissionModel.class.php 第 58 行.
SQL: SHOW COLUMNS FROM `permission` [ RunTime:0.0013s ]
SQL: SELECT `id`,`name`,`parent_id` FROM `permission` WHERE ( status>=0 ) ORDER BY sort  [ RunTime:0.0005s ]
INFO: [ view_parse ] --START--
INFO: [ template_filter ] --START--
INFO: Run Behavior\ContentReplaceBehavior [ RunTime:0.000190s ]
INFO: [ template_filter ] --END-- [ RunTime:0.000257s ]
NOTIC: [8] Undefined variable: name /home/www/shop/www.19890407.com/Runtime/Cache/Admin/5ea97d8cf3024cb32b6d71d3c388ffea.php 第 29 行.
NOTIC: [8] Undefined variable: intro /home/www/shop/www.19890407.com/Runtime/Cache/Admin/5ea97d8cf3024cb32b6d71d3c388ffea.php 第 42 行.
NOTIC: [8] Undefined variable: id /home/www/shop/www.19890407.com/Runtime/Cache/Admin/5ea97d8cf3024cb32b6d71d3c388ffea.php 第 63 行.
INFO: Run Behavior\ParseTemplateBehavior [ RunTime:0.018481s ]
INFO: [ view_parse ] --END-- [ RunTime:0.018662s ]
INFO: [ view_filter ] --START--
INFO: Run Behavior\WriteHtmlCacheBehavior [ RunTime:0.000289s ]
INFO: [ view_filter ] --END-- [ RunTime:0.000349s ]
INFO: [ app_end ] --START--
INFO: Run Behavior\ShowPageTraceBehavior [ RunTime:0.000594s ]
INFO: [ app_end ] --END-- [ RunTime:0.000644s ]

[ 2015-11-11T11:49:22+08:00 ] 192.168.0.222 /Role/add.html
INFO: [ app_init ] --START--
INFO: Run Behavior\BuildLiteBehavior [ RunTime:0.000026s ]
INFO: [ app_init ] --END-- [ RunTime:0.000730s ]
INFO: [ app_begin ] --START--
INFO: Run Behavior\ReadHtmlCacheBehavior [ RunTime:0.000948s ]
INFO: [ app_begin ] --END-- [ RunTime:0.001045s ]
NOTIC: [2048] Declaration of Admin\Model\RoleModel::add() should be compatible with Think\Model::add($data = '', $options = Array, $replace = false) /home/www/shop/www.19890407.com/Application/Admin/Model/RoleModel.class.php 第 7 行.
SQL: SHOW COLUMNS FROM `role` [ RunTime:0.0012s ]
NOTIC: [2048] Declaration of Admin\Model\PermissionModel::add() should be compatible with Think\Model::add($data = '', $options = Array, $replace = false) /home/www/shop/www.19890407.com/Application/Admin/Model/PermissionModel.class.php 第 58 行.
NOTIC: [2048] Declaration of Admin\Model\PermissionModel::save() should be compatible with Think\Model::save($data = '', $options = Array) /home/www/shop/www.19890407.com/Application/Admin/Model/PermissionModel.class.php 第 58 行.
SQL: SHOW COLUMNS FROM `permission` [ RunTime:0.0012s ]
SQL: SELECT `id`,`name`,`parent_id` FROM `permission` WHERE ( status>=0 ) ORDER BY sort  [ RunTime:0.0004s ]
INFO: [ view_parse ] --START--
INFO: [ template_filter ] --START--
INFO: Run Behavior\ContentReplaceBehavior [ RunTime:0.000172s ]
INFO: [ template_filter ] --END-- [ RunTime:0.000454s ]
NOTIC: [8] Undefined variable: name /home/www/shop/www.19890407.com/Runtime/Cache/Admin/5ea97d8cf3024cb32b6d71d3c388ffea.php 第 29 行.
NOTIC: [8] Undefined variable: intro /home/www/shop/www.19890407.com/Runtime/Cache/Admin/5ea97d8cf3024cb32b6d71d3c388ffea.php 第 42 行.
NOTIC: [8] Undefined variable: id /home/www/shop/www.19890407.com/Runtime/Cache/Admin/5ea97d8cf3024cb32b6d71d3c388ffea.php 第 63 行.
INFO: Run Behavior\ParseTemplateBehavior [ RunTime:0.010885s ]
INFO: [ view_parse ] --END-- [ RunTime:0.011162s ]
INFO: [ view_filter ] --START--
INFO: Run Behavior\WriteHtmlCacheBehavior [ RunTime:0.000201s ]
INFO: [ view_filter ] --END-- [ RunTime:0.000247s ]
INFO: [ app_end ] --START--
INFO: Run Behavior\ShowPageTraceBehavior [ RunTime:0.000591s ]
INFO: [ app_end ] --END-- [ RunTime:0.000652s ]

[ 2015-11-11T11:50:42+08:00 ] 192.168.0.222 /Role/add.html
INFO: [ app_init ] --START--
INFO: Run Behavior\BuildLiteBehavior [ RunTime:0.000027s ]
INFO: [ app_init ] --END-- [ RunTime:0.009034s ]
INFO: [ app_begin ] --START--
INFO: Run Behavior\ReadHtmlCacheBehavior [ RunTime:0.000899s ]
INFO: [ app_begin ] --END-- [ RunTime:0.000977s ]
NOTIC: [2048] Declaration of Admin\Model\RoleModel::add() should be compatible with Think\Model::add($data = '', $options = Array, $replace = false) /home/www/shop/www.19890407.com/Application/Admin/Model/RoleModel.class.php 第 7 行.
SQL: SHOW COLUMNS FROM `role` [ RunTime:0.0138s ]
NOTIC: [2048] Declaration of Admin\Model\PermissionModel::add() should be compatible with Think\Model::add($data = '', $options = Array, $replace = false) /home/www/shop/www.19890407.com/Application/Admin/Model/PermissionModel.class.php 第 58 行.
NOTIC: [2048] Declaration of Admin\Model\PermissionModel::save() should be compatible with Think\Model::save($data = '', $options = Array) /home/www/shop/www.19890407.com/Application/Admin/Model/PermissionModel.class.php 第 58 行.
SQL: SHOW COLUMNS FROM `permission` [ RunTime:0.0013s ]
SQL: SELECT `id`,`name`,`parent_id` FROM `permission` WHERE ( status>=0 ) ORDER BY sort  [ RunTime:0.0004s ]
INFO: [ view_parse ] --START--
INFO: [ template_filter ] --START--
INFO: Run Behavior\ContentReplaceBehavior [ RunTime:0.000180s ]
INFO: [ template_filter ] --END-- [ RunTime:0.000253s ]
NOTIC: [8] Undefined variable: name /home/www/shop/www.19890407.com/Runtime/Cache/Admin/5ea97d8cf3024cb32b6d71d3c388ffea.php 第 29 行.
NOTIC: [8] Undefined variable: intro /home/www/shop/www.19890407.com/Runtime/Cache/Admin/5ea97d8cf3024cb32b6d71d3c388ffea.php 第 42 行.
NOTIC: [8] Undefined variable: id /home/www/shop/www.19890407.com/Runtime/Cache/Admin/5ea97d8cf3024cb32b6d71d3c388ffea.php 第 63 行.
INFO: Run Behavior\ParseTemplateBehavior [ RunTime:0.019056s ]
INFO: [ view_parse ] --END-- [ RunTime:0.019125s ]
INFO: [ view_filter ] --START--
INFO: Run Behavior\WriteHtmlCacheBehavior [ RunTime:0.000204s ]
INFO: [ view_filter ] --END-- [ RunTime:0.000260s ]
INFO: [ app_end ] --START--
INFO: Run Behavior\ShowPageTraceBehavior [ RunTime:0.000767s ]
INFO: [ app_end ] --END-- [ RunTime:0.000873s ]

[ 2015-11-11T11:52:12+08:00 ] 192.168.0.222 /Role/add.html
INFO: [ app_init ] --START--
INFO: Run Behavior\BuildLiteBehavior [ RunTime:0.000017s ]
INFO: [ app_init ] --END-- [ RunTime:0.001032s ]
INFO: [ app_begin ] --START--
INFO: Run Behavior\ReadHtmlCacheBehavior [ RunTime:0.000641s ]
INFO: [ app_begin ] --END-- [ RunTime:0.000700s ]
NOTIC: [2048] Declaration of Admin\Model\RoleModel::add() should be compatible with Think\Model::add($data = '', $options = Array, $replace = false) /home/www/shop/www.19890407.com/Application/Admin/Model/RoleModel.class.php 第 7 行.
SQL: SHOW COLUMNS FROM `role` [ RunTime:0.0009s ]
NOTIC: [2048] Declaration of Admin\Model\PermissionModel::add() should be compatible with Think\Model::add($data = '', $options = Array, $replace = false) /home/www/shop/www.19890407.com/Application/Admin/Model/PermissionModel.class.php 第 58 行.
NOTIC: [2048] Declaration of Admin\Model\PermissionModel::save() should be compatible with Think\Model::save($data = '', $options = Array) /home/www/shop/www.19890407.com/Application/Admin/Model/PermissionModel.class.php 第 58 行.
SQL: SHOW COLUMNS FROM `permission` [ RunTime:0.0009s ]
SQL: SELECT `id`,`name`,`parent_id` FROM `permission` WHERE ( status>=0 ) ORDER BY sort  [ RunTime:0.0003s ]
INFO: [ view_parse ] --START--
INFO: [ template_filter ] --START--
INFO: Run Behavior\ContentReplaceBehavior [ RunTime:0.000205s ]
INFO: [ template_filter ] --END-- [ RunTime:0.000269s ]
NOTIC: [8] Undefined variable: name /home/www/shop/www.19890407.com/Runtime/Cache/Admin/5ea97d8cf3024cb32b6d71d3c388ffea.php 第 29 行.
NOTIC: [8] Undefined variable: intro /home/www/shop/www.19890407.com/Runtime/Cache/Admin/5ea97d8cf3024cb32b6d71d3c388ffea.php 第 42 行.
NOTIC: [8] Undefined variable: id /home/www/shop/www.19890407.com/Runtime/Cache/Admin/5ea97d8cf3024cb32b6d71d3c388ffea.php 第 63 行.
INFO: Run Behavior\ParseTemplateBehavior [ RunTime:0.010767s ]
INFO: [ view_parse ] --END-- [ RunTime:0.010833s ]
INFO: [ view_filter ] --START--
INFO: Run Behavior\WriteHtmlCacheBehavior [ RunTime:0.000160s ]
INFO: [ view_filter ] --END-- [ RunTime:0.000205s ]
INFO: [ app_end ] --START--
INFO: Run Behavior\ShowPageTraceBehavior [ RunTime:0.000547s ]
INFO: [ app_end ] --END-- [ RunTime:0.000598s ]

[ 2015-11-11T11:52:20+08:00 ] 192.168.0.222 /Role/add.html
INFO: [ app_init ] --START--
INFO: Run Behavior\BuildLiteBehavior [ RunTime:0.000017s ]
INFO: [ app_init ] --END-- [ RunTime:0.000422s ]
INFO: [ app_begin ] --START--
INFO: Run Behavior\ReadHtmlCacheBehavior [ RunTime:0.000535s ]
INFO: [ app_begin ] --END-- [ RunTime:0.000593s ]
NOTIC: [2048] Declaration of Admin\Model\RoleModel::add() should be compatible with Think\Model::add($data = '', $options = Array, $replace = false) /home/www/shop/www.19890407.com/Application/Admin/Model/RoleModel.class.php 第 7 行.
SQL: SHOW COLUMNS FROM `role` [ RunTime:0.0010s ]
NOTIC: [2048] Declaration of Admin\Model\PermissionModel::add() should be compatible with Think\Model::add($data = '', $options = Array, $replace = false) /home/www/shop/www.19890407.com/Application/Admin/Model/PermissionModel.class.php 第 58 行.
NOTIC: [2048] Declaration of Admin\Model\PermissionModel::save() should be compatible with Think\Model::save($data = '', $options = Array) /home/www/shop/www.19890407.com/Application/Admin/Model/PermissionModel.class.php 第 58 行.
SQL: SHOW COLUMNS FROM `permission` [ RunTime:0.0011s ]
SQL: SELECT `id`,`name`,`parent_id` FROM `permission` WHERE ( status>=0 ) ORDER BY sort  [ RunTime:0.0003s ]
INFO: [ view_parse ] --START--
INFO: [ template_filter ] --START--
INFO: Run Behavior\ContentReplaceBehavior [ RunTime:0.000180s ]
INFO: [ template_filter ] --END-- [ RunTime:0.000237s ]
NOTIC: [8] Undefined variable: name /home/www/shop/www.19890407.com/Runtime/Cache/Admin/5ea97d8cf3024cb32b6d71d3c388ffea.php 第 29 行.
NOTIC: [8] Undefined variable: intro /home/www/shop/www.19890407.com/Runtime/Cache/Admin/5ea97d8cf3024cb32b6d71d3c388ffea.php 第 42 行.
NOTIC: [8] Undefined variable: id /home/www/shop/www.19890407.com/Runtime/Cache/Admin/5ea97d8cf3024cb32b6d71d3c388ffea.php 第 63 行.
INFO: Run Behavior\ParseTemplateBehavior [ RunTime:0.011434s ]
INFO: [ view_parse ] --END-- [ RunTime:0.011505s ]
INFO: [ view_filter ] --START--
INFO: Run Behavior\WriteHtmlCacheBehavior [ RunTime:0.000184s ]
INFO: [ view_filter ] --END-- [ RunTime:0.000233s ]
INFO: [ app_end ] --START--
INFO: Run Behavior\ShowPageTraceBehavior [ RunTime:0.000546s ]
INFO: [ app_end ] --END-- [ RunTime:0.000593s ]

[ 2015-11-11T11:53:11+08:00 ] 192.168.0.222 /Role/add.html
INFO: [ app_init ] --START--
INFO: Run Behavior\BuildLiteBehavior [ RunTime:0.000031s ]
INFO: [ app_init ] --END-- [ RunTime:0.002215s ]
INFO: [ app_begin ] --START--
INFO: Run Behavior\ReadHtmlCacheBehavior [ RunTime:0.000883s ]
INFO: [ app_begin ] --END-- [ RunTime:0.001006s ]
NOTIC: [2048] Declaration of Admin\Model\RoleModel::add() should be compatible with Think\Model::add($data = '', $options = Array, $replace = false) /home/www/shop/www.19890407.com/Application/Admin/Model/RoleModel.class.php 第 7 行.
SQL: SHOW COLUMNS FROM `role` [ RunTime:0.0015s ]
NOTIC: [2048] Declaration of Admin\Model\PermissionModel::add() should be compatible with Think\Model::add($data = '', $options = Array, $replace = false) /home/www/shop/www.19890407.com/Application/Admin/Model/PermissionModel.class.php 第 58 行.
NOTIC: [2048] Declaration of Admin\Model\PermissionModel::save() should be compatible with Think\Model::save($data = '', $options = Array) /home/www/shop/www.19890407.com/Application/Admin/Model/PermissionModel.class.php 第 58 行.
SQL: SHOW COLUMNS FROM `permission` [ RunTime:0.0017s ]
SQL: SELECT `id`,`name`,`parent_id` FROM `permission` WHERE ( status>=0 ) ORDER BY sort  [ RunTime:0.0004s ]
INFO: [ view_parse ] --START--
INFO: [ template_filter ] --START--
INFO: Run Behavior\ContentReplaceBehavior [ RunTime:0.000304s ]
INFO: [ template_filter ] --END-- [ RunTime:0.000393s ]
NOTIC: [8] Undefined variable: name /home/www/shop/www.19890407.com/Runtime/Cache/Admin/5ea97d8cf3024cb32b6d71d3c388ffea.php 第 29 行.
NOTIC: [8] Undefined variable: intro /home/www/shop/www.19890407.com/Runtime/Cache/Admin/5ea97d8cf3024cb32b6d71d3c388ffea.php 第 42 行.
NOTIC: [8] Undefined variable: id /home/www/shop/www.19890407.com/Runtime/Cache/Admin/5ea97d8cf3024cb32b6d71d3c388ffea.php 第 63 行.
INFO: Run Behavior\ParseTemplateBehavior [ RunTime:0.015083s ]
INFO: [ view_parse ] --END-- [ RunTime:0.015426s ]
INFO: [ view_filter ] --START--
INFO: Run Behavior\WriteHtmlCacheBehavior [ RunTime:0.000557s ]
INFO: [ view_filter ] --END-- [ RunTime:0.000656s ]
INFO: [ app_end ] --START--
INFO: Run Behavior\ShowPageTraceBehavior [ RunTime:0.000914s ]
INFO: [ app_end ] --END-- [ RunTime:0.000998s ]

[ 2015-11-11T11:53:42+08:00 ] 192.168.0.222 /Role/add.html
INFO: [ app_init ] --START--
INFO: Run Behavior\BuildLiteBehavior [ RunTime:0.000023s ]
INFO: [ app_init ] --END-- [ RunTime:0.000607s ]
INFO: [ app_begin ] --START--
INFO: Run Behavior\ReadHtmlCacheBehavior [ RunTime:0.000787s ]
INFO: [ app_begin ] --END-- [ RunTime:0.000859s ]
NOTIC: [2048] Declaration of Admin\Model\RoleModel::add() should be compatible with Think\Model::add($data = '', $options = Array, $replace = false) /home/www/shop/www.19890407.com/Application/Admin/Model/RoleModel.class.php 第 7 行.
SQL: SHOW COLUMNS FROM `role` [ RunTime:0.0009s ]
NOTIC: [2048] Declaration of Admin\Model\PermissionModel::add() should be compatible with Think\Model::add($data = '', $options = Array, $replace = false) /home/www/shop/www.19890407.com/Application/Admin/Model/PermissionModel.class.php 第 58 行.
NOTIC: [2048] Declaration of Admin\Model\PermissionModel::save() should be compatible with Think\Model::save($data = '', $options = Array) /home/www/shop/www.19890407.com/Application/Admin/Model/PermissionModel.class.php 第 58 行.
SQL: SHOW COLUMNS FROM `permission` [ RunTime:0.0008s ]
SQL: SELECT `id`,`name`,`parent_id` FROM `permission` WHERE ( status>=0 ) ORDER BY sort  [ RunTime:0.0003s ]
INFO: [ view_parse ] --START--
INFO: [ template_filter ] --START--
INFO: Run Behavior\ContentReplaceBehavior [ RunTime:0.000221s ]
INFO: [ template_filter ] --END-- [ RunTime:0.000289s ]
NOTIC: [8] Undefined variable: name /home/www/shop/www.19890407.com/Runtime/Cache/Admin/5ea97d8cf3024cb32b6d71d3c388ffea.php 第 29 行.
NOTIC: [8] Undefined variable: intro /home/www/shop/www.19890407.com/Runtime/Cache/Admin/5ea97d8cf3024cb32b6d71d3c388ffea.php 第 42 行.
NOTIC: [8] Undefined variable: id /home/www/shop/www.19890407.com/Runtime/Cache/Admin/5ea97d8cf3024cb32b6d71d3c388ffea.php 第 63 行.
INFO: Run Behavior\ParseTemplateBehavior [ RunTime:0.010062s ]
INFO: [ view_parse ] --END-- [ RunTime:0.010175s ]
INFO: [ view_filter ] --START--
INFO: Run Behavior\WriteHtmlCacheBehavior [ RunTime:0.000162s ]
INFO: [ view_filter ] --END-- [ RunTime:0.000207s ]
INFO: [ app_end ] --START--
INFO: Run Behavior\ShowPageTraceBehavior [ RunTime:0.000588s ]
INFO: [ app_end ] --END-- [ RunTime:0.000643s ]

[ 2015-11-11T11:54:58+08:00 ] 192.168.0.222 /Role/add.html
INFO: [ app_init ] --START--
INFO: Run Behavior\BuildLiteBehavior [ RunTime:0.000019s ]
INFO: [ app_init ] --END-- [ RunTime:0.000568s ]
INFO: [ app_begin ] --START--
INFO: Run Behavior\ReadHtmlCacheBehavior [ RunTime:0.000668s ]
INFO: [ app_begin ] --END-- [ RunTime:0.000777s ]
NOTIC: [2048] Declaration of Admin\Model\RoleModel::add() should be compatible with Think\Model::add($data = '', $options = Array, $replace = false) /home/www/shop/www.19890407.com/Application/Admin/Model/RoleModel.class.php 第 7 行.
SQL: SHOW COLUMNS FROM `role` [ RunTime:0.0008s ]
NOTIC: [2048] Declaration of Admin\Model\PermissionModel::add() should be compatible with Think\Model::add($data = '', $options = Array, $replace = false) /home/www/shop/www.19890407.com/Application/Admin/Model/PermissionModel.class.php 第 58 行.
NOTIC: [2048] Declaration of Admin\Model\PermissionModel::save() should be compatible with Think\Model::save($data = '', $options = Array) /home/www/shop/www.19890407.com/Application/Admin/Model/PermissionModel.class.php 第 58 行.
SQL: SHOW COLUMNS FROM `permission` [ RunTime:0.0008s ]
SQL: SELECT `id`,`name`,`parent_id` FROM `permission` WHERE ( status>=0 ) ORDER BY sort  [ RunTime:0.0003s ]
INFO: [ view_parse ] --START--
INFO: [ template_filter ] --START--
INFO: Run Behavior\ContentReplaceBehavior [ RunTime:0.000176s ]
INFO: [ template_filter ] --END-- [ RunTime:0.000247s ]
NOTIC: [8] Undefined variable: name /home/www/shop/www.19890407.com/Runtime/Cache/Admin/5ea97d8cf3024cb32b6d71d3c388ffea.php 第 29 行.
NOTIC: [8] Undefined variable: intro /home/www/shop/www.19890407.com/Runtime/Cache/Admin/5ea97d8cf3024cb32b6d71d3c388ffea.php 第 42 行.
NOTIC: [8] Undefined variable: id /home/www/shop/www.19890407.com/Runtime/Cache/Admin/5ea97d8cf3024cb32b6d71d3c388ffea.php 第 63 行.
INFO: Run Behavior\ParseTemplateBehavior [ RunTime:0.010545s ]
INFO: [ view_parse ] --END-- [ RunTime:0.010610s ]
INFO: [ view_filter ] --START--
INFO: Run Behavior\WriteHtmlCacheBehavior [ RunTime:0.000168s ]
INFO: [ view_filter ] --END-- [ RunTime:0.000213s ]
INFO: [ app_end ] --START--
INFO: Run Behavior\ShowPageTraceBehavior [ RunTime:0.000536s ]
INFO: [ app_end ] --END-- [ RunTime:0.000585s ]

[ 2015-11-11T11:56:40+08:00 ] 192.168.0.222 /Role/add.html
INFO: [ app_init ] --START--
INFO: Run Behavior\BuildLiteBehavior [ RunTime:0.000027s ]
INFO: [ app_init ] --END-- [ RunTime:0.000737s ]
INFO: [ app_begin ] --START--
INFO: Run Behavior\ReadHtmlCacheBehavior [ RunTime:0.001237s ]
INFO: [ app_begin ] --END-- [ RunTime:0.001352s ]
NOTIC: [2048] Declaration of Admin\Model\RoleModel::add() should be compatible with Think\Model::add($data = '', $options = Array, $replace = false) /home/www/shop/www.19890407.com/Application/Admin/Model/RoleModel.class.php 第 7 行.
SQL: SHOW COLUMNS FROM `role` [ RunTime:0.0017s ]
NOTIC: [2048] Declaration of Admin\Model\PermissionModel::add() should be compatible with Think\Model::add($data = '', $options = Array, $replace = false) /home/www/shop/www.19890407.com/Application/Admin/Model/PermissionModel.class.php 第 58 行.
NOTIC: [2048] Declaration of Admin\Model\PermissionModel::save() should be compatible with Think\Model::save($data = '', $options = Array) /home/www/shop/www.19890407.com/Application/Admin/Model/PermissionModel.class.php 第 58 行.
SQL: SHOW COLUMNS FROM `permission` [ RunTime:0.0014s ]
SQL: SELECT `id`,`name`,`parent_id` FROM `permission` WHERE ( status>=0 ) ORDER BY sort  [ RunTime:0.0005s ]
INFO: [ view_parse ] --START--
INFO: [ template_filter ] --START--
INFO: Run Behavior\ContentReplaceBehavior [ RunTime:0.000286s ]
INFO: [ template_filter ] --END-- [ RunTime:0.000388s ]
NOTIC: [8] Undefined variable: name /home/www/shop/www.19890407.com/Runtime/Cache/Admin/5ea97d8cf3024cb32b6d71d3c388ffea.php 第 29 行.
NOTIC: [8] Undefined variable: intro /home/www/shop/www.19890407.com/Runtime/Cache/Admin/5ea97d8cf3024cb32b6d71d3c388ffea.php 第 42 行.
NOTIC: [8] Undefined variable: id /home/www/shop/www.19890407.com/Runtime/Cache/Admin/5ea97d8cf3024cb32b6d71d3c388ffea.php 第 63 行.
INFO: Run Behavior\ParseTemplateBehavior [ RunTime:0.019398s ]
INFO: [ view_parse ] --END-- [ RunTime:0.019476s ]
INFO: [ view_filter ] --START--
INFO: Run Behavior\WriteHtmlCacheBehavior [ RunTime:0.000200s ]
INFO: [ view_filter ] --END-- [ RunTime:0.000246s ]
INFO: [ app_end ] --START--
INFO: Run Behavior\ShowPageTraceBehavior [ RunTime:0.000733s ]
INFO: [ app_end ] --END-- [ RunTime:0.000802s ]

[ 2015-11-11T11:56:52+08:00 ] 192.168.0.222 /Role/add.html
INFO: [ app_init ] --START--
INFO: Run Behavior\BuildLiteBehavior [ RunTime:0.000018s ]
INFO: [ app_init ] --END-- [ RunTime:0.000417s ]
INFO: [ app_begin ] --START--
INFO: Run Behavior\ReadHtmlCacheBehavior [ RunTime:0.000643s ]
INFO: [ app_begin ] --END-- [ RunTime:0.000728s ]
NOTIC: [2048] Declaration of Admin\Model\RoleModel::add() should be compatible with Think\Model::add($data = '', $options = Array, $replace = false) /home/www/shop/www.19890407.com/Application/Admin/Model/RoleModel.class.php 第 7 行.
SQL: SHOW COLUMNS FROM `role` [ RunTime:0.0009s ]
NOTIC: [2048] Declaration of Admin\Model\PermissionModel::add() should be compatible with Think\Model::add($data = '', $options = Array, $replace = false) /home/www/shop/www.19890407.com/Application/Admin/Model/PermissionModel.class.php 第 58 行.
NOTIC: [2048] Declaration of Admin\Model\PermissionModel::save() should be compatible with Think\Model::save($data = '', $options = Array) /home/www/shop/www.19890407.com/Application/Admin/Model/PermissionModel.class.php 第 58 行.
SQL: SHOW COLUMNS FROM `permission` [ RunTime:0.0008s ]
SQL: SELECT `id`,`name`,`parent_id` FROM `permission` WHERE ( status>=0 ) ORDER BY sort  [ RunTime:0.0003s ]
INFO: [ view_parse ] --START--
INFO: [ template_filter ] --START--
INFO: Run Behavior\ContentReplaceBehavior [ RunTime:0.000175s ]
INFO: [ template_filter ] --END-- [ RunTime:0.000243s ]
NOTIC: [8] Undefined variable: name /home/www/shop/www.19890407.com/Runtime/Cache/Admin/5ea97d8cf3024cb32b6d71d3c388ffea.php 第 29 行.
NOTIC: [8] Undefined variable: intro /home/www/shop/www.19890407.com/Runtime/Cache/Admin/5ea97d8cf3024cb32b6d71d3c388ffea.php 第 42 行.
NOTIC: [8] Undefined variable: id /home/www/shop/www.19890407.com/Runtime/Cache/Admin/5ea97d8cf3024cb32b6d71d3c388ffea.php 第 63 行.
INFO: Run Behavior\ParseTemplateBehavior [ RunTime:0.016560s ]
INFO: [ view_parse ] --END-- [ RunTime:0.016630s ]
INFO: [ view_filter ] --START--
INFO: Run Behavior\WriteHtmlCacheBehavior [ RunTime:0.000173s ]
INFO: [ view_filter ] --END-- [ RunTime:0.000218s ]
INFO: [ app_end ] --START--
INFO: Run Behavior\ShowPageTraceBehavior [ RunTime:0.000680s ]
INFO: [ app_end ] --END-- [ RunTime:0.000729s ]

[ 2015-11-11T11:57:04+08:00 ] 192.168.0.222 /Role/add.html
INFO: [ app_init ] --START--
INFO: Run Behavior\BuildLiteBehavior [ RunTime:0.000025s ]
INFO: [ app_init ] --END-- [ RunTime:0.000689s ]
INFO: [ app_begin ] --START--
INFO: Run Behavior\ReadHtmlCacheBehavior [ RunTime:0.001352s ]
INFO: [ app_begin ] --END-- [ RunTime:0.001500s ]
NOTIC: [2048] Declaration of Admin\Model\RoleModel::add() should be compatible with Think\Model::add($data = '', $options = Array, $replace = false) /home/www/shop/www.19890407.com/Application/Admin/Model/RoleModel.class.php 第 7 行.
SQL: SHOW COLUMNS FROM `role` [ RunTime:0.0009s ]
NOTIC: [2048] Declaration of Admin\Model\PermissionModel::add() should be compatible with Think\Model::add($data = '', $options = Array, $replace = false) /home/www/shop/www.19890407.com/Application/Admin/Model/PermissionModel.class.php 第 58 行.
NOTIC: [2048] Declaration of Admin\Model\PermissionModel::save() should be compatible with Think\Model::save($data = '', $options = Array) /home/www/shop/www.19890407.com/Application/Admin/Model/PermissionModel.class.php 第 58 行.
SQL: SHOW COLUMNS FROM `permission` [ RunTime:0.0009s ]
SQL: SELECT `id`,`name`,`parent_id` FROM `permission` WHERE ( status>=0 ) ORDER BY sort  [ RunTime:0.0004s ]
INFO: [ view_parse ] --START--
INFO: [ template_filter ] --START--
INFO: Run Behavior\ContentReplaceBehavior [ RunTime:0.000179s ]
INFO: [ template_filter ] --END-- [ RunTime:0.000245s ]
NOTIC: [8] Undefined variable: name /home/www/shop/www.19890407.com/Runtime/Cache/Admin/5ea97d8cf3024cb32b6d71d3c388ffea.php 第 29 行.
NOTIC: [8] Undefined variable: intro /home/www/shop/www.19890407.com/Runtime/Cache/Admin/5ea97d8cf3024cb32b6d71d3c388ffea.php 第 42 行.
NOTIC: [8] Undefined variable: id /home/www/shop/www.19890407.com/Runtime/Cache/Admin/5ea97d8cf3024cb32b6d71d3c388ffea.php 第 63 行.
INFO: Run Behavior\ParseTemplateBehavior [ RunTime:0.010646s ]
INFO: [ view_parse ] --END-- [ RunTime:0.010717s ]
INFO: [ view_filter ] --START--
INFO: Run Behavior\WriteHtmlCacheBehavior [ RunTime:0.000142s ]
INFO: [ view_filter ] --END-- [ RunTime:0.000236s ]
INFO: [ app_end ] --START--
INFO: Run Behavior\ShowPageTraceBehavior [ RunTime:0.000544s ]
INFO: [ app_end ] --END-- [ RunTime:0.000595s ]

[ 2015-11-11T11:59:05+08:00 ] 192.168.0.222 /Role/add.html
INFO: [ app_init ] --START--
INFO: Run Behavior\BuildLiteBehavior [ RunTime:0.000060s ]
INFO: [ app_init ] --END-- [ RunTime:0.000422s ]
INFO: [ app_begin ] --START--
INFO: Run Behavior\ReadHtmlCacheBehavior [ RunTime:0.000426s ]
INFO: [ app_begin ] --END-- [ RunTime:0.000499s ]
NOTIC: [2048] Declaration of Admin\Model\RoleModel::add() should be compatible with Think\Model::add($data = '', $options = Array, $replace = false) /home/www/shop/www.19890407.com/Application/Admin/Model/RoleModel.class.php 第 7 行.
SQL: SHOW COLUMNS FROM `role` [ RunTime:0.0014s ]
NOTIC: [2048] Declaration of Admin\Model\PermissionModel::add() should be compatible with Think\Model::add($data = '', $options = Array, $replace = false) /home/www/shop/www.19890407.com/Application/Admin/Model/PermissionModel.class.php 第 58 行.
NOTIC: [2048] Declaration of Admin\Model\PermissionModel::save() should be compatible with Think\Model::save($data = '', $options = Array) /home/www/shop/www.19890407.com/Application/Admin/Model/PermissionModel.class.php 第 58 行.
SQL: SHOW COLUMNS FROM `permission` [ RunTime:0.0014s ]
SQL: SELECT `id`,`name`,`parent_id` FROM `permission` WHERE ( status>=0 ) ORDER BY sort  [ RunTime:0.0006s ]
INFO: [ view_parse ] --START--
INFO: [ template_filter ] --START--
INFO: Run Behavior\ContentReplaceBehavior [ RunTime:0.000251s ]
INFO: [ template_filter ] --END-- [ RunTime:0.000338s ]
NOTIC: [8] Undefined variable: name /home/www/shop/www.19890407.com/Runtime/Cache/Admin/5ea97d8cf3024cb32b6d71d3c388ffea.php 第 29 行.
NOTIC: [8] Undefined variable: intro /home/www/shop/www.19890407.com/Runtime/Cache/Admin/5ea97d8cf3024cb32b6d71d3c388ffea.php 第 42 行.
NOTIC: [8] Undefined variable: id /home/www/shop/www.19890407.com/Runtime/Cache/Admin/5ea97d8cf3024cb32b6d71d3c388ffea.php 第 63 行.
INFO: Run Behavior\ParseTemplateBehavior [ RunTime:0.018958s ]
INFO: [ view_parse ] --END-- [ RunTime:0.019059s ]
INFO: [ view_filter ] --START--
INFO: Run Behavior\WriteHtmlCacheBehavior [ RunTime:0.000218s ]
INFO: [ view_filter ] --END-- [ RunTime:0.000334s ]
INFO: [ app_end ] --START--
INFO: Run Behavior\ShowPageTraceBehavior [ RunTime:0.000843s ]
INFO: [ app_end ] --END-- [ RunTime:0.000915s ]

[ 2015-11-11T11:59:52+08:00 ] 192.168.0.222 /Role/add.html
INFO: [ app_init ] --START--
INFO: Run Behavior\BuildLiteBehavior [ RunTime:0.000021s ]
INFO: [ app_init ] --END-- [ RunTime:0.000499s ]
INFO: [ app_begin ] --START--
INFO: Run Behavior\ReadHtmlCacheBehavior [ RunTime:0.000668s ]
INFO: [ app_begin ] --END-- [ RunTime:0.000742s ]
NOTIC: [2048] Declaration of Admin\Model\RoleModel::add() should be compatible with Think\Model::add($data = '', $options = Array, $replace = false) /home/www/shop/www.19890407.com/Application/Admin/Model/RoleModel.class.php 第 7 行.
SQL: SHOW COLUMNS FROM `role` [ RunTime:0.0013s ]
NOTIC: [2048] Declaration of Admin\Model\PermissionModel::add() should be compatible with Think\Model::add($data = '', $options = Array, $replace = false) /home/www/shop/www.19890407.com/Application/Admin/Model/PermissionModel.class.php 第 58 行.
NOTIC: [2048] Declaration of Admin\Model\PermissionModel::save() should be compatible with Think\Model::save($data = '', $options = Array) /home/www/shop/www.19890407.com/Application/Admin/Model/PermissionModel.class.php 第 58 行.
SQL: SHOW COLUMNS FROM `permission` [ RunTime:0.0015s ]
SQL: SELECT `id`,`name`,`parent_id` FROM `permission` WHERE ( status>=0 ) ORDER BY sort  [ RunTime:0.0006s ]
INFO: [ view_parse ] --START--
INFO: [ template_filter ] --START--
INFO: Run Behavior\ContentReplaceBehavior [ RunTime:0.000442s ]
INFO: [ template_filter ] --END-- [ RunTime:0.000595s ]
NOTIC: [8] Undefined variable: name /home/www/shop/www.19890407.com/Runtime/Cache/Admin/5ea97d8cf3024cb32b6d71d3c388ffea.php 第 29 行.
NOTIC: [8] Undefined variable: intro /home/www/shop/www.19890407.com/Runtime/Cache/Admin/5ea97d8cf3024cb32b6d71d3c388ffea.php 第 42 行.
NOTIC: [8] Undefined variable: id /home/www/shop/www.19890407.com/Runtime/Cache/Admin/5ea97d8cf3024cb32b6d71d3c388ffea.php 第 63 行.
INFO: Run Behavior\ParseTemplateBehavior [ RunTime:0.031076s ]
INFO: [ view_parse ] --END-- [ RunTime:0.031172s ]
INFO: [ view_filter ] --START--
INFO: Run Behavior\WriteHtmlCacheBehavior [ RunTime:0.000297s ]
INFO: [ view_filter ] --END-- [ RunTime:0.000346s ]
INFO: [ app_end ] --START--
INFO: Run Behavior\ShowPageTraceBehavior [ RunTime:0.000971s ]
INFO: [ app_end ] --END-- [ RunTime:0.001115s ]

[ 2015-11-11T12:00:27+08:00 ] 192.168.0.222 /Role/add.html
INFO: [ app_init ] --START--
INFO: Run Behavior\BuildLiteBehavior [ RunTime:0.000016s ]
INFO: [ app_init ] --END-- [ RunTime:0.000367s ]
INFO: [ app_begin ] --START--
INFO: Run Behavior\ReadHtmlCacheBehavior [ RunTime:0.000674s ]
INFO: [ app_begin ] --END-- [ RunTime:0.000748s ]
NOTIC: [2048] Declaration of Admin\Model\RoleModel::add() should be compatible with Think\Model::add($data = '', $options = Array, $replace = false) /home/www/shop/www.19890407.com/Application/Admin/Model/RoleModel.class.php 第 7 行.
SQL: SHOW COLUMNS FROM `role` [ RunTime:0.0015s ]
NOTIC: [2048] Declaration of Admin\Model\PermissionModel::add() should be compatible with Think\Model::add($data = '', $options = Array, $replace = false) /home/www/shop/www.19890407.com/Application/Admin/Model/PermissionModel.class.php 第 58 行.
NOTIC: [2048] Declaration of Admin\Model\PermissionModel::save() should be compatible with Think\Model::save($data = '', $options = Array) /home/www/shop/www.19890407.com/Application/Admin/Model/PermissionModel.class.php 第 58 行.
SQL: SHOW COLUMNS FROM `permission` [ RunTime:0.3082s ]
SQL: SELECT `id`,`name`,`parent_id` FROM `permission` WHERE ( status>=0 ) ORDER BY sort  [ RunTime:0.0008s ]
INFO: [ view_parse ] --START--
INFO: [ template_filter ] --START--
INFO: Run Behavior\ContentReplaceBehavior [ RunTime:0.000378s ]
INFO: [ template_filter ] --END-- [ RunTime:0.000494s ]
NOTIC: [8] Undefined variable: name /home/www/shop/www.19890407.com/Runtime/Cache/Admin/5ea97d8cf3024cb32b6d71d3c388ffea.php 第 29 行.
NOTIC: [8] Undefined variable: intro /home/www/shop/www.19890407.com/Runtime/Cache/Admin/5ea97d8cf3024cb32b6d71d3c388ffea.php 第 42 行.
NOTIC: [8] Undefined variable: id /home/www/shop/www.19890407.com/Runtime/Cache/Admin/5ea97d8cf3024cb32b6d71d3c388ffea.php 第 63 行.
INFO: Run Behavior\ParseTemplateBehavior [ RunTime:0.018525s ]
INFO: [ view_parse ] --END-- [ RunTime:0.018722s ]
INFO: [ view_filter ] --START--
INFO: Run Behavior\WriteHtmlCacheBehavior [ RunTime:0.000313s ]
INFO: [ view_filter ] --END-- [ RunTime:0.000389s ]
INFO: [ app_end ] --START--
INFO: Run Behavior\ShowPageTraceBehavior [ RunTime:0.000938s ]
INFO: [ app_end ] --END-- [ RunTime:0.001021s ]

