[ 2016-05-30T09:20:47+08:00 ] 127.0.0.1 /Login/checkLogin.html
INFO: [ app_init ] --START--
INFO: Run Behavior\BuildLiteBehavior [ RunTime:0.000014s ]
INFO: [ app_init ] --END-- [ RunTime:0.000423s ]
INFO: [ app_begin ] --START--
INFO: Run Behavior\ReadHtmlCacheBehavior [ RunTime:0.000541s ]
INFO: [ app_begin ] --END-- [ RunTime:0.000603s ]
INFO: [ action_begin ] --START--
INFO: Run \Admin\Behavior\CheckPermissionBehavior [ RunTime:0.005857s ]
INFO: [ action_begin ] --END-- [ RunTime:0.005942s ]
INFO: [ view_parse ] --START--
INFO: [ template_filter ] --START--
INFO: Run Behavior\ContentReplaceBehavior [ RunTime:0.000087s ]
INFO: [ template_filter ] --END-- [ RunTime:0.000145s ]
INFO: Run Behavior\ParseTemplateBehavior [ RunTime:0.030243s ]
INFO: [ view_parse ] --END-- [ RunTime:0.030323s ]
INFO: [ view_filter ] --START--
INFO: Run Behavior\WriteHtmlCacheBehavior [ RunTime:0.000297s ]
INFO: [ view_filter ] --END-- [ RunTime:0.000335s ]
INFO: [ app_end ] --START--
INFO: Run Behavior\ShowPageTraceBehavior [ RunTime:0.000491s ]
INFO: [ app_end ] --END-- [ RunTime:0.000529s ]

[ 2016-05-30T09:20:48+08:00 ] 127.0.0.1 /Verify/index.html
INFO: [ app_init ] --START--
INFO: Run Behavior\BuildLiteBehavior [ RunTime:0.000084s ]
INFO: [ app_init ] --END-- [ RunTime:0.000609s ]
INFO: [ app_begin ] --START--
INFO: Run Behavior\ReadHtmlCacheBehavior [ RunTime:0.000538s ]
INFO: [ app_begin ] --END-- [ RunTime:0.000601s ]
INFO: [ action_begin ] --START--
INFO: Run \Admin\Behavior\CheckPermissionBehavior [ RunTime:0.000697s ]
INFO: [ action_begin ] --END-- [ RunTime:0.000771s ]
INFO: [ app_end ] --START--
INFO: Run Behavior\ShowPageTraceBehavior [ RunTime:0.000603s ]
INFO: [ app_end ] --END-- [ RunTime:0.000669s ]

[ 2016-05-30T09:21:00+08:00 ] 127.0.0.1 /Login/checkLogin.html
INFO: [ app_init ] --START--
INFO: Run Behavior\BuildLiteBehavior [ RunTime:0.000012s ]
INFO: [ app_init ] --END-- [ RunTime:0.000295s ]
INFO: [ app_begin ] --START--
INFO: Run Behavior\ReadHtmlCacheBehavior [ RunTime:0.000373s ]
INFO: [ app_begin ] --END-- [ RunTime:0.000418s ]
INFO: [ action_begin ] --START--
INFO: Run \Admin\Behavior\CheckPermissionBehavior [ RunTime:0.000631s ]
INFO: [ action_begin ] --END-- [ RunTime:0.000682s ]
NOTIC: [2048] Declaration of Admin\Model\AdminModel::add() should be compatible with Think\Model::add($data = '', $options = Array, $replace = false) D:\www\shop\www.19890407.com\Application\Admin\Model\AdminModel.class.php 第 7 行.
NOTIC: [2048] Declaration of Admin\Model\AdminModel::save() should be compatible with Think\Model::save($data = '', $options = Array) D:\www\shop\www.19890407.com\Application\Admin\Model\AdminModel.class.php 第 7 行.
SQL: SHOW COLUMNS FROM `admin` [ RunTime:0.1144s ]
SQL: SELECT * FROM `admin` WHERE `username` = 'root' LIMIT 1   [ RunTime:0.0009s ]
SQL: select  distinct  id,url from permission  where id in
        (select  distinct rp.permission_id from  admin_role as ar  join role_permission as rp on ar.role_id = rp.role_id  where ar.admin_id = 5) [ RunTime:0.1033s ]
INFO: [ view_parse ] --START--
INFO: [ template_filter ] --START--
INFO: Run Behavior\ContentReplaceBehavior [ RunTime:0.000070s ]
INFO: [ template_filter ] --END-- [ RunTime:0.000127s ]
INFO: Run Behavior\ParseTemplateBehavior [ RunTime:0.018335s ]
INFO: [ view_parse ] --END-- [ RunTime:0.018391s ]
INFO: [ view_filter ] --START--
INFO: Run Behavior\WriteHtmlCacheBehavior [ RunTime:0.000328s ]
INFO: [ view_filter ] --END-- [ RunTime:0.000365s ]
INFO: [ app_end ] --START--
INFO: Run Behavior\ShowPageTraceBehavior [ RunTime:0.000408s ]
INFO: [ app_end ] --END-- [ RunTime:0.000446s ]

[ 2016-05-30T09:21:01+08:00 ] 127.0.0.1 /Index/index.html
INFO: [ app_init ] --START--
INFO: Run Behavior\BuildLiteBehavior [ RunTime:0.000019s ]
INFO: [ app_init ] --END-- [ RunTime:0.000575s ]
INFO: [ app_begin ] --START--
INFO: Run Behavior\ReadHtmlCacheBehavior [ RunTime:0.000403s ]
INFO: [ app_begin ] --END-- [ RunTime:0.000456s ]
INFO: [ action_begin ] --START--
INFO: Run \Admin\Behavior\CheckPermissionBehavior [ RunTime:0.000665s ]
INFO: [ action_begin ] --END-- [ RunTime:0.000777s ]
INFO: [ view_parse ] --START--
INFO: [ template_filter ] --START--
INFO: Run Behavior\ContentReplaceBehavior [ RunTime:0.000060s ]
INFO: [ template_filter ] --END-- [ RunTime:0.000120s ]
INFO: Run Behavior\ParseTemplateBehavior [ RunTime:0.013966s ]
INFO: [ view_parse ] --END-- [ RunTime:0.014049s ]
INFO: [ view_filter ] --START--
INFO: Run Behavior\WriteHtmlCacheBehavior [ RunTime:0.000389s ]
INFO: [ view_filter ] --END-- [ RunTime:0.000438s ]
INFO: [ app_end ] --START--
INFO: Run Behavior\ShowPageTraceBehavior [ RunTime:0.000421s ]
INFO: [ app_end ] --END-- [ RunTime:0.000462s ]

[ 2016-05-30T09:21:01+08:00 ] 127.0.0.1 /Index/top.html
INFO: [ app_init ] --START--
INFO: Run Behavior\BuildLiteBehavior [ RunTime:0.000016s ]
INFO: [ app_init ] --END-- [ RunTime:0.000342s ]
INFO: [ app_begin ] --START--
INFO: Run Behavior\ReadHtmlCacheBehavior [ RunTime:0.000425s ]
INFO: [ app_begin ] --END-- [ RunTime:0.000486s ]
INFO: [ action_begin ] --START--
INFO: Run \Admin\Behavior\CheckPermissionBehavior [ RunTime:0.000403s ]
INFO: [ action_begin ] --END-- [ RunTime:0.000461s ]
INFO: [ view_parse ] --START--
INFO: [ template_filter ] --START--
INFO: Run Behavior\ContentReplaceBehavior [ RunTime:0.000108s ]
INFO: [ template_filter ] --END-- [ RunTime:0.000161s ]
INFO: Run Behavior\ParseTemplateBehavior [ RunTime:0.033533s ]
INFO: [ view_parse ] --END-- [ RunTime:0.033609s ]
INFO: [ view_filter ] --START--
INFO: Run Behavior\WriteHtmlCacheBehavior [ RunTime:0.000329s ]
INFO: [ view_filter ] --END-- [ RunTime:0.000371s ]
INFO: [ app_end ] --START--
INFO: Run Behavior\ShowPageTraceBehavior [ RunTime:0.000393s ]
INFO: [ app_end ] --END-- [ RunTime:0.000431s ]

[ 2016-05-30T09:21:01+08:00 ] 127.0.0.1 /Index/main.html
INFO: [ app_init ] --START--
INFO: Run Behavior\BuildLiteBehavior [ RunTime:0.000015s ]
INFO: [ app_init ] --END-- [ RunTime:0.000335s ]
INFO: [ app_begin ] --START--
INFO: Run Behavior\ReadHtmlCacheBehavior [ RunTime:0.000446s ]
INFO: [ app_begin ] --END-- [ RunTime:0.000502s ]
INFO: [ action_begin ] --START--
INFO: Run \Admin\Behavior\CheckPermissionBehavior [ RunTime:0.001772s ]
INFO: [ action_begin ] --END-- [ RunTime:0.001853s ]
INFO: [ view_parse ] --START--
INFO: [ template_filter ] --START--
INFO: Run Behavior\ContentReplaceBehavior [ RunTime:0.000108s ]
INFO: [ template_filter ] --END-- [ RunTime:0.000174s ]
INFO: Run Behavior\ParseTemplateBehavior [ RunTime:0.014037s ]
INFO: [ view_parse ] --END-- [ RunTime:0.014102s ]
INFO: [ view_filter ] --START--
INFO: Run Behavior\WriteHtmlCacheBehavior [ RunTime:0.000222s ]
INFO: [ view_filter ] --END-- [ RunTime:0.000265s ]
INFO: [ app_end ] --START--
INFO: Run Behavior\ShowPageTraceBehavior [ RunTime:0.000421s ]
INFO: [ app_end ] --END-- [ RunTime:0.000462s ]

[ 2016-05-30T09:21:01+08:00 ] 127.0.0.1 /Index/menu.html
INFO: [ app_init ] --START--
INFO: Run Behavior\BuildLiteBehavior [ RunTime:0.000017s ]
INFO: [ app_init ] --END-- [ RunTime:0.000615s ]
INFO: [ app_begin ] --START--
INFO: Run Behavior\ReadHtmlCacheBehavior [ RunTime:0.000507s ]
INFO: [ app_begin ] --END-- [ RunTime:0.000560s ]
INFO: [ action_begin ] --START--
INFO: Run \Admin\Behavior\CheckPermissionBehavior [ RunTime:0.000657s ]
INFO: [ action_begin ] --END-- [ RunTime:0.000734s ]
SQL: select id,`name`,`url`,`parent_id`,`level` from permission where  status=1 [ RunTime:0.0015s ]
INFO: [ view_parse ] --START--
INFO: [ template_filter ] --START--
INFO: Run Behavior\ContentReplaceBehavior [ RunTime:0.000229s ]
INFO: [ template_filter ] --END-- [ RunTime:0.000287s ]
INFO: Run Behavior\ParseTemplateBehavior [ RunTime:0.020340s ]
INFO: [ view_parse ] --END-- [ RunTime:0.020425s ]
INFO: [ view_filter ] --START--
INFO: Run Behavior\WriteHtmlCacheBehavior [ RunTime:0.000502s ]
INFO: [ view_filter ] --END-- [ RunTime:0.000554s ]
INFO: [ app_end ] --START--
INFO: Run Behavior\ShowPageTraceBehavior [ RunTime:0.000635s ]
INFO: [ app_end ] --END-- [ RunTime:0.000710s ]

[ 2016-05-30T10:26:12+08:00 ] 127.0.0.1 /Goods/index.html
INFO: [ app_init ] --START--
INFO: Run Behavior\BuildLiteBehavior [ RunTime:0.000013s ]
INFO: [ app_init ] --END-- [ RunTime:0.000300s ]
INFO: [ app_begin ] --START--
INFO: Run Behavior\ReadHtmlCacheBehavior [ RunTime:0.000423s ]
INFO: [ app_begin ] --END-- [ RunTime:0.000479s ]
INFO: [ action_begin ] --START--
INFO: Run \Admin\Behavior\CheckPermissionBehavior [ RunTime:0.007362s ]
INFO: [ action_begin ] --END-- [ RunTime:0.007449s ]
NOTIC: [2048] Declaration of Admin\Model\GoodsModel::add() should be compatible with Think\Model::add($data = '', $options = Array, $replace = false) D:\www\shop\www.19890407.com\Application\Admin\Model\GoodsModel.class.php 第 7 行.
NOTIC: [2048] Declaration of Admin\Model\GoodsModel::save() should be compatible with Think\Model::save($data = '', $options = Array) D:\www\shop\www.19890407.com\Application\Admin\Model\GoodsModel.class.php 第 7 行.
SQL: SHOW COLUMNS FROM `goods` [ RunTime:0.0040s ]
SQL: SELECT COUNT(*) AS tp_count FROM `goods` LIMIT 1   [ RunTime:0.0012s ]
SQL: SELECT * FROM `goods` WHERE `status` <> '-1' ORDER BY sort asc LIMIT 0,10   [ RunTime:0.0012s ]
SQL: SHOW COLUMNS FROM `brand` [ RunTime:0.0042s ]
SQL: SELECT * FROM `brand` WHERE `status` = 1 ORDER BY sort  [ RunTime:0.0005s ]
SQL: SHOW COLUMNS FROM `supplier` [ RunTime:0.0037s ]
SQL: SELECT * FROM `supplier` WHERE `status` = 1 ORDER BY sort  [ RunTime:0.0007s ]
INFO: [ view_parse ] --START--
INFO: [ template_filter ] --START--
INFO: Run Behavior\ContentReplaceBehavior [ RunTime:0.000141s ]
INFO: [ template_filter ] --END-- [ RunTime:0.000205s ]
INFO: Run Behavior\ParseTemplateBehavior [ RunTime:0.059272s ]
INFO: [ view_parse ] --END-- [ RunTime:0.059337s ]
INFO: [ view_filter ] --START--
INFO: Run Behavior\WriteHtmlCacheBehavior [ RunTime:0.000268s ]
INFO: [ view_filter ] --END-- [ RunTime:0.000307s ]
INFO: [ app_end ] --START--
INFO: Run Behavior\ShowPageTraceBehavior [ RunTime:0.000570s ]
INFO: [ app_end ] --END-- [ RunTime:0.000638s ]

[ 2016-05-30T10:26:16+08:00 ] 127.0.0.1 /Goods/edit/id/36.html
INFO: [ app_init ] --START--
INFO: Run Behavior\BuildLiteBehavior [ RunTime:0.000015s ]
INFO: [ app_init ] --END-- [ RunTime:0.000409s ]
INFO: [ app_begin ] --START--
INFO: Run Behavior\ReadHtmlCacheBehavior [ RunTime:0.000503s ]
INFO: [ app_begin ] --END-- [ RunTime:0.000554s ]
INFO: [ action_begin ] --START--
INFO: Run \Admin\Behavior\CheckPermissionBehavior [ RunTime:0.000846s ]
INFO: [ action_begin ] --END-- [ RunTime:0.000896s ]
NOTIC: [2048] Declaration of Admin\Model\GoodsModel::add() should be compatible with Think\Model::add($data = '', $options = Array, $replace = false) D:\www\shop\www.19890407.com\Application\Admin\Model\GoodsModel.class.php 第 7 行.
NOTIC: [2048] Declaration of Admin\Model\GoodsModel::save() should be compatible with Think\Model::save($data = '', $options = Array) D:\www\shop\www.19890407.com\Application\Admin\Model\GoodsModel.class.php 第 7 行.
SQL: SHOW COLUMNS FROM `goods` [ RunTime:0.0039s ]
SQL: SELECT * FROM `goods` WHERE `id` = 36 LIMIT 1   [ RunTime:0.0004s ]
NOTIC: [2048] Declaration of Admin\Model\GoodsCategoryModel::getList() should be compatible with Admin\Model\BaseModel::getList($field = 'id,name,pa...') D:\www\shop\www.19890407.com\Application\Admin\Model\GoodsCategoryModel.class.php 第 66 行.
NOTIC: [2048] Declaration of Admin\Model\GoodsCategoryModel::add() should be compatible with Think\Model::add($data = '', $options = Array, $replace = false) D:\www\shop\www.19890407.com\Application\Admin\Model\GoodsCategoryModel.class.php 第 66 行.
NOTIC: [2048] Declaration of Admin\Model\GoodsCategoryModel::save() should be compatible with Think\Model::save($data = '', $options = Array) D:\www\shop\www.19890407.com\Application\Admin\Model\GoodsCategoryModel.class.php 第 66 行.
SQL: SHOW COLUMNS FROM `goods_category` [ RunTime:0.0039s ]
SQL: SELECT * FROM `goods_category` WHERE ( status>=0 ) ORDER BY lft  [ RunTime:0.0004s ]
SQL: SHOW COLUMNS FROM `brand` [ RunTime:0.0055s ]
SQL: SELECT * FROM `brand` WHERE `status` = 1 ORDER BY sort  [ RunTime:0.0008s ]
SQL: SHOW COLUMNS FROM `supplier` [ RunTime:0.0042s ]
SQL: SELECT * FROM `supplier` WHERE `status` = 1 ORDER BY sort  [ RunTime:0.0006s ]
SQL: SHOW COLUMNS FROM `member_level` [ RunTime:0.0046s ]
SQL: SELECT `id`,`name` FROM `member_level` WHERE `status` = 1 ORDER BY sort  [ RunTime:0.0004s ]
SQL: SHOW COLUMNS FROM `goods_type` [ RunTime:0.0035s ]
SQL: SELECT * FROM `goods_type` WHERE `status` = 1 ORDER BY sort  [ RunTime:0.0006s ]
SQL: SHOW COLUMNS FROM `goods_intro` [ RunTime:0.0036s ]
SQL: SELECT `intro` FROM `goods_intro` WHERE `goods_id` = 36 LIMIT 1   [ RunTime:0.0244s ]
SQL: SHOW COLUMNS FROM `goods_album` [ RunTime:0.0039s ]
SQL: SELECT * FROM `goods_album` WHERE `goods_id` = 36  [ RunTime:0.0007s ]
SQL: SHOW COLUMNS FROM `goods_article` [ RunTime:0.0044s ]
SQL: select `name`,`id` from `goods_article` as a join `article` as b on a.article_id=b.id where a.goods_id=36 [ RunTime:0.0238s ]
SQL: SHOW COLUMNS FROM `goods_member_price` [ RunTime:0.0035s ]
SQL: SELECT `member_level_id`,`price` FROM `goods_member_price` WHERE `goods_id` = 36  [ RunTime:0.0167s ]
SQL: SELECT a.id,a.`name`,a.attribute_type,a.attribute_input_type,a.option_values from goods as obj join attribute as a  on a.goods_type_id = obj.goods_type_id  where obj.id = 36 [ RunTime:0.0004s ]
SQL: SHOW COLUMNS FROM `goods_attribute` [ RunTime:0.0043s ]
SQL: SELECT `attribute_id`,`value` FROM `goods_attribute` WHERE `goods_id` = 36  [ RunTime:0.0007s ]
INFO: [ view_parse ] --START--
INFO: [ template_filter ] --START--
INFO: Run Behavior\ContentReplaceBehavior [ RunTime:0.000668s ]
INFO: [ template_filter ] --END-- [ RunTime:0.000726s ]
INFO: Run Behavior\ParseTemplateBehavior [ RunTime:0.074794s ]
INFO: [ view_parse ] --END-- [ RunTime:0.074853s ]
INFO: [ view_filter ] --START--
INFO: Run Behavior\WriteHtmlCacheBehavior [ RunTime:0.000419s ]
INFO: [ view_filter ] --END-- [ RunTime:0.000457s ]
INFO: [ app_end ] --START--
INFO: Run Behavior\ShowPageTraceBehavior [ RunTime:0.000687s ]
INFO: [ app_end ] --END-- [ RunTime:0.000758s ]

[ 2016-05-30T10:26:18+08:00 ] 127.0.0.1 /Goods/edit/id/
INFO: [ app_init ] --START--
INFO: Run Behavior\BuildLiteBehavior [ RunTime:0.000018s ]
INFO: [ app_init ] --END-- [ RunTime:0.000470s ]
INFO: [ app_begin ] --START--
INFO: Run Behavior\ReadHtmlCacheBehavior [ RunTime:0.000524s ]
INFO: [ app_begin ] --END-- [ RunTime:0.000580s ]
INFO: [ action_begin ] --START--
INFO: Run \Admin\Behavior\CheckPermissionBehavior [ RunTime:0.000624s ]
INFO: [ action_begin ] --END-- [ RunTime:0.000686s ]
NOTIC: [2048] Declaration of Admin\Model\GoodsModel::add() should be compatible with Think\Model::add($data = '', $options = Array, $replace = false) D:\www\shop\www.19890407.com\Application\Admin\Model\GoodsModel.class.php 第 7 行.
NOTIC: [2048] Declaration of Admin\Model\GoodsModel::save() should be compatible with Think\Model::save($data = '', $options = Array) D:\www\shop\www.19890407.com\Application\Admin\Model\GoodsModel.class.php 第 7 行.
SQL: SHOW COLUMNS FROM `goods` [ RunTime:0.0041s ]
ERR: 参数错误或者未定义:id

[ 2016-05-30T10:26:23+08:00 ] 127.0.0.1 /Goods/edit.html
INFO: [ app_init ] --START--
INFO: Run Behavior\BuildLiteBehavior [ RunTime:0.000016s ]
INFO: [ app_init ] --END-- [ RunTime:0.000343s ]
INFO: [ app_begin ] --START--
INFO: Run Behavior\ReadHtmlCacheBehavior [ RunTime:0.000771s ]
INFO: [ app_begin ] --END-- [ RunTime:0.000838s ]
INFO: [ action_begin ] --START--
INFO: Run \Admin\Behavior\CheckPermissionBehavior [ RunTime:0.000404s ]
INFO: [ action_begin ] --END-- [ RunTime:0.000482s ]
NOTIC: [2048] Declaration of Admin\Model\GoodsModel::add() should be compatible with Think\Model::add($data = '', $options = Array, $replace = false) D:\www\shop\www.19890407.com\Application\Admin\Model\GoodsModel.class.php 第 7 行.
NOTIC: [2048] Declaration of Admin\Model\GoodsModel::save() should be compatible with Think\Model::save($data = '', $options = Array) D:\www\shop\www.19890407.com\Application\Admin\Model\GoodsModel.class.php 第 7 行.
SQL: SHOW COLUMNS FROM `goods` [ RunTime:0.0429s ]
SQL: SHOW COLUMNS FROM `goods_intro` [ RunTime:0.0053s ]
SQL: DELETE FROM `goods_intro` WHERE ( goods_id=36 ) [ RunTime:0.0011s ]
SQL: INSERT INTO `goods_intro` (`goods_id`,`intro`) VALUES ('36','') [ RunTime:0.0005s ]
NOTIC: [8] Undefined index: upload_album_path D:\www\shop\www.19890407.com\Application\Admin\Model\GoodsModel.class.php 第 134 行.
NOTIC: [2] Invalid argument supplied for foreach() D:\www\shop\www.19890407.com\Application\Admin\Model\GoodsModel.class.php 第 287 行.
NOTIC: [8] Undefined index: article_id D:\www\shop\www.19890407.com\Application\Admin\Model\GoodsModel.class.php 第 136 行.
NOTIC: [2] Invalid argument supplied for foreach() D:\www\shop\www.19890407.com\Application\Admin\Model\GoodsModel.class.php 第 261 行.
SQL: SHOW COLUMNS FROM `goods_member_price` [ RunTime:0.0035s ]
SQL: DELETE FROM `goods_member_price` WHERE `goods_id` = 36 [ RunTime:0.0217s ]
SQL: INSERT INTO `goods_member_price` (`goods_id`,`member_level_id`,`price`) VALUES ('36','1','1.00'),('36','2','2.00'),('36','3','3.00') [ RunTime:0.0006s ]
SQL: SELECT obj.id,obj.attribute_id,obj.value FROM `goods_attribute` as obj join attribute as a on obj.attribute_id = a.id where a.attribute_type=2  and obj.goods_id = 36; [ RunTime:0.0004s ]
SQL: SHOW COLUMNS FROM `goods_attribute` [ RunTime:0.0047s ]
SQL: UPDATE `goods_attribute` SET `value`='' WHERE `goods_id` = 36 AND `attribute_id` = 9 [ RunTime:0.0244s ]
SQL: UPDATE `goods_attribute` SET `value`='' WHERE `goods_id` = 36 AND `attribute_id` = 10 [ RunTime:0.0006s ]
SQL: UPDATE `goods` SET `name`='aa',`goods_category_id`='51',`brand_id`='6',`supplier_id`='15',`shop_price`='12.00',`market_price`='13.00',`stock`='2',`is_on_sale`='1',`goods_status`='7',`keyword`='1',`logo`='goods/2016-05-20/573f0a5170076.png',`status`='1',`sort`='10',`goods_type_id`='3' WHERE `id` = 36 [ RunTime:0.0006s ]
INFO: [ view_parse ] --START--
INFO: [ template_filter ] --START--
INFO: Run Behavior\ContentReplaceBehavior [ RunTime:0.000074s ]
INFO: [ template_filter ] --END-- [ RunTime:0.000133s ]
INFO: Run Behavior\ParseTemplateBehavior [ RunTime:0.005867s ]
INFO: [ view_parse ] --END-- [ RunTime:0.005926s ]
INFO: [ view_filter ] --START--
INFO: Run Behavior\WriteHtmlCacheBehavior [ RunTime:0.000342s ]
INFO: [ view_filter ] --END-- [ RunTime:0.000382s ]
INFO: [ app_end ] --START--
INFO: Run Behavior\ShowPageTraceBehavior [ RunTime:0.000504s ]
INFO: [ app_end ] --END-- [ RunTime:0.000543s ]

[ 2016-05-30T10:26:24+08:00 ] 127.0.0.1 /Goods/index.html
INFO: [ app_init ] --START--
INFO: Run Behavior\BuildLiteBehavior [ RunTime:0.000014s ]
INFO: [ app_init ] --END-- [ RunTime:0.000345s ]
INFO: [ app_begin ] --START--
INFO: Run Behavior\ReadHtmlCacheBehavior [ RunTime:0.000415s ]
INFO: [ app_begin ] --END-- [ RunTime:0.000468s ]
INFO: [ action_begin ] --START--
INFO: Run \Admin\Behavior\CheckPermissionBehavior [ RunTime:0.000475s ]
INFO: [ action_begin ] --END-- [ RunTime:0.000549s ]
NOTIC: [2048] Declaration of Admin\Model\GoodsModel::add() should be compatible with Think\Model::add($data = '', $options = Array, $replace = false) D:\www\shop\www.19890407.com\Application\Admin\Model\GoodsModel.class.php 第 7 行.
NOTIC: [2048] Declaration of Admin\Model\GoodsModel::save() should be compatible with Think\Model::save($data = '', $options = Array) D:\www\shop\www.19890407.com\Application\Admin\Model\GoodsModel.class.php 第 7 行.
SQL: SHOW COLUMNS FROM `goods` [ RunTime:0.0236s ]
SQL: SELECT COUNT(*) AS tp_count FROM `goods` LIMIT 1   [ RunTime:0.0009s ]
SQL: SELECT * FROM `goods` WHERE `status` <> '-1' ORDER BY sort asc LIMIT 0,10   [ RunTime:0.0011s ]
SQL: SHOW COLUMNS FROM `brand` [ RunTime:0.0038s ]
SQL: SELECT * FROM `brand` WHERE `status` = 1 ORDER BY sort  [ RunTime:0.0006s ]
SQL: SHOW COLUMNS FROM `supplier` [ RunTime:0.0037s ]
SQL: SELECT * FROM `supplier` WHERE `status` = 1 ORDER BY sort  [ RunTime:0.0006s ]
INFO: [ view_parse ] --START--
INFO: [ template_filter ] --START--
INFO: Run Behavior\ContentReplaceBehavior [ RunTime:0.000138s ]
INFO: [ template_filter ] --END-- [ RunTime:0.000194s ]
INFO: Run Behavior\ParseTemplateBehavior [ RunTime:0.010191s ]
INFO: [ view_parse ] --END-- [ RunTime:0.010245s ]
INFO: [ view_filter ] --START--
INFO: Run Behavior\WriteHtmlCacheBehavior [ RunTime:0.000331s ]
INFO: [ view_filter ] --END-- [ RunTime:0.000369s ]
INFO: [ app_end ] --START--
INFO: Run Behavior\ShowPageTraceBehavior [ RunTime:0.000537s ]
INFO: [ app_end ] --END-- [ RunTime:0.000610s ]

[ 2016-05-30T10:43:23+08:00 ] 127.0.0.1 /OrderInfo/index.html
INFO: [ app_init ] --START--
INFO: Run Behavior\BuildLiteBehavior [ RunTime:0.000015s ]
INFO: [ app_init ] --END-- [ RunTime:0.000329s ]
INFO: [ app_begin ] --START--
INFO: Run Behavior\ReadHtmlCacheBehavior [ RunTime:0.000408s ]
INFO: [ app_begin ] --END-- [ RunTime:0.000452s ]
INFO: [ action_begin ] --START--
INFO: Run \Admin\Behavior\CheckPermissionBehavior [ RunTime:0.000544s ]
INFO: [ action_begin ] --END-- [ RunTime:0.000619s ]
NOTIC: [2048] Declaration of Admin\Model\OrderInfoModel::getList() should be compatible with Admin\Model\BaseModel::getList($field = 'id,name,pa...') D:\www\shop\www.19890407.com\Application\Admin\Model\OrderInfoModel.class.php 第 8 行.
SQL: SHOW COLUMNS FROM `order_info` [ RunTime:0.0051s ]
SQL: SELECT `id`,`sn`,`receiver`,`pay_status`,`order_status`,`shipping_status`,`inputtime` FROM `order_info` ORDER BY id  [ RunTime:0.0008s ]
SQL: SHOW COLUMNS FROM `order_info_item` [ RunTime:0.0039s ]
SQL: SELECT `order_info_id`,`price` FROM `order_info_item` WHERE ( order_info_id in (47,48) )  [ RunTime:0.0264s ]
NOTIC: [8] Undefined index: money D:\www\shop\www.19890407.com\Application\Admin\Model\OrderInfoModel.class.php 第 25 行.
NOTIC: [8] Undefined index: money D:\www\shop\www.19890407.com\Application\Admin\Model\OrderInfoModel.class.php 第 25 行.
INFO: [ view_parse ] --START--
INFO: [ template_filter ] --START--
INFO: Run Behavior\ContentReplaceBehavior [ RunTime:0.000184s ]
INFO: [ template_filter ] --END-- [ RunTime:0.000239s ]
NOTIC: [8] Undefined variable: meta_title D:\www\shop\www.19890407.com\Runtime\Cache\Admin\ac39c4b0b62e39a4e3c957202384d0b8.php 第 5 行.
NOTIC: [8] Undefined variable: meta_title D:\www\shop\www.19890407.com\Runtime\Cache\Admin\ac39c4b0b62e39a4e3c957202384d0b8.php 第 21 行.
NOTIC: [8] Undefined variable: order_sn D:\www\shop\www.19890407.com\Runtime\Cache\Admin\ac39c4b0b62e39a4e3c957202384d0b8.php 第 29 行.
NOTIC: [8] Undefined variable: receiver D:\www\shop\www.19890407.com\Runtime\Cache\Admin\ac39c4b0b62e39a4e3c957202384d0b8.php 第 30 行.
NOTIC: [8] Undefined variable: pay_status D:\www\shop\www.19890407.com\Runtime\Cache\Admin\ac39c4b0b62e39a4e3c957202384d0b8.php 第 34 行.
NOTIC: [8] Undefined variable: pay_status D:\www\shop\www.19890407.com\Runtime\Cache\Admin\ac39c4b0b62e39a4e3c957202384d0b8.php 第 35 行.
NOTIC: [8] Undefined variable: shipping_status D:\www\shop\www.19890407.com\Runtime\Cache\Admin\ac39c4b0b62e39a4e3c957202384d0b8.php 第 40 行.
NOTIC: [8] Undefined variable: shipping_status D:\www\shop\www.19890407.com\Runtime\Cache\Admin\ac39c4b0b62e39a4e3c957202384d0b8.php 第 41 行.
NOTIC: [8] Undefined variable: shipping_status D:\www\shop\www.19890407.com\Runtime\Cache\Admin\ac39c4b0b62e39a4e3c957202384d0b8.php 第 42 行.
NOTIC: [8] Undefined variable: order_status D:\www\shop\www.19890407.com\Runtime\Cache\Admin\ac39c4b0b62e39a4e3c957202384d0b8.php 第 47 行.
NOTIC: [8] Undefined variable: order_status D:\www\shop\www.19890407.com\Runtime\Cache\Admin\ac39c4b0b62e39a4e3c957202384d0b8.php 第 48 行.
NOTIC: [8] Undefined variable: order_status D:\www\shop\www.19890407.com\Runtime\Cache\Admin\ac39c4b0b62e39a4e3c957202384d0b8.php 第 49 行.
NOTIC: [8] Undefined variable: order_status D:\www\shop\www.19890407.com\Runtime\Cache\Admin\ac39c4b0b62e39a4e3c957202384d0b8.php 第 50 行.
NOTIC: [8] Undefined variable: pageHtml D:\www\shop\www.19890407.com\Runtime\Cache\Admin\ac39c4b0b62e39a4e3c957202384d0b8.php 第 95 行.
INFO: Run Behavior\ParseTemplateBehavior [ RunTime:0.021515s ]
INFO: [ view_parse ] --END-- [ RunTime:0.021583s ]
INFO: [ view_filter ] --START--
INFO: Run Behavior\WriteHtmlCacheBehavior [ RunTime:0.000378s ]
INFO: [ view_filter ] --END-- [ RunTime:0.000416s ]
INFO: [ app_end ] --START--
INFO: Run Behavior\ShowPageTraceBehavior [ RunTime:0.000394s ]
INFO: [ app_end ] --END-- [ RunTime:0.000432s ]

[ 2016-05-30T10:43:26+08:00 ] 127.0.0.1 /Index/index.html
INFO: [ app_init ] --START--
INFO: Run Behavior\BuildLiteBehavior [ RunTime:0.000013s ]
INFO: [ app_init ] --END-- [ RunTime:0.000306s ]
INFO: [ app_begin ] --START--
INFO: Run Behavior\ReadHtmlCacheBehavior [ RunTime:0.000378s ]
INFO: [ app_begin ] --END-- [ RunTime:0.000425s ]
INFO: [ action_begin ] --START--
INFO: Run \Admin\Behavior\CheckPermissionBehavior [ RunTime:0.000554s ]
INFO: [ action_begin ] --END-- [ RunTime:0.000638s ]
INFO: [ view_parse ] --START--
INFO: [ template_filter ] --START--
INFO: Run Behavior\ContentReplaceBehavior [ RunTime:0.000061s ]
INFO: [ template_filter ] --END-- [ RunTime:0.000121s ]
INFO: Run Behavior\ParseTemplateBehavior [ RunTime:0.014217s ]
INFO: [ view_parse ] --END-- [ RunTime:0.014300s ]
INFO: [ view_filter ] --START--
INFO: Run Behavior\WriteHtmlCacheBehavior [ RunTime:0.000397s ]
INFO: [ view_filter ] --END-- [ RunTime:0.000446s ]
INFO: [ app_end ] --START--
INFO: Run Behavior\ShowPageTraceBehavior [ RunTime:0.000440s ]
INFO: [ app_end ] --END-- [ RunTime:0.000483s ]

[ 2016-05-30T10:43:26+08:00 ] 127.0.0.1 /Index/top.html
INFO: [ app_init ] --START--
INFO: Run Behavior\BuildLiteBehavior [ RunTime:0.000014s ]
INFO: [ app_init ] --END-- [ RunTime:0.000313s ]
INFO: [ app_begin ] --START--
INFO: Run Behavior\ReadHtmlCacheBehavior [ RunTime:0.000384s ]
INFO: [ app_begin ] --END-- [ RunTime:0.000430s ]
INFO: [ action_begin ] --START--
INFO: Run \Admin\Behavior\CheckPermissionBehavior [ RunTime:0.000374s ]
INFO: [ action_begin ] --END-- [ RunTime:0.000421s ]
INFO: [ view_parse ] --START--
INFO: [ template_filter ] --START--
INFO: Run Behavior\ContentReplaceBehavior [ RunTime:0.000106s ]
INFO: [ template_filter ] --END-- [ RunTime:0.000159s ]
INFO: Run Behavior\ParseTemplateBehavior [ RunTime:0.016853s ]
INFO: [ view_parse ] --END-- [ RunTime:0.016903s ]
INFO: [ view_filter ] --START--
INFO: Run Behavior\WriteHtmlCacheBehavior [ RunTime:0.000365s ]
INFO: [ view_filter ] --END-- [ RunTime:0.000407s ]
INFO: [ app_end ] --START--
INFO: Run Behavior\ShowPageTraceBehavior [ RunTime:0.000407s ]
INFO: [ app_end ] --END-- [ RunTime:0.000445s ]

[ 2016-05-30T10:43:26+08:00 ] 127.0.0.1 /Index/menu.html
INFO: [ app_init ] --START--
INFO: Run Behavior\BuildLiteBehavior [ RunTime:0.000014s ]
INFO: [ app_init ] --END-- [ RunTime:0.000368s ]
INFO: [ app_begin ] --START--
INFO: Run Behavior\ReadHtmlCacheBehavior [ RunTime:0.000531s ]
INFO: [ app_begin ] --END-- [ RunTime:0.000581s ]
INFO: [ action_begin ] --START--
INFO: Run \Admin\Behavior\CheckPermissionBehavior [ RunTime:0.000605s ]
INFO: [ action_begin ] --END-- [ RunTime:0.000894s ]
SQL: select id,`name`,`url`,`parent_id`,`level` from permission where  status=1 [ RunTime:0.0008s ]
INFO: [ view_parse ] --START--
INFO: [ template_filter ] --START--
INFO: Run Behavior\ContentReplaceBehavior [ RunTime:0.000228s ]
INFO: [ template_filter ] --END-- [ RunTime:0.000289s ]
INFO: Run Behavior\ParseTemplateBehavior [ RunTime:0.020633s ]
INFO: [ view_parse ] --END-- [ RunTime:0.020692s ]
INFO: [ view_filter ] --START--
INFO: Run Behavior\WriteHtmlCacheBehavior [ RunTime:0.000282s ]
INFO: [ view_filter ] --END-- [ RunTime:0.000318s ]
INFO: [ app_end ] --START--
INFO: Run Behavior\ShowPageTraceBehavior [ RunTime:0.000634s ]
INFO: [ app_end ] --END-- [ RunTime:0.000737s ]

[ 2016-05-30T10:43:26+08:00 ] 127.0.0.1 /Index/main.html
INFO: [ app_init ] --START--
INFO: Run Behavior\BuildLiteBehavior [ RunTime:0.000014s ]
INFO: [ app_init ] --END-- [ RunTime:0.000370s ]
INFO: [ app_begin ] --START--
INFO: Run Behavior\ReadHtmlCacheBehavior [ RunTime:0.000490s ]
INFO: [ app_begin ] --END-- [ RunTime:0.000536s ]
INFO: [ action_begin ] --START--
INFO: Run \Admin\Behavior\CheckPermissionBehavior [ RunTime:0.000897s ]
INFO: [ action_begin ] --END-- [ RunTime:0.000963s ]
INFO: [ view_parse ] --START--
INFO: [ template_filter ] --START--
INFO: Run Behavior\ContentReplaceBehavior [ RunTime:0.000138s ]
INFO: [ template_filter ] --END-- [ RunTime:0.000207s ]
INFO: Run Behavior\ParseTemplateBehavior [ RunTime:0.014767s ]
INFO: [ view_parse ] --END-- [ RunTime:0.014831s ]
INFO: [ view_filter ] --START--
INFO: Run Behavior\WriteHtmlCacheBehavior [ RunTime:0.000325s ]
INFO: [ view_filter ] --END-- [ RunTime:0.000370s ]
INFO: [ app_end ] --START--
INFO: Run Behavior\ShowPageTraceBehavior [ RunTime:0.000744s ]
INFO: [ app_end ] --END-- [ RunTime:0.000791s ]

[ 2016-05-30T10:43:27+08:00 ] 127.0.0.1 /OrderInfo/index.html
INFO: [ app_init ] --START--
INFO: Run Behavior\BuildLiteBehavior [ RunTime:0.000013s ]
INFO: [ app_init ] --END-- [ RunTime:0.000314s ]
INFO: [ app_begin ] --START--
INFO: Run Behavior\ReadHtmlCacheBehavior [ RunTime:0.000395s ]
INFO: [ app_begin ] --END-- [ RunTime:0.000440s ]
INFO: [ action_begin ] --START--
INFO: Run \Admin\Behavior\CheckPermissionBehavior [ RunTime:0.000375s ]
INFO: [ action_begin ] --END-- [ RunTime:0.000424s ]
NOTIC: [2048] Declaration of Admin\Model\OrderInfoModel::getList() should be compatible with Admin\Model\BaseModel::getList($field = 'id,name,pa...') D:\www\shop\www.19890407.com\Application\Admin\Model\OrderInfoModel.class.php 第 8 行.
SQL: SHOW COLUMNS FROM `order_info` [ RunTime:0.0038s ]
SQL: SELECT `id`,`sn`,`receiver`,`pay_status`,`order_status`,`shipping_status`,`inputtime` FROM `order_info` ORDER BY id  [ RunTime:0.0007s ]
SQL: SHOW COLUMNS FROM `order_info_item` [ RunTime:0.0043s ]
SQL: SELECT `order_info_id`,`price` FROM `order_info_item` WHERE ( order_info_id in (47,48) )  [ RunTime:0.0007s ]
NOTIC: [8] Undefined index: money D:\www\shop\www.19890407.com\Application\Admin\Model\OrderInfoModel.class.php 第 25 行.
NOTIC: [8] Undefined index: money D:\www\shop\www.19890407.com\Application\Admin\Model\OrderInfoModel.class.php 第 25 行.
INFO: [ view_parse ] --START--
INFO: [ template_filter ] --START--
INFO: Run Behavior\ContentReplaceBehavior [ RunTime:0.000221s ]
INFO: [ template_filter ] --END-- [ RunTime:0.000287s ]
NOTIC: [8] Undefined variable: meta_title D:\www\shop\www.19890407.com\Runtime\Cache\Admin\ac39c4b0b62e39a4e3c957202384d0b8.php 第 5 行.
NOTIC: [8] Undefined variable: meta_title D:\www\shop\www.19890407.com\Runtime\Cache\Admin\ac39c4b0b62e39a4e3c957202384d0b8.php 第 21 行.
NOTIC: [8] Undefined variable: order_sn D:\www\shop\www.19890407.com\Runtime\Cache\Admin\ac39c4b0b62e39a4e3c957202384d0b8.php 第 29 行.
NOTIC: [8] Undefined variable: receiver D:\www\shop\www.19890407.com\Runtime\Cache\Admin\ac39c4b0b62e39a4e3c957202384d0b8.php 第 30 行.
NOTIC: [8] Undefined variable: pay_status D:\www\shop\www.19890407.com\Runtime\Cache\Admin\ac39c4b0b62e39a4e3c957202384d0b8.php 第 34 行.
NOTIC: [8] Undefined variable: pay_status D:\www\shop\www.19890407.com\Runtime\Cache\Admin\ac39c4b0b62e39a4e3c957202384d0b8.php 第 35 行.
NOTIC: [8] Undefined variable: shipping_status D:\www\shop\www.19890407.com\Runtime\Cache\Admin\ac39c4b0b62e39a4e3c957202384d0b8.php 第 40 行.
NOTIC: [8] Undefined variable: shipping_status D:\www\shop\www.19890407.com\Runtime\Cache\Admin\ac39c4b0b62e39a4e3c957202384d0b8.php 第 41 行.
NOTIC: [8] Undefined variable: shipping_status D:\www\shop\www.19890407.com\Runtime\Cache\Admin\ac39c4b0b62e39a4e3c957202384d0b8.php 第 42 行.
NOTIC: [8] Undefined variable: order_status D:\www\shop\www.19890407.com\Runtime\Cache\Admin\ac39c4b0b62e39a4e3c957202384d0b8.php 第 47 行.
NOTIC: [8] Undefined variable: order_status D:\www\shop\www.19890407.com\Runtime\Cache\Admin\ac39c4b0b62e39a4e3c957202384d0b8.php 第 48 行.
NOTIC: [8] Undefined variable: order_status D:\www\shop\www.19890407.com\Runtime\Cache\Admin\ac39c4b0b62e39a4e3c957202384d0b8.php 第 49 行.
NOTIC: [8] Undefined variable: order_status D:\www\shop\www.19890407.com\Runtime\Cache\Admin\ac39c4b0b62e39a4e3c957202384d0b8.php 第 50 行.
NOTIC: [8] Undefined variable: pageHtml D:\www\shop\www.19890407.com\Runtime\Cache\Admin\ac39c4b0b62e39a4e3c957202384d0b8.php 第 95 行.
INFO: Run Behavior\ParseTemplateBehavior [ RunTime:0.011624s ]
INFO: [ view_parse ] --END-- [ RunTime:0.011698s ]
INFO: [ view_filter ] --START--
INFO: Run Behavior\WriteHtmlCacheBehavior [ RunTime:0.000249s ]
INFO: [ view_filter ] --END-- [ RunTime:0.000285s ]
INFO: [ app_end ] --START--
INFO: Run Behavior\ShowPageTraceBehavior [ RunTime:0.000398s ]
INFO: [ app_end ] --END-- [ RunTime:0.000436s ]

[ 2016-05-30T10:43:45+08:00 ] 127.0.0.1 /OrderInfo/edit/id/48.html
INFO: [ app_init ] --START--
INFO: Run Behavior\BuildLiteBehavior [ RunTime:0.000014s ]
INFO: [ app_init ] --END-- [ RunTime:0.000324s ]
INFO: [ app_begin ] --START--
INFO: Run Behavior\ReadHtmlCacheBehavior [ RunTime:0.000460s ]
INFO: [ app_begin ] --END-- [ RunTime:0.000525s ]
INFO: [ action_begin ] --START--
INFO: Run \Admin\Behavior\CheckPermissionBehavior [ RunTime:0.000459s ]
INFO: [ action_begin ] --END-- [ RunTime:0.000539s ]
NOTIC: [2048] Declaration of Admin\Model\OrderInfoModel::getList() should be compatible with Admin\Model\BaseModel::getList($field = 'id,name,pa...') D:\www\shop\www.19890407.com\Application\Admin\Model\OrderInfoModel.class.php 第 8 行.
SQL: SHOW COLUMNS FROM `order_info` [ RunTime:0.0040s ]
SQL: SELECT oi.*,m.username FROM order_info oi INNER JOIN member as m on m.id=oi.member_id  WHERE oi.id = '48' LIMIT 1   [ RunTime:0.0012s ]
SQL: SHOW COLUMNS FROM `order_info_item` [ RunTime:0.0054s ]
SQL: SELECT oii.order_info_id,oii.goods_id,oii.name,oii.shop_price,oii.num,oii.price,oii.logo,g.stock FROM order_info_item oii INNER JOIN goods AS g ON  oii.goods_id=g.id  WHERE ( oii.order_info_id = 48 )  [ RunTime:0.0009s ]
INFO: [ view_parse ] --START--
INFO: [ template_filter ] --START--
INFO: Run Behavior\ContentReplaceBehavior [ RunTime:0.000214s ]
INFO: [ template_filter ] --END-- [ RunTime:0.000268s ]
INFO: Run Behavior\ParseTemplateBehavior [ RunTime:0.028461s ]
INFO: [ view_parse ] --END-- [ RunTime:0.028520s ]
INFO: [ view_filter ] --START--
INFO: Run Behavior\WriteHtmlCacheBehavior [ RunTime:0.000269s ]
INFO: [ view_filter ] --END-- [ RunTime:0.000306s ]
INFO: [ app_end ] --START--
INFO: Run Behavior\ShowPageTraceBehavior [ RunTime:0.000507s ]
INFO: [ app_end ] --END-- [ RunTime:0.000566s ]

[ 2016-05-30T10:44:20+08:00 ] 127.0.0.1 /OrderInfo/change.html
INFO: [ app_init ] --START--
INFO: Run Behavior\BuildLiteBehavior [ RunTime:0.000013s ]
INFO: [ app_init ] --END-- [ RunTime:0.000317s ]
INFO: [ app_begin ] --START--
INFO: Run Behavior\ReadHtmlCacheBehavior [ RunTime:0.000390s ]
INFO: [ app_begin ] --END-- [ RunTime:0.000434s ]
INFO: [ action_begin ] --START--
INFO: Run \Admin\Behavior\CheckPermissionBehavior [ RunTime:0.000381s ]
INFO: [ action_begin ] --END-- [ RunTime:0.000426s ]
NOTIC: [2048] Declaration of Admin\Model\OrderInfoModel::getList() should be compatible with Admin\Model\BaseModel::getList($field = 'id,name,pa...') D:\www\shop\www.19890407.com\Application\Admin\Model\OrderInfoModel.class.php 第 8 行.
SQL: SHOW COLUMNS FROM `order_info` [ RunTime:0.0054s ]
SQL: UPDATE `order_info` SET `shipping_status`='2' WHERE `id` = 48 [ RunTime:0.0421s ]

[ 2016-05-30T10:44:21+08:00 ] 127.0.0.1 /OrderInfo/index.html
INFO: [ app_init ] --START--
INFO: Run Behavior\BuildLiteBehavior [ RunTime:0.000014s ]
INFO: [ app_init ] --END-- [ RunTime:0.000329s ]
INFO: [ app_begin ] --START--
INFO: Run Behavior\ReadHtmlCacheBehavior [ RunTime:0.000423s ]
INFO: [ app_begin ] --END-- [ RunTime:0.000473s ]
INFO: [ action_begin ] --START--
INFO: Run \Admin\Behavior\CheckPermissionBehavior [ RunTime:0.000433s ]
INFO: [ action_begin ] --END-- [ RunTime:0.000507s ]
NOTIC: [2048] Declaration of Admin\Model\OrderInfoModel::getList() should be compatible with Admin\Model\BaseModel::getList($field = 'id,name,pa...') D:\www\shop\www.19890407.com\Application\Admin\Model\OrderInfoModel.class.php 第 8 行.
SQL: SHOW COLUMNS FROM `order_info` [ RunTime:0.0056s ]
SQL: SELECT `id`,`sn`,`receiver`,`pay_status`,`order_status`,`shipping_status`,`inputtime` FROM `order_info` ORDER BY id  [ RunTime:0.0006s ]
SQL: SHOW COLUMNS FROM `order_info_item` [ RunTime:0.0040s ]
SQL: SELECT `order_info_id`,`price` FROM `order_info_item` WHERE ( order_info_id in (47,48) )  [ RunTime:0.0006s ]
NOTIC: [8] Undefined index: money D:\www\shop\www.19890407.com\Application\Admin\Model\OrderInfoModel.class.php 第 25 行.
NOTIC: [8] Undefined index: money D:\www\shop\www.19890407.com\Application\Admin\Model\OrderInfoModel.class.php 第 25 行.
INFO: [ view_parse ] --START--
INFO: [ template_filter ] --START--
INFO: Run Behavior\ContentReplaceBehavior [ RunTime:0.000199s ]
INFO: [ template_filter ] --END-- [ RunTime:0.000260s ]
NOTIC: [8] Undefined variable: meta_title D:\www\shop\www.19890407.com\Runtime\Cache\Admin\ac39c4b0b62e39a4e3c957202384d0b8.php 第 5 行.
NOTIC: [8] Undefined variable: meta_title D:\www\shop\www.19890407.com\Runtime\Cache\Admin\ac39c4b0b62e39a4e3c957202384d0b8.php 第 21 行.
NOTIC: [8] Undefined variable: order_sn D:\www\shop\www.19890407.com\Runtime\Cache\Admin\ac39c4b0b62e39a4e3c957202384d0b8.php 第 29 行.
NOTIC: [8] Undefined variable: receiver D:\www\shop\www.19890407.com\Runtime\Cache\Admin\ac39c4b0b62e39a4e3c957202384d0b8.php 第 30 行.
NOTIC: [8] Undefined variable: pay_status D:\www\shop\www.19890407.com\Runtime\Cache\Admin\ac39c4b0b62e39a4e3c957202384d0b8.php 第 34 行.
NOTIC: [8] Undefined variable: pay_status D:\www\shop\www.19890407.com\Runtime\Cache\Admin\ac39c4b0b62e39a4e3c957202384d0b8.php 第 35 行.
NOTIC: [8] Undefined variable: shipping_status D:\www\shop\www.19890407.com\Runtime\Cache\Admin\ac39c4b0b62e39a4e3c957202384d0b8.php 第 40 行.
NOTIC: [8] Undefined variable: shipping_status D:\www\shop\www.19890407.com\Runtime\Cache\Admin\ac39c4b0b62e39a4e3c957202384d0b8.php 第 41 行.
NOTIC: [8] Undefined variable: shipping_status D:\www\shop\www.19890407.com\Runtime\Cache\Admin\ac39c4b0b62e39a4e3c957202384d0b8.php 第 42 行.
NOTIC: [8] Undefined variable: order_status D:\www\shop\www.19890407.com\Runtime\Cache\Admin\ac39c4b0b62e39a4e3c957202384d0b8.php 第 47 行.
NOTIC: [8] Undefined variable: order_status D:\www\shop\www.19890407.com\Runtime\Cache\Admin\ac39c4b0b62e39a4e3c957202384d0b8.php 第 48 行.
NOTIC: [8] Undefined variable: order_status D:\www\shop\www.19890407.com\Runtime\Cache\Admin\ac39c4b0b62e39a4e3c957202384d0b8.php 第 49 行.
NOTIC: [8] Undefined variable: order_status D:\www\shop\www.19890407.com\Runtime\Cache\Admin\ac39c4b0b62e39a4e3c957202384d0b8.php 第 50 行.
NOTIC: [8] Undefined variable: pageHtml D:\www\shop\www.19890407.com\Runtime\Cache\Admin\ac39c4b0b62e39a4e3c957202384d0b8.php 第 95 行.
INFO: Run Behavior\ParseTemplateBehavior [ RunTime:0.012213s ]
INFO: [ view_parse ] --END-- [ RunTime:0.012280s ]
INFO: [ view_filter ] --START--
INFO: Run Behavior\WriteHtmlCacheBehavior [ RunTime:0.000254s ]
INFO: [ view_filter ] --END-- [ RunTime:0.000291s ]
INFO: [ app_end ] --START--
INFO: Run Behavior\ShowPageTraceBehavior [ RunTime:0.000391s ]
INFO: [ app_end ] --END-- [ RunTime:0.000428s ]

[ 2016-05-30T21:44:35+08:00 ] 127.0.0.1 /
INFO: [ app_init ] --START--
INFO: Run Behavior\BuildLiteBehavior [ RunTime:0.000040s ]
INFO: [ app_init ] --END-- [ RunTime:0.000741s ]
INFO: [ app_begin ] --START--
INFO: Run Behavior\ReadHtmlCacheBehavior [ RunTime:0.000900s ]
INFO: [ app_begin ] --END-- [ RunTime:0.001106s ]
INFO: [ action_begin ] --START--

[ 2016-05-30T21:44:35+08:00 ] 127.0.0.1 /favicon.ico
INFO: [ app_init ] --START--
INFO: Run Behavior\BuildLiteBehavior [ RunTime:0.000041s ]
INFO: [ app_init ] --END-- [ RunTime:0.000658s ]

[ 2016-05-30T21:44:36+08:00 ] 127.0.0.1 /Login/checkLogin.html
INFO: [ app_init ] --START--
INFO: Run Behavior\BuildLiteBehavior [ RunTime:0.000033s ]
INFO: [ app_init ] --END-- [ RunTime:0.000633s ]
INFO: [ app_begin ] --START--
INFO: Run Behavior\ReadHtmlCacheBehavior [ RunTime:0.000758s ]
INFO: [ app_begin ] --END-- [ RunTime:0.000953s ]
INFO: [ action_begin ] --START--
INFO: Run \Admin\Behavior\CheckPermissionBehavior [ RunTime:0.000693s ]
INFO: [ action_begin ] --END-- [ RunTime:0.000888s ]
INFO: [ view_parse ] --START--
INFO: [ template_filter ] --START--
INFO: Run Behavior\ContentReplaceBehavior [ RunTime:0.000157s ]
INFO: [ template_filter ] --END-- [ RunTime:0.000349s ]
INFO: Run Behavior\ParseTemplateBehavior [ RunTime:0.011573s ]
INFO: [ view_parse ] --END-- [ RunTime:0.011787s ]
INFO: [ view_filter ] --START--
INFO: Run Behavior\WriteHtmlCacheBehavior [ RunTime:0.000479s ]
INFO: [ view_filter ] --END-- [ RunTime:0.000666s ]
INFO: [ app_end ] --START--
INFO: Run Behavior\ShowPageTraceBehavior [ RunTime:0.000920s ]
INFO: [ app_end ] --END-- [ RunTime:0.001104s ]

[ 2016-05-30T21:44:36+08:00 ] 127.0.0.1 /Verify/index.html
INFO: [ app_init ] --START--
INFO: Run Behavior\BuildLiteBehavior [ RunTime:0.000040s ]
INFO: [ app_init ] --END-- [ RunTime:0.000625s ]
INFO: [ app_begin ] --START--
INFO: Run Behavior\ReadHtmlCacheBehavior [ RunTime:0.000783s ]
INFO: [ app_begin ] --END-- [ RunTime:0.000991s ]
INFO: [ action_begin ] --START--
INFO: Run \Admin\Behavior\CheckPermissionBehavior [ RunTime:0.000765s ]
INFO: [ action_begin ] --END-- [ RunTime:0.000991s ]
INFO: [ app_end ] --START--
INFO: Run Behavior\ShowPageTraceBehavior [ RunTime:0.000971s ]
INFO: [ app_end ] --END-- [ RunTime:0.001249s ]

[ 2016-05-30T21:44:50+08:00 ] 127.0.0.1 /Login/checkLogin.html
INFO: [ app_init ] --START--
INFO: Run Behavior\BuildLiteBehavior [ RunTime:0.000042s ]
INFO: [ app_init ] --END-- [ RunTime:0.000706s ]
INFO: [ app_begin ] --START--
INFO: Run Behavior\ReadHtmlCacheBehavior [ RunTime:0.000884s ]
INFO: [ app_begin ] --END-- [ RunTime:0.001097s ]
INFO: [ action_begin ] --START--
INFO: Run \Admin\Behavior\CheckPermissionBehavior [ RunTime:0.001088s ]
INFO: [ action_begin ] --END-- [ RunTime:0.001289s ]
NOTIC: [2048] Declaration of Admin\Model\AdminModel::add() should be compatible with that of Think\Model::add() D:\wamp\WAMP\www\shop\www.19890407.com\Application\Admin\Model\AdminModel.class.php 第 7 行.
NOTIC: [2048] Declaration of Admin\Model\AdminModel::save() should be compatible with that of Think\Model::save() D:\wamp\WAMP\www\shop\www.19890407.com\Application\Admin\Model\AdminModel.class.php 第 7 行.
SQL: SHOW COLUMNS FROM `admin` [ RunTime:0.0035s ]
SQL: SELECT * FROM `admin` WHERE `username` = 'root' LIMIT 1   [ RunTime:0.0006s ]
SQL: select  distinct  id,url from permission  where id in
        (select  distinct rp.permission_id from  admin_role as ar  join role_permission as rp on ar.role_id = rp.role_id  where ar.admin_id = 5) [ RunTime:0.0009s ]
INFO: [ view_parse ] --START--
INFO: [ template_filter ] --START--
INFO: Run Behavior\ContentReplaceBehavior [ RunTime:0.000172s ]
INFO: [ template_filter ] --END-- [ RunTime:0.000383s ]
INFO: Run Behavior\ParseTemplateBehavior [ RunTime:0.011156s ]
INFO: [ view_parse ] --END-- [ RunTime:0.011391s ]
INFO: [ view_filter ] --START--
INFO: Run Behavior\WriteHtmlCacheBehavior [ RunTime:0.000438s ]
INFO: [ view_filter ] --END-- [ RunTime:0.000630s ]
INFO: [ app_end ] --START--
INFO: Run Behavior\ShowPageTraceBehavior [ RunTime:0.000752s ]
INFO: [ app_end ] --END-- [ RunTime:0.000931s ]

[ 2016-05-30T21:44:51+08:00 ] 127.0.0.1 /Index/index.html
INFO: [ app_init ] --START--
INFO: Run Behavior\BuildLiteBehavior [ RunTime:0.000046s ]
INFO: [ app_init ] --END-- [ RunTime:0.000739s ]
INFO: [ app_begin ] --START--
INFO: Run Behavior\ReadHtmlCacheBehavior [ RunTime:0.000752s ]
INFO: [ app_begin ] --END-- [ RunTime:0.000962s ]
INFO: [ action_begin ] --START--
INFO: Run \Admin\Behavior\CheckPermissionBehavior [ RunTime:0.000821s ]
INFO: [ action_begin ] --END-- [ RunTime:0.001018s ]
INFO: [ view_parse ] --START--
INFO: [ template_filter ] --START--
INFO: Run Behavior\ContentReplaceBehavior [ RunTime:0.000132s ]
INFO: [ template_filter ] --END-- [ RunTime:0.000304s ]
INFO: Run Behavior\ParseTemplateBehavior [ RunTime:0.010735s ]
INFO: [ view_parse ] --END-- [ RunTime:0.010944s ]
INFO: [ view_filter ] --START--
INFO: Run Behavior\WriteHtmlCacheBehavior [ RunTime:0.000351s ]
INFO: [ view_filter ] --END-- [ RunTime:0.000549s ]
INFO: [ app_end ] --START--
INFO: Run Behavior\ShowPageTraceBehavior [ RunTime:0.000786s ]
INFO: [ app_end ] --END-- [ RunTime:0.000978s ]

[ 2016-05-30T21:44:51+08:00 ] 127.0.0.1 /Index/top.html
INFO: [ app_init ] --START--
INFO: Run Behavior\BuildLiteBehavior [ RunTime:0.000043s ]
INFO: [ app_init ] --END-- [ RunTime:0.000702s ]
INFO: [ app_begin ] --START--
INFO: Run Behavior\ReadHtmlCacheBehavior [ RunTime:0.001174s ]
INFO: [ app_begin ] --END-- [ RunTime:0.001454s ]
INFO: [ action_begin ] --START--
INFO: Run \Admin\Behavior\CheckPermissionBehavior [ RunTime:0.001046s ]
INFO: [ action_begin ] --END-- [ RunTime:0.001307s ]
INFO: [ view_parse ] --START--
INFO: [ template_filter ] --START--
INFO: Run Behavior\ContentReplaceBehavior [ RunTime:0.000215s ]
INFO: [ template_filter ] --END-- [ RunTime:0.000423s ]
INFO: Run Behavior\ParseTemplateBehavior [ RunTime:0.012684s ]
INFO: [ view_parse ] --END-- [ RunTime:0.012897s ]
INFO: [ view_filter ] --START--
INFO: Run Behavior\WriteHtmlCacheBehavior [ RunTime:0.000287s ]
INFO: [ view_filter ] --END-- [ RunTime:0.000481s ]
INFO: [ app_end ] --START--
INFO: Run Behavior\ShowPageTraceBehavior [ RunTime:0.000818s ]
INFO: [ app_end ] --END-- [ RunTime:0.001015s ]

[ 2016-05-30T21:44:51+08:00 ] 127.0.0.1 /Index/menu.html
INFO: [ app_init ] --START--
INFO: Run Behavior\BuildLiteBehavior [ RunTime:0.000049s ]
INFO: [ app_init ] --END-- [ RunTime:0.000871s ]
INFO: [ app_begin ] --START--
INFO: Run Behavior\ReadHtmlCacheBehavior [ RunTime:0.001165s ]
INFO: [ app_begin ] --END-- [ RunTime:0.001414s ]
INFO: [ action_begin ] --START--
INFO: Run \Admin\Behavior\CheckPermissionBehavior [ RunTime:0.002009s ]
INFO: [ action_begin ] --END-- [ RunTime:0.002404s ]
SQL: select id,`name`,`url`,`parent_id`,`level` from permission where  status=1 [ RunTime:0.0005s ]
INFO: [ view_parse ] --START--
INFO: [ template_filter ] --START--
INFO: Run Behavior\ContentReplaceBehavior [ RunTime:0.000362s ]
INFO: [ template_filter ] --END-- [ RunTime:0.000575s ]
INFO: Run Behavior\ParseTemplateBehavior [ RunTime:0.026557s ]
INFO: [ view_parse ] --END-- [ RunTime:0.026762s ]
INFO: [ view_filter ] --START--
INFO: Run Behavior\WriteHtmlCacheBehavior [ RunTime:0.000464s ]
INFO: [ view_filter ] --END-- [ RunTime:0.000657s ]
INFO: [ app_end ] --START--
INFO: Run Behavior\ShowPageTraceBehavior [ RunTime:0.000859s ]
INFO: [ app_end ] --END-- [ RunTime:0.001056s ]

[ 2016-05-30T21:44:51+08:00 ] 127.0.0.1 /Index/main.html
INFO: [ app_init ] --START--
INFO: Run Behavior\BuildLiteBehavior [ RunTime:0.000048s ]
INFO: [ app_init ] --END-- [ RunTime:0.000859s ]
INFO: [ app_begin ] --START--
INFO: Run Behavior\ReadHtmlCacheBehavior [ RunTime:0.000917s ]
INFO: [ app_begin ] --END-- [ RunTime:0.001117s ]
INFO: [ action_begin ] --START--
INFO: Run \Admin\Behavior\CheckPermissionBehavior [ RunTime:0.002057s ]
INFO: [ action_begin ] --END-- [ RunTime:0.002479s ]
INFO: [ view_parse ] --START--
INFO: [ template_filter ] --START--
INFO: Run Behavior\ContentReplaceBehavior [ RunTime:0.000256s ]
INFO: [ template_filter ] --END-- [ RunTime:0.000559s ]
INFO: Run Behavior\ParseTemplateBehavior [ RunTime:0.017067s ]
INFO: [ view_parse ] --END-- [ RunTime:0.017337s ]
INFO: [ view_filter ] --START--
INFO: Run Behavior\WriteHtmlCacheBehavior [ RunTime:0.000616s ]
INFO: [ view_filter ] --END-- [ RunTime:0.000873s ]
INFO: [ app_end ] --START--
INFO: Run Behavior\ShowPageTraceBehavior [ RunTime:0.001061s ]
INFO: [ app_end ] --END-- [ RunTime:0.001277s ]

[ 2016-05-30T22:07:43+08:00 ] 127.0.0.1 /Index/index.html
INFO: [ app_init ] --START--
INFO: Run Behavior\BuildLiteBehavior [ RunTime:0.000040s ]
INFO: [ app_init ] --END-- [ RunTime:0.000662s ]
INFO: [ app_begin ] --START--
INFO: Run Behavior\ReadHtmlCacheBehavior [ RunTime:0.000782s ]
INFO: [ app_begin ] --END-- [ RunTime:0.000990s ]
INFO: [ action_begin ] --START--
INFO: Run \Admin\Behavior\CheckPermissionBehavior [ RunTime:0.001009s ]
INFO: [ action_begin ] --END-- [ RunTime:0.001220s ]
INFO: [ view_parse ] --START--
INFO: [ template_filter ] --START--
INFO: Run Behavior\ContentReplaceBehavior [ RunTime:0.000168s ]
INFO: [ template_filter ] --END-- [ RunTime:0.000403s ]
INFO: Run Behavior\ParseTemplateBehavior [ RunTime:0.012433s ]
INFO: [ view_parse ] --END-- [ RunTime:0.012664s ]
INFO: [ view_filter ] --START--
INFO: Run Behavior\WriteHtmlCacheBehavior [ RunTime:0.000398s ]
INFO: [ view_filter ] --END-- [ RunTime:0.000653s ]
INFO: [ app_end ] --START--
INFO: Run Behavior\ShowPageTraceBehavior [ RunTime:0.000848s ]
INFO: [ app_end ] --END-- [ RunTime:0.001021s ]

[ 2016-05-30T22:07:43+08:00 ] 127.0.0.1 /Index/top.html
INFO: [ app_init ] --START--
INFO: Run Behavior\BuildLiteBehavior [ RunTime:0.000041s ]
INFO: [ app_init ] --END-- [ RunTime:0.000731s ]
INFO: [ app_begin ] --START--
INFO: Run Behavior\ReadHtmlCacheBehavior [ RunTime:0.000978s ]
INFO: [ app_begin ] --END-- [ RunTime:0.001213s ]
INFO: [ action_begin ] --START--
INFO: Run \Admin\Behavior\CheckPermissionBehavior [ RunTime:0.000874s ]
INFO: [ action_begin ] --END-- [ RunTime:0.001119s ]
INFO: [ view_parse ] --START--
INFO: [ template_filter ] --START--
INFO: Run Behavior\ContentReplaceBehavior [ RunTime:0.000260s ]
INFO: [ template_filter ] --END-- [ RunTime:0.000579s ]
INFO: Run Behavior\ParseTemplateBehavior [ RunTime:0.013672s ]
INFO: [ view_parse ] --END-- [ RunTime:0.013922s ]
INFO: [ view_filter ] --START--
INFO: Run Behavior\WriteHtmlCacheBehavior [ RunTime:0.000372s ]
INFO: [ view_filter ] --END-- [ RunTime:0.000585s ]
INFO: [ app_end ] --START--
INFO: Run Behavior\ShowPageTraceBehavior [ RunTime:0.000791s ]
INFO: [ app_end ] --END-- [ RunTime:0.000974s ]

[ 2016-05-30T22:07:43+08:00 ] 127.0.0.1 /Index/menu.html
INFO: [ app_init ] --START--
INFO: Run Behavior\BuildLiteBehavior [ RunTime:0.000056s ]
INFO: [ app_init ] --END-- [ RunTime:0.000877s ]
INFO: [ app_begin ] --START--
INFO: Run Behavior\ReadHtmlCacheBehavior [ RunTime:0.001066s ]
INFO: [ app_begin ] --END-- [ RunTime:0.001361s ]
INFO: [ action_begin ] --START--
INFO: Run \Admin\Behavior\CheckPermissionBehavior [ RunTime:0.001303s ]
INFO: [ action_begin ] --END-- [ RunTime:0.002210s ]
SQL: select id,`name`,`url`,`parent_id`,`level` from permission where  status=1 [ RunTime:0.0009s ]
INFO: [ view_parse ] --START--
INFO: [ template_filter ] --START--
INFO: Run Behavior\ContentReplaceBehavior [ RunTime:0.000428s ]
INFO: [ template_filter ] --END-- [ RunTime:0.000662s ]
INFO: Run Behavior\ParseTemplateBehavior [ RunTime:0.026479s ]
INFO: [ view_parse ] --END-- [ RunTime:0.026700s ]
INFO: [ view_filter ] --START--
INFO: Run Behavior\WriteHtmlCacheBehavior [ RunTime:0.000392s ]
INFO: [ view_filter ] --END-- [ RunTime:0.000596s ]
INFO: [ app_end ] --START--
INFO: Run Behavior\ShowPageTraceBehavior [ RunTime:0.000787s ]
INFO: [ app_end ] --END-- [ RunTime:0.000988s ]

[ 2016-05-30T22:07:43+08:00 ] 127.0.0.1 /Index/main.html
INFO: [ app_init ] --START--
INFO: Run Behavior\BuildLiteBehavior [ RunTime:0.000048s ]
INFO: [ app_init ] --END-- [ RunTime:0.000887s ]
INFO: [ app_begin ] --START--
INFO: Run Behavior\ReadHtmlCacheBehavior [ RunTime:0.001084s ]
INFO: [ app_begin ] --END-- [ RunTime:0.001365s ]
INFO: [ action_begin ] --START--
INFO: Run \Admin\Behavior\CheckPermissionBehavior [ RunTime:0.004686s ]
INFO: [ action_begin ] --END-- [ RunTime:0.005025s ]
INFO: [ view_parse ] --START--
INFO: [ template_filter ] --START--
INFO: Run Behavior\ContentReplaceBehavior [ RunTime:0.000273s ]
INFO: [ template_filter ] --END-- [ RunTime:0.000614s ]
INFO: Run Behavior\ParseTemplateBehavior [ RunTime:0.017333s ]
INFO: [ view_parse ] --END-- [ RunTime:0.017668s ]
INFO: [ view_filter ] --START--
INFO: Run Behavior\WriteHtmlCacheBehavior [ RunTime:0.000769s ]
INFO: [ view_filter ] --END-- [ RunTime:0.001084s ]
INFO: [ app_end ] --START--
INFO: Run Behavior\ShowPageTraceBehavior [ RunTime:0.001422s ]
INFO: [ app_end ] --END-- [ RunTime:0.001726s ]

[ 2016-05-30T22:07:44+08:00 ] 127.0.0.1 /OrderInfo/index.html
INFO: [ app_init ] --START--
INFO: Run Behavior\BuildLiteBehavior [ RunTime:0.000065s ]
INFO: [ app_init ] --END-- [ RunTime:0.001100s ]
INFO: [ app_begin ] --START--
INFO: Run Behavior\ReadHtmlCacheBehavior [ RunTime:0.001200s ]
INFO: [ app_begin ] --END-- [ RunTime:0.001568s ]
INFO: [ action_begin ] --START--
INFO: Run \Admin\Behavior\CheckPermissionBehavior [ RunTime:0.000828s ]
INFO: [ action_begin ] --END-- [ RunTime:0.001041s ]
NOTIC: [2048] Declaration of Admin\Model\OrderInfoModel::getList() should be compatible with that of Admin\Model\BaseModel::getList() D:\wamp\WAMP\www\shop\www.19890407.com\Application\Admin\Model\OrderInfoModel.class.php 第 8 行.
SQL: SHOW COLUMNS FROM `order_info` [ RunTime:0.0045s ]
SQL: SELECT `id`,`sn`,`receiver`,`pay_status`,`order_status`,`shipping_status`,`inputtime` FROM `order_info` ORDER BY id  [ RunTime:0.0004s ]
SQL: SHOW COLUMNS FROM `order_info_item` [ RunTime:0.0036s ]
SQL: SELECT `order_info_id`,`price` FROM `order_info_item` WHERE ( order_info_id in (46,47,48) )  [ RunTime:0.0004s ]
NOTIC: [8] Undefined index: money D:\wamp\WAMP\www\shop\www.19890407.com\Application\Admin\Model\OrderInfoModel.class.php 第 25 行.
NOTIC: [8] Undefined index: money D:\wamp\WAMP\www\shop\www.19890407.com\Application\Admin\Model\OrderInfoModel.class.php 第 25 行.
NOTIC: [8] Undefined index: money D:\wamp\WAMP\www\shop\www.19890407.com\Application\Admin\Model\OrderInfoModel.class.php 第 25 行.
INFO: [ view_parse ] --START--
INFO: [ template_filter ] --START--
INFO: Run Behavior\ContentReplaceBehavior [ RunTime:0.000323s ]
INFO: [ template_filter ] --END-- [ RunTime:0.000603s ]
NOTIC: [8] Undefined variable: meta_title D:\wamp\WAMP\www\shop\www.19890407.com\Runtime\Cache\Admin\941f73ad7c648e4b8b63762ccd9bf14f.php 第 5 行.
NOTIC: [8] Undefined variable: meta_title D:\wamp\WAMP\www\shop\www.19890407.com\Runtime\Cache\Admin\941f73ad7c648e4b8b63762ccd9bf14f.php 第 21 行.
NOTIC: [8] Undefined variable: order_sn D:\wamp\WAMP\www\shop\www.19890407.com\Runtime\Cache\Admin\941f73ad7c648e4b8b63762ccd9bf14f.php 第 29 行.
NOTIC: [8] Undefined variable: receiver D:\wamp\WAMP\www\shop\www.19890407.com\Runtime\Cache\Admin\941f73ad7c648e4b8b63762ccd9bf14f.php 第 30 行.
NOTIC: [8] Undefined variable: pay_status D:\wamp\WAMP\www\shop\www.19890407.com\Runtime\Cache\Admin\941f73ad7c648e4b8b63762ccd9bf14f.php 第 34 行.
NOTIC: [8] Undefined variable: pay_status D:\wamp\WAMP\www\shop\www.19890407.com\Runtime\Cache\Admin\941f73ad7c648e4b8b63762ccd9bf14f.php 第 35 行.
NOTIC: [8] Undefined variable: shipping_status D:\wamp\WAMP\www\shop\www.19890407.com\Runtime\Cache\Admin\941f73ad7c648e4b8b63762ccd9bf14f.php 第 40 行.
NOTIC: [8] Undefined variable: shipping_status D:\wamp\WAMP\www\shop\www.19890407.com\Runtime\Cache\Admin\941f73ad7c648e4b8b63762ccd9bf14f.php 第 41 行.
NOTIC: [8] Undefined variable: shipping_status D:\wamp\WAMP\www\shop\www.19890407.com\Runtime\Cache\Admin\941f73ad7c648e4b8b63762ccd9bf14f.php 第 42 行.
NOTIC: [8] Undefined variable: order_status D:\wamp\WAMP\www\shop\www.19890407.com\Runtime\Cache\Admin\941f73ad7c648e4b8b63762ccd9bf14f.php 第 47 行.
NOTIC: [8] Undefined variable: order_status D:\wamp\WAMP\www\shop\www.19890407.com\Runtime\Cache\Admin\941f73ad7c648e4b8b63762ccd9bf14f.php 第 48 行.
NOTIC: [8] Undefined variable: order_status D:\wamp\WAMP\www\shop\www.19890407.com\Runtime\Cache\Admin\941f73ad7c648e4b8b63762ccd9bf14f.php 第 49 行.
NOTIC: [8] Undefined variable: order_status D:\wamp\WAMP\www\shop\www.19890407.com\Runtime\Cache\Admin\941f73ad7c648e4b8b63762ccd9bf14f.php 第 50 行.
NOTIC: [8] Undefined variable: pageHtml D:\wamp\WAMP\www\shop\www.19890407.com\Runtime\Cache\Admin\941f73ad7c648e4b8b63762ccd9bf14f.php 第 95 行.
INFO: Run Behavior\ParseTemplateBehavior [ RunTime:0.030667s ]
INFO: [ view_parse ] --END-- [ RunTime:0.030894s ]
INFO: [ view_filter ] --START--
INFO: Run Behavior\WriteHtmlCacheBehavior [ RunTime:0.000543s ]
INFO: [ view_filter ] --END-- [ RunTime:0.000733s ]
INFO: [ app_end ] --START--
INFO: Run Behavior\ShowPageTraceBehavior [ RunTime:0.000825s ]
INFO: [ app_end ] --END-- [ RunTime:0.001012s ]

[ 2016-05-30T22:07:49+08:00 ] 127.0.0.1 /OrderInfo/edit/id/46.html
INFO: [ app_init ] --START--
INFO: Run Behavior\BuildLiteBehavior [ RunTime:0.000065s ]
INFO: [ app_init ] --END-- [ RunTime:0.001062s ]
INFO: [ app_begin ] --START--
INFO: Run Behavior\ReadHtmlCacheBehavior [ RunTime:0.001294s ]
INFO: [ app_begin ] --END-- [ RunTime:0.001642s ]
INFO: [ action_begin ] --START--
INFO: Run \Admin\Behavior\CheckPermissionBehavior [ RunTime:0.001627s ]
INFO: [ action_begin ] --END-- [ RunTime:0.001972s ]
NOTIC: [2048] Declaration of Admin\Model\OrderInfoModel::getList() should be compatible with that of Admin\Model\BaseModel::getList() D:\wamp\WAMP\www\shop\www.19890407.com\Application\Admin\Model\OrderInfoModel.class.php 第 8 行.
SQL: SHOW COLUMNS FROM `order_info` [ RunTime:0.0046s ]
SQL: SELECT oi.*,m.username FROM order_info oi INNER JOIN member as m on m.id=oi.member_id  WHERE oi.id = '46' LIMIT 1   [ RunTime:0.0011s ]
SQL: SHOW COLUMNS FROM `order_info_item` [ RunTime:0.0047s ]
SQL: SELECT oii.order_info_id,oii.goods_id,oii.name,oii.shop_price,oii.num,oii.price,oii.logo,g.stock FROM order_info_item oii INNER JOIN goods AS g ON  oii.goods_id=g.id  WHERE ( oii.order_info_id = 46 )  [ RunTime:0.0006s ]
INFO: [ view_parse ] --START--
INFO: [ template_filter ] --START--
INFO: Run Behavior\ContentReplaceBehavior [ RunTime:0.000352s ]
INFO: [ template_filter ] --END-- [ RunTime:0.000572s ]
INFO: Run Behavior\ParseTemplateBehavior [ RunTime:0.025856s ]
INFO: [ view_parse ] --END-- [ RunTime:0.026062s ]
INFO: [ view_filter ] --START--
INFO: Run Behavior\WriteHtmlCacheBehavior [ RunTime:0.000420s ]
INFO: [ view_filter ] --END-- [ RunTime:0.000658s ]
INFO: [ app_end ] --START--
INFO: Run Behavior\ShowPageTraceBehavior [ RunTime:0.001945s ]
INFO: [ app_end ] --END-- [ RunTime:0.002274s ]

[ 2016-05-30T22:07:54+08:00 ] 127.0.0.1 /OrderInfo/change.html
INFO: [ app_init ] --START--
INFO: Run Behavior\BuildLiteBehavior [ RunTime:0.000041s ]
INFO: [ app_init ] --END-- [ RunTime:0.000682s ]
INFO: [ app_begin ] --START--
INFO: Run Behavior\ReadHtmlCacheBehavior [ RunTime:0.000736s ]
INFO: [ app_begin ] --END-- [ RunTime:0.000909s ]
INFO: [ action_begin ] --START--
INFO: Run \Admin\Behavior\CheckPermissionBehavior [ RunTime:0.000791s ]
INFO: [ action_begin ] --END-- [ RunTime:0.000982s ]
NOTIC: [2048] Declaration of Admin\Model\OrderInfoModel::getList() should be compatible with that of Admin\Model\BaseModel::getList() D:\wamp\WAMP\www\shop\www.19890407.com\Application\Admin\Model\OrderInfoModel.class.php 第 8 行.
SQL: SHOW COLUMNS FROM `order_info` [ RunTime:0.0050s ]
SQL: UPDATE `order_info` SET `shipping_status`='2' WHERE `id` = 46 [ RunTime:0.1997s ]

[ 2016-05-30T22:07:55+08:00 ] 127.0.0.1 /OrderInfo/index.html
INFO: [ app_init ] --START--
INFO: Run Behavior\BuildLiteBehavior [ RunTime:0.000058s ]
INFO: [ app_init ] --END-- [ RunTime:0.001107s ]
INFO: [ app_begin ] --START--
INFO: Run Behavior\ReadHtmlCacheBehavior [ RunTime:0.001112s ]
INFO: [ app_begin ] --END-- [ RunTime:0.001412s ]
INFO: [ action_begin ] --START--
INFO: Run \Admin\Behavior\CheckPermissionBehavior [ RunTime:0.001197s ]
INFO: [ action_begin ] --END-- [ RunTime:0.001506s ]
NOTIC: [2048] Declaration of Admin\Model\OrderInfoModel::getList() should be compatible with that of Admin\Model\BaseModel::getList() D:\wamp\WAMP\www\shop\www.19890407.com\Application\Admin\Model\OrderInfoModel.class.php 第 8 行.
SQL: SHOW COLUMNS FROM `order_info` [ RunTime:0.0043s ]
SQL: SELECT `id`,`sn`,`receiver`,`pay_status`,`order_status`,`shipping_status`,`inputtime` FROM `order_info` ORDER BY id  [ RunTime:0.0005s ]
SQL: SHOW COLUMNS FROM `order_info_item` [ RunTime:0.0039s ]
SQL: SELECT `order_info_id`,`price` FROM `order_info_item` WHERE ( order_info_id in (46,47,48) )  [ RunTime:0.0005s ]
NOTIC: [8] Undefined index: money D:\wamp\WAMP\www\shop\www.19890407.com\Application\Admin\Model\OrderInfoModel.class.php 第 25 行.
NOTIC: [8] Undefined index: money D:\wamp\WAMP\www\shop\www.19890407.com\Application\Admin\Model\OrderInfoModel.class.php 第 25 行.
NOTIC: [8] Undefined index: money D:\wamp\WAMP\www\shop\www.19890407.com\Application\Admin\Model\OrderInfoModel.class.php 第 25 行.
INFO: [ view_parse ] --START--
INFO: [ template_filter ] --START--
INFO: Run Behavior\ContentReplaceBehavior [ RunTime:0.000307s ]
INFO: [ template_filter ] --END-- [ RunTime:0.000545s ]
NOTIC: [8] Undefined variable: meta_title D:\wamp\WAMP\www\shop\www.19890407.com\Runtime\Cache\Admin\941f73ad7c648e4b8b63762ccd9bf14f.php 第 5 行.
NOTIC: [8] Undefined variable: meta_title D:\wamp\WAMP\www\shop\www.19890407.com\Runtime\Cache\Admin\941f73ad7c648e4b8b63762ccd9bf14f.php 第 21 行.
NOTIC: [8] Undefined variable: order_sn D:\wamp\WAMP\www\shop\www.19890407.com\Runtime\Cache\Admin\941f73ad7c648e4b8b63762ccd9bf14f.php 第 29 行.
NOTIC: [8] Undefined variable: receiver D:\wamp\WAMP\www\shop\www.19890407.com\Runtime\Cache\Admin\941f73ad7c648e4b8b63762ccd9bf14f.php 第 30 行.
NOTIC: [8] Undefined variable: pay_status D:\wamp\WAMP\www\shop\www.19890407.com\Runtime\Cache\Admin\941f73ad7c648e4b8b63762ccd9bf14f.php 第 34 行.
NOTIC: [8] Undefined variable: pay_status D:\wamp\WAMP\www\shop\www.19890407.com\Runtime\Cache\Admin\941f73ad7c648e4b8b63762ccd9bf14f.php 第 35 行.
NOTIC: [8] Undefined variable: shipping_status D:\wamp\WAMP\www\shop\www.19890407.com\Runtime\Cache\Admin\941f73ad7c648e4b8b63762ccd9bf14f.php 第 40 行.
NOTIC: [8] Undefined variable: shipping_status D:\wamp\WAMP\www\shop\www.19890407.com\Runtime\Cache\Admin\941f73ad7c648e4b8b63762ccd9bf14f.php 第 41 行.
NOTIC: [8] Undefined variable: shipping_status D:\wamp\WAMP\www\shop\www.19890407.com\Runtime\Cache\Admin\941f73ad7c648e4b8b63762ccd9bf14f.php 第 42 行.
NOTIC: [8] Undefined variable: order_status D:\wamp\WAMP\www\shop\www.19890407.com\Runtime\Cache\Admin\941f73ad7c648e4b8b63762ccd9bf14f.php 第 47 行.
NOTIC: [8] Undefined variable: order_status D:\wamp\WAMP\www\shop\www.19890407.com\Runtime\Cache\Admin\941f73ad7c648e4b8b63762ccd9bf14f.php 第 48 行.
NOTIC: [8] Undefined variable: order_status D:\wamp\WAMP\www\shop\www.19890407.com\Runtime\Cache\Admin\941f73ad7c648e4b8b63762ccd9bf14f.php 第 49 行.
NOTIC: [8] Undefined variable: order_status D:\wamp\WAMP\www\shop\www.19890407.com\Runtime\Cache\Admin\941f73ad7c648e4b8b63762ccd9bf14f.php 第 50 行.
NOTIC: [8] Undefined variable: pageHtml D:\wamp\WAMP\www\shop\www.19890407.com\Runtime\Cache\Admin\941f73ad7c648e4b8b63762ccd9bf14f.php 第 95 行.
INFO: Run Behavior\ParseTemplateBehavior [ RunTime:0.029873s ]
INFO: [ view_parse ] --END-- [ RunTime:0.030053s ]
INFO: [ view_filter ] --START--
INFO: Run Behavior\WriteHtmlCacheBehavior [ RunTime:0.000358s ]
INFO: [ view_filter ] --END-- [ RunTime:0.000557s ]
INFO: [ app_end ] --START--
INFO: Run Behavior\ShowPageTraceBehavior [ RunTime:0.000822s ]
INFO: [ app_end ] --END-- [ RunTime:0.001008s ]

